[ 2017-07-15T18:49:05+08:00 ] 218.88.126.4 /index.php/Home
INFO: [ app_init ] --START--
INFO: Run Behavior\BuildLiteBehavior [ RunTime:0.000016s ]
INFO: [ app_init ] --END-- [ RunTime:0.000120s ]
INFO: [ app_begin ] --START--
INFO: Run Behavior\ReadHtmlCacheBehavior [ RunTime:0.000108s ]
INFO: [ app_begin ] --END-- [ RunTime:0.000159s ]
ERR: 非法操作:index

[ 2017-07-15T18:49:16+08:00 ] 218.88.126.4 /index.php/Home/index/api
INFO: [ app_init ] --START--
INFO: Run Behavior\BuildLiteBehavior [ RunTime:0.000019s ]
INFO: [ app_init ] --END-- [ RunTime:0.000131s ]
INFO: [ app_begin ] --START--
INFO: Run Behavior\ReadHtmlCacheBehavior [ RunTime:0.000099s ]
INFO: [ app_begin ] --END-- [ RunTime:0.000148s ]
ERR: 非法操作:api

[ 2017-07-15T18:49:27+08:00 ] 119.4.255.39 /index.php/Home//Api/getUserInfo
INFO: [ app_init ] --START--
INFO: Run Behavior\BuildLiteBehavior [ RunTime:0.000015s ]
INFO: [ app_init ] --END-- [ RunTime:0.000099s ]
INFO: [ app_begin ] --START--
INFO: Run Behavior\ReadHtmlCacheBehavior [ RunTime:0.000083s ]
INFO: [ app_begin ] --END-- [ RunTime:0.000138s ]

[ 2017-07-15T18:49:28+08:00 ] 119.4.255.39 /index.php/Home//Index/checkUserInfo
INFO: [ app_init ] --START--
INFO: Run Behavior\BuildLiteBehavior [ RunTime:0.000016s ]
INFO: [ app_init ] --END-- [ RunTime:0.000095s ]
INFO: [ app_begin ] --START--
INFO: Run Behavior\ReadHtmlCacheBehavior [ RunTime:0.000081s ]
INFO: [ app_begin ] --END-- [ RunTime:0.000127s ]
SQL: SHOW COLUMNS FROM `longhai_member` [ RunTime:0.0008s ]
SQL: SELECT * FROM `longhai_member` WHERE `m_openid` = 'o-9r-0OAA1_kLq82enFBlqx1KPdQ' LIMIT 1   [ RunTime:0.0004s ]
SQL: INSERT INTO `longhai_member` (`m_openid`,`m_addtime`) VALUES ('o-9r-0OAA1_kLq82enFBlqx1KPdQ','1500115768') [ RunTime:0.0003s ]

[ 2017-07-15T18:49:28+08:00 ] 119.4.255.39 /index.php/Home//Api/updateUserInfo
INFO: [ app_init ] --START--
INFO: Run Behavior\BuildLiteBehavior [ RunTime:0.000020s ]
INFO: [ app_init ] --END-- [ RunTime:0.000101s ]
INFO: [ app_begin ] --START--
INFO: Run Behavior\ReadHtmlCacheBehavior [ RunTime:0.000082s ]
INFO: [ app_begin ] --END-- [ RunTime:0.000129s ]
SQL: SHOW COLUMNS FROM `longhai_member` [ RunTime:0.0008s ]
SQL: UPDATE `longhai_member` SET `m_nickname`='Awen',`m_avatarurl`='https://wx.qlogo.cn/mmopen/vi_32/DYAIOgq83eokHNcRJTzwJBKjUCBRvqtBtaH1d7J2k8jsiaD7BRiaeicXSicLLvKMdUElI0kdJ7iaM9ajiaZaE9ny4Xfg/0' WHERE `m_id` = 3 [ RunTime:0.0003s ]

[ 2017-07-15T18:49:30+08:00 ] 119.4.255.39 /index.php/Home//Api/getUserInfo
INFO: [ app_init ] --START--
INFO: Run Behavior\BuildLiteBehavior [ RunTime:0.000014s ]
INFO: [ app_init ] --END-- [ RunTime:0.000091s ]
INFO: [ app_begin ] --START--
INFO: Run Behavior\ReadHtmlCacheBehavior [ RunTime:0.000111s ]
INFO: [ app_begin ] --END-- [ RunTime:0.000173s ]
SQL: SHOW COLUMNS FROM `longhai_member` [ RunTime:0.0008s ]
SQL: SELECT * FROM `longhai_member` WHERE `m_id` = 1 LIMIT 1   [ RunTime:0.0003s ]
SQL: SELECT * FROM `longhai_member` WHERE `m_id` = 3 LIMIT 1   [ RunTime:0.0003s ]

[ 2017-07-15T18:49:37+08:00 ] 119.4.255.39 /index.php/Home//Index/getIndex
INFO: [ app_init ] --START--
INFO: Run Behavior\BuildLiteBehavior [ RunTime:0.000018s ]
INFO: [ app_init ] --END-- [ RunTime:0.000156s ]
INFO: [ app_begin ] --START--
INFO: Run Behavior\ReadHtmlCacheBehavior [ RunTime:0.000081s ]
INFO: [ app_begin ] --END-- [ RunTime:0.000128s ]
SQL: SHOW COLUMNS FROM `longhai_lecturer` [ RunTime:0.0007s ]
SQL: SELECT * FROM `longhai_lecturer` WHERE `l_del` = 0 ORDER BY l_id desc LIMIT 10   [ RunTime:0.0003s ]
SQL: SHOW COLUMNS FROM `longhai_video` [ RunTime:0.0006s ]
SQL: SELECT * FROM `longhai_video` WHERE `v_del` = 0 ORDER BY v_id desc LIMIT 10   [ RunTime:0.0003s ]

[ 2017-07-15T18:49:37+08:00 ] 119.4.255.39 /index.php/Home//Index/checkUserInfo
INFO: [ app_init ] --START--
INFO: Run Behavior\BuildLiteBehavior [ RunTime:0.000016s ]
INFO: [ app_init ] --END-- [ RunTime:0.000151s ]
INFO: [ app_begin ] --START--
INFO: Run Behavior\ReadHtmlCacheBehavior [ RunTime:0.000074s ]
INFO: [ app_begin ] --END-- [ RunTime:0.000116s ]
SQL: SHOW COLUMNS FROM `longhai_member` [ RunTime:0.0007s ]
SQL: SELECT * FROM `longhai_member` WHERE `m_openid` = 'o-9r-0OAA1_kLq82enFBlqx1KPdQ' LIMIT 1   [ RunTime:0.0003s ]

[ 2017-07-15T18:49:38+08:00 ] 119.4.255.39 /index.php/Home//Api/updateUserInfo
INFO: [ app_init ] --START--
INFO: Run Behavior\BuildLiteBehavior [ RunTime:0.000014s ]
INFO: [ app_init ] --END-- [ RunTime:0.000091s ]
INFO: [ app_begin ] --START--
INFO: Run Behavior\ReadHtmlCacheBehavior [ RunTime:0.000105s ]
INFO: [ app_begin ] --END-- [ RunTime:0.000149s ]
SQL: SHOW COLUMNS FROM `longhai_member` [ RunTime:0.0007s ]
SQL: UPDATE `longhai_member` SET `m_nickname`='Awen',`m_avatarurl`='https://wx.qlogo.cn/mmopen/vi_32/DYAIOgq83eokHNcRJTzwJBKjUCBRvqtBtaH1d7J2k8jsiaD7BRiaeicXSicLLvKMdUElI0kdJ7iaM9ajiaZaE9ny4Xfg/0' WHERE `m_id` = 3 [ RunTime:0.0002s ]

[ 2017-07-15T18:49:43+08:00 ] 119.4.255.39 /index.php/Home//Api/getVideo
INFO: [ app_init ] --START--
INFO: Run Behavior\BuildLiteBehavior [ RunTime:0.000019s ]
INFO: [ app_init ] --END-- [ RunTime:0.000171s ]
INFO: [ app_begin ] --START--
INFO: Run Behavior\ReadHtmlCacheBehavior [ RunTime:0.000125s ]
INFO: [ app_begin ] --END-- [ RunTime:0.000174s ]
SQL: SHOW COLUMNS FROM `longhai_video` [ RunTime:0.0009s ]
SQL: SELECT * FROM `longhai_video` WHERE `v_del` = 0 AND `v_type_id` = 1 ORDER BY v_id desc LIMIT 0,20   [ RunTime:0.0004s ]
SQL: SELECT COUNT(*) AS tp_count FROM `longhai_video` WHERE `v_del` = 0 AND `v_type_id` = 1 LIMIT 1   [ RunTime:0.0002s ]

[ 2017-07-15T18:49:45+08:00 ] 119.4.255.39 /index.php/Home//Index/getAbout
INFO: [ app_init ] --START--
INFO: Run Behavior\BuildLiteBehavior [ RunTime:0.000013s ]
INFO: [ app_init ] --END-- [ RunTime:0.000108s ]
INFO: [ app_begin ] --START--
INFO: Run Behavior\ReadHtmlCacheBehavior [ RunTime:0.000080s ]
INFO: [ app_begin ] --END-- [ RunTime:0.000134s ]
SQL: SHOW COLUMNS FROM `longhai_about` [ RunTime:0.0008s ]
SQL: SELECT * FROM `longhai_about` WHERE `a_id` = 1 LIMIT 1   [ RunTime:0.0001s ]

[ 2017-07-15T18:49:47+08:00 ] 119.4.255.39 /index.php/Home//Api/getUserInfo
INFO: [ app_init ] --START--
INFO: Run Behavior\BuildLiteBehavior [ RunTime:0.000016s ]
INFO: [ app_init ] --END-- [ RunTime:0.000100s ]
INFO: [ app_begin ] --START--
INFO: Run Behavior\ReadHtmlCacheBehavior [ RunTime:0.000110s ]
INFO: [ app_begin ] --END-- [ RunTime:0.000165s ]
SQL: SHOW COLUMNS FROM `longhai_member` [ RunTime:0.0010s ]
SQL: SELECT * FROM `longhai_member` WHERE `m_id` = 1 LIMIT 1   [ RunTime:0.0001s ]
SQL: SELECT * FROM `longhai_member` WHERE `m_id` = 3 LIMIT 1   [ RunTime:0.0001s ]

[ 2017-07-15T18:49:57+08:00 ] 218.88.126.4 /index.php/
INFO: [ app_init ] --START--
INFO: Run Behavior\BuildLiteBehavior [ RunTime:0.000018s ]
INFO: [ app_init ] --END-- [ RunTime:0.000135s ]
INFO: [ app_begin ] --START--
INFO: Run Behavior\ReadHtmlCacheBehavior [ RunTime:0.000098s ]
INFO: [ app_begin ] --END-- [ RunTime:0.000145s ]
ERR: 非法操作:index

[ 2017-07-15T18:50:28+08:00 ] 119.4.255.39 /index.php/Home//Api/getUserInfo
INFO: [ app_init ] --START--
INFO: Run Behavior\BuildLiteBehavior [ RunTime:0.000019s ]
INFO: [ app_init ] --END-- [ RunTime:0.000146s ]
INFO: [ app_begin ] --START--
INFO: Run Behavior\ReadHtmlCacheBehavior [ RunTime:0.000081s ]
INFO: [ app_begin ] --END-- [ RunTime:0.000123s ]
SQL: SHOW COLUMNS FROM `longhai_member` [ RunTime:0.0010s ]
SQL: SELECT * FROM `longhai_member` WHERE `m_id` = 1 LIMIT 1   [ RunTime:0.0001s ]
SQL: SELECT * FROM `longhai_member` WHERE `m_id` = 3 LIMIT 1   [ RunTime:0.0001s ]

[ 2017-07-15T18:50:35+08:00 ] 119.4.255.39 /index.php/Home//Api/getVideo
INFO: [ app_init ] --START--
INFO: Run Behavior\BuildLiteBehavior [ RunTime:0.000019s ]
INFO: [ app_init ] --END-- [ RunTime:0.000125s ]
INFO: [ app_begin ] --START--
INFO: Run Behavior\ReadHtmlCacheBehavior [ RunTime:0.000079s ]
INFO: [ app_begin ] --END-- [ RunTime:0.000123s ]
SQL: SHOW COLUMNS FROM `longhai_video` [ RunTime:0.0010s ]
SQL: SELECT * FROM `longhai_video` WHERE `v_del` = 0 AND `v_type_id` = 1 ORDER BY v_id desc LIMIT 0,20   [ RunTime:0.0002s ]
SQL: SELECT COUNT(*) AS tp_count FROM `longhai_video` WHERE `v_del` = 0 AND `v_type_id` = 1 LIMIT 1   [ RunTime:0.0001s ]

[ 2017-07-15T18:50:37+08:00 ] 119.4.255.39 /index.php/Home//Api/getUserInfo
INFO: [ app_init ] --START--
INFO: Run Behavior\BuildLiteBehavior [ RunTime:0.000018s ]
INFO: [ app_init ] --END-- [ RunTime:0.000123s ]
INFO: [ app_begin ] --START--
INFO: Run Behavior\ReadHtmlCacheBehavior [ RunTime:0.000095s ]
INFO: [ app_begin ] --END-- [ RunTime:0.000142s ]
SQL: SHOW COLUMNS FROM `longhai_member` [ RunTime:0.0006s ]
SQL: SELECT * FROM `longhai_member` WHERE `m_id` = 1 LIMIT 1   [ RunTime:0.0001s ]
SQL: SELECT * FROM `longhai_member` WHERE `m_id` = 3 LIMIT 1   [ RunTime:0.0001s ]

[ 2017-07-15T18:50:45+08:00 ] 119.4.255.39 /index.php/Home//Api/getVideo
INFO: [ app_init ] --START--
INFO: Run Behavior\BuildLiteBehavior [ RunTime:0.000021s ]
INFO: [ app_init ] --END-- [ RunTime:0.000099s ]
INFO: [ app_begin ] --START--
INFO: Run Behavior\ReadHtmlCacheBehavior [ RunTime:0.000105s ]
INFO: [ app_begin ] --END-- [ RunTime:0.000158s ]
SQL: SHOW COLUMNS FROM `longhai_video` [ RunTime:0.0007s ]
SQL: SELECT * FROM `longhai_video` WHERE `v_del` = 0 AND `v_type_id` = 2 ORDER BY v_id desc LIMIT 0,20   [ RunTime:0.0003s ]
SQL: SELECT COUNT(*) AS tp_count FROM `longhai_video` WHERE `v_del` = 0 AND `v_type_id` = 2 LIMIT 1   [ RunTime:0.0003s ]

[ 2017-07-15T18:50:46+08:00 ] 119.4.255.39 /index.php/Home//Api/getVideo
INFO: [ app_init ] --START--
INFO: Run Behavior\BuildLiteBehavior [ RunTime:0.000013s ]
INFO: [ app_init ] --END-- [ RunTime:0.000078s ]
INFO: [ app_begin ] --START--
INFO: Run Behavior\ReadHtmlCacheBehavior [ RunTime:0.000073s ]
INFO: [ app_begin ] --END-- [ RunTime:0.000116s ]
SQL: SHOW COLUMNS FROM `longhai_video` [ RunTime:0.0007s ]
SQL: SELECT * FROM `longhai_video` WHERE `v_del` = 0 AND `v_type_id` = 3 ORDER BY v_id desc LIMIT 0,20   [ RunTime:0.0003s ]
SQL: SELECT COUNT(*) AS tp_count FROM `longhai_video` WHERE `v_del` = 0 AND `v_type_id` = 3 LIMIT 1   [ RunTime:0.0002s ]

[ 2017-07-15T18:50:47+08:00 ] 119.4.255.39 /index.php/Home//Api/getVideo
INFO: [ app_init ] --START--
INFO: Run Behavior\BuildLiteBehavior [ RunTime:0.000015s ]
INFO: [ app_init ] --END-- [ RunTime:0.000115s ]
INFO: [ app_begin ] --START--
INFO: Run Behavior\ReadHtmlCacheBehavior [ RunTime:0.000088s ]
INFO: [ app_begin ] --END-- [ RunTime:0.000136s ]
SQL: SHOW COLUMNS FROM `longhai_video` [ RunTime:0.0009s ]
SQL: SELECT * FROM `longhai_video` WHERE `v_del` = 0 AND `v_type_id` = 4 ORDER BY v_id desc LIMIT 0,20   [ RunTime:0.0003s ]
SQL: SELECT COUNT(*) AS tp_count FROM `longhai_video` WHERE `v_del` = 0 AND `v_type_id` = 4 LIMIT 1   [ RunTime:0.0002s ]

[ 2017-07-15T18:50:48+08:00 ] 119.4.255.39 /index.php/Home//Api/getUserInfo
INFO: [ app_init ] --START--
INFO: Run Behavior\BuildLiteBehavior [ RunTime:0.000017s ]
INFO: [ app_init ] --END-- [ RunTime:0.000123s ]
INFO: [ app_begin ] --START--
INFO: Run Behavior\ReadHtmlCacheBehavior [ RunTime:0.000087s ]
INFO: [ app_begin ] --END-- [ RunTime:0.000134s ]
SQL: SHOW COLUMNS FROM `longhai_member` [ RunTime:0.0007s ]
SQL: SELECT * FROM `longhai_member` WHERE `m_id` = 1 LIMIT 1   [ RunTime:0.0002s ]
SQL: SELECT * FROM `longhai_member` WHERE `m_id` = 3 LIMIT 1   [ RunTime:0.0001s ]

[ 2017-07-15T18:50:53+08:00 ] 119.4.255.39 /index.php/Home//Api/getUserInfo
INFO: [ app_init ] --START--
INFO: Run Behavior\BuildLiteBehavior [ RunTime:0.000017s ]
INFO: [ app_init ] --END-- [ RunTime:0.000102s ]
INFO: [ app_begin ] --START--
INFO: Run Behavior\ReadHtmlCacheBehavior [ RunTime:0.000092s ]
INFO: [ app_begin ] --END-- [ RunTime:0.000137s ]
SQL: SHOW COLUMNS FROM `longhai_member` [ RunTime:0.0008s ]
SQL: SELECT * FROM `longhai_member` WHERE `m_id` = 1 LIMIT 1   [ RunTime:0.0001s ]
SQL: SELECT * FROM `longhai_member` WHERE `m_id` = 3 LIMIT 1   [ RunTime:0.0001s ]

[ 2017-07-15T18:50:56+08:00 ] 119.4.255.39 /index.php/Home//Api/getUserInfo
INFO: [ app_init ] --START--
INFO: Run Behavior\BuildLiteBehavior [ RunTime:0.000017s ]
INFO: [ app_init ] --END-- [ RunTime:0.000111s ]
INFO: [ app_begin ] --START--
INFO: Run Behavior\ReadHtmlCacheBehavior [ RunTime:0.000095s ]
INFO: [ app_begin ] --END-- [ RunTime:0.000147s ]
SQL: SHOW COLUMNS FROM `longhai_member` [ RunTime:0.0008s ]
SQL: SELECT * FROM `longhai_member` WHERE `m_id` = 1 LIMIT 1   [ RunTime:0.0001s ]
SQL: SELECT * FROM `longhai_member` WHERE `m_id` = 3 LIMIT 1   [ RunTime:0.0001s ]

[ 2017-07-15T18:51:30+08:00 ] 117.136.70.58 /index.php/Home//Index/getIndex
INFO: [ app_init ] --START--
INFO: Run Behavior\BuildLiteBehavior [ RunTime:0.000016s ]
INFO: [ app_init ] --END-- [ RunTime:0.000129s ]
INFO: [ app_begin ] --START--
INFO: Run Behavior\ReadHtmlCacheBehavior [ RunTime:0.000085s ]
INFO: [ app_begin ] --END-- [ RunTime:0.000153s ]
SQL: SHOW COLUMNS FROM `longhai_lecturer` [ RunTime:0.0009s ]
SQL: SELECT * FROM `longhai_lecturer` WHERE `l_del` = 0 ORDER BY l_id desc LIMIT 10   [ RunTime:0.0001s ]
SQL: SHOW COLUMNS FROM `longhai_video` [ RunTime:0.0005s ]
SQL: SELECT * FROM `longhai_video` WHERE `v_del` = 0 ORDER BY v_id desc LIMIT 10   [ RunTime:0.0002s ]

[ 2017-07-15T18:51:31+08:00 ] 117.136.70.58 /index.php/Home//Index/checkUserInfo
INFO: [ app_init ] --START--
INFO: Run Behavior\BuildLiteBehavior [ RunTime:0.000016s ]
INFO: [ app_init ] --END-- [ RunTime:0.000102s ]
INFO: [ app_begin ] --START--
INFO: Run Behavior\ReadHtmlCacheBehavior [ RunTime:0.000128s ]
INFO: [ app_begin ] --END-- [ RunTime:0.000193s ]
SQL: SHOW COLUMNS FROM `longhai_member` [ RunTime:0.0009s ]
SQL: SELECT * FROM `longhai_member` WHERE `m_openid` = 'o-9r-0PURpgHj1iIGbvQLIunuDfw' LIMIT 1   [ RunTime:0.0003s ]
SQL: INSERT INTO `longhai_member` (`m_openid`,`m_addtime`) VALUES ('o-9r-0PURpgHj1iIGbvQLIunuDfw','1500115891') [ RunTime:0.0002s ]

[ 2017-07-15T18:51:32+08:00 ] 117.136.70.58 /index.php/Home//Api/updateUserInfo
INFO: [ app_init ] --START--
INFO: Run Behavior\BuildLiteBehavior [ RunTime:0.000017s ]
INFO: [ app_init ] --END-- [ RunTime:0.000108s ]
INFO: [ app_begin ] --START--
INFO: Run Behavior\ReadHtmlCacheBehavior [ RunTime:0.000082s ]
INFO: [ app_begin ] --END-- [ RunTime:0.000128s ]
SQL: SHOW COLUMNS FROM `longhai_member` [ RunTime:0.0008s ]
SQL: UPDATE `longhai_member` SET `m_nickname`='Katherine',`m_avatarurl`='https://wx.qlogo.cn/mmopen/vi_32/BfwsrYQVhMRxm8W7VCTWUsQ1vBXSoLcvlgPib22DENlnEONziaTLp3T8oKYvibicjg3pelo7zCnfVCVkvP6SQTxwRQ/0' WHERE `m_id` = 4 [ RunTime:0.0003s ]

[ 2017-07-15T18:51:33+08:00 ] 117.136.70.58 /index.php/Home//Api/getUserInfo
INFO: [ app_init ] --START--
INFO: Run Behavior\BuildLiteBehavior [ RunTime:0.000019s ]
INFO: [ app_init ] --END-- [ RunTime:0.000110s ]
INFO: [ app_begin ] --START--
INFO: Run Behavior\ReadHtmlCacheBehavior [ RunTime:0.000075s ]
INFO: [ app_begin ] --END-- [ RunTime:0.000126s ]
SQL: SHOW COLUMNS FROM `longhai_member` [ RunTime:0.0007s ]
SQL: SELECT * FROM `longhai_member` WHERE `m_id` = 1 LIMIT 1   [ RunTime:0.0002s ]
SQL: SELECT * FROM `longhai_member` WHERE `m_id` = 4 LIMIT 1   [ RunTime:0.0002s ]

[ 2017-07-15T18:51:37+08:00 ] 117.136.70.58 /index.php/Home//Api/getVideo
INFO: [ app_init ] --START--
INFO: Run Behavior\BuildLiteBehavior [ RunTime:0.000018s ]
INFO: [ app_init ] --END-- [ RunTime:0.000119s ]
INFO: [ app_begin ] --START--
INFO: Run Behavior\ReadHtmlCacheBehavior [ RunTime:0.000082s ]
INFO: [ app_begin ] --END-- [ RunTime:0.000129s ]
SQL: SHOW COLUMNS FROM `longhai_video` [ RunTime:0.0008s ]
SQL: SELECT * FROM `longhai_video` WHERE `v_del` = 0 AND `v_type_id` = 1 ORDER BY v_id desc LIMIT 0,20   [ RunTime:0.0001s ]
SQL: SELECT COUNT(*) AS tp_count FROM `longhai_video` WHERE `v_del` = 0 AND `v_type_id` = 1 LIMIT 1   [ RunTime:0.0001s ]

[ 2017-07-15T18:51:38+08:00 ] 117.136.70.58 /index.php/Home//Index/getAbout
INFO: [ app_init ] --START--
INFO: Run Behavior\BuildLiteBehavior [ RunTime:0.000016s ]
INFO: [ app_init ] --END-- [ RunTime:0.000098s ]
INFO: [ app_begin ] --START--
INFO: Run Behavior\ReadHtmlCacheBehavior [ RunTime:0.000080s ]
INFO: [ app_begin ] --END-- [ RunTime:0.000132s ]
SQL: SHOW COLUMNS FROM `longhai_about` [ RunTime:0.0007s ]
SQL: SELECT * FROM `longhai_about` WHERE `a_id` = 1 LIMIT 1   [ RunTime:0.0001s ]

[ 2017-07-15T18:51:39+08:00 ] 117.136.70.58 /index.php/Home//Api/getUserInfo
INFO: [ app_init ] --START--
INFO: Run Behavior\BuildLiteBehavior [ RunTime:0.000015s ]
INFO: [ app_init ] --END-- [ RunTime:0.000100s ]
INFO: [ app_begin ] --START--
INFO: Run Behavior\ReadHtmlCacheBehavior [ RunTime:0.000103s ]
INFO: [ app_begin ] --END-- [ RunTime:0.000172s ]
SQL: SHOW COLUMNS FROM `longhai_member` [ RunTime:0.0009s ]
SQL: SELECT * FROM `longhai_member` WHERE `m_id` = 1 LIMIT 1   [ RunTime:0.0001s ]
SQL: SELECT * FROM `longhai_member` WHERE `m_id` = 4 LIMIT 1   [ RunTime:0.0001s ]

[ 2017-07-15T19:00:35+08:00 ] 119.4.255.39 /index.php/Home//Api/getUserInfo
INFO: [ app_init ] --START--
INFO: Run Behavior\BuildLiteBehavior [ RunTime:0.000019s ]
INFO: [ app_init ] --END-- [ RunTime:0.000130s ]
INFO: [ app_begin ] --START--
INFO: Run Behavior\ReadHtmlCacheBehavior [ RunTime:0.000105s ]
INFO: [ app_begin ] --END-- [ RunTime:0.000153s ]
SQL: SHOW COLUMNS FROM `longhai_member` [ RunTime:0.0010s ]
SQL: SELECT * FROM `longhai_member` WHERE `m_id` = 1 LIMIT 1   [ RunTime:0.0003s ]
SQL: SELECT * FROM `longhai_member` WHERE `m_id` = 3 LIMIT 1   [ RunTime:0.0003s ]

[ 2017-07-15T19:00:42+08:00 ] 119.4.255.39 /index.php/Home//Api/getUserInfo
INFO: [ app_init ] --START--
INFO: Run Behavior\BuildLiteBehavior [ RunTime:0.000043s ]
INFO: [ app_init ] --END-- [ RunTime:0.000155s ]
INFO: [ app_begin ] --START--
INFO: Run Behavior\ReadHtmlCacheBehavior [ RunTime:0.000105s ]
INFO: [ app_begin ] --END-- [ RunTime:0.000163s ]
SQL: SHOW COLUMNS FROM `longhai_member` [ RunTime:0.0008s ]
SQL: SELECT * FROM `longhai_member` WHERE `m_id` = 1 LIMIT 1   [ RunTime:0.0001s ]
SQL: SELECT * FROM `longhai_member` WHERE `m_id` = 3 LIMIT 1   [ RunTime:0.0001s ]

[ 2017-07-15T19:00:44+08:00 ] 119.4.255.39 /index.php/Home//Api/getLecturerDetail
INFO: [ app_init ] --START--
INFO: Run Behavior\BuildLiteBehavior [ RunTime:0.000020s ]
INFO: [ app_init ] --END-- [ RunTime:0.000151s ]
INFO: [ app_begin ] --START--
INFO: Run Behavior\ReadHtmlCacheBehavior [ RunTime:0.000097s ]
INFO: [ app_begin ] --END-- [ RunTime:0.000165s ]
SQL: SHOW COLUMNS FROM `longhai_lecturer` [ RunTime:0.0007s ]
SQL: SELECT * FROM `longhai_lecturer` WHERE `l_id` = 3 LIMIT 1   [ RunTime:0.0002s ]

[ 2017-07-15T19:01:04+08:00 ] 119.4.255.39 /index.php/Home//Api/getUserInfo
INFO: [ app_init ] --START--
INFO: Run Behavior\BuildLiteBehavior [ RunTime:0.000014s ]
INFO: [ app_init ] --END-- [ RunTime:0.000098s ]
INFO: [ app_begin ] --START--
INFO: Run Behavior\ReadHtmlCacheBehavior [ RunTime:0.000092s ]
INFO: [ app_begin ] --END-- [ RunTime:0.000132s ]
SQL: SHOW COLUMNS FROM `longhai_member` [ RunTime:0.0007s ]
SQL: SELECT * FROM `longhai_member` WHERE `m_id` = 1 LIMIT 1   [ RunTime:0.0001s ]
SQL: SELECT * FROM `longhai_member` WHERE `m_id` = 3 LIMIT 1   [ RunTime:0.0001s ]

[ 2017-07-15T19:01:04+08:00 ] 119.4.255.39 /index.php/Home//Api/getVideoDetail
INFO: [ app_init ] --START--
INFO: Run Behavior\BuildLiteBehavior [ RunTime:0.000018s ]
INFO: [ app_init ] --END-- [ RunTime:0.000153s ]
INFO: [ app_begin ] --START--
INFO: Run Behavior\ReadHtmlCacheBehavior [ RunTime:0.000129s ]
INFO: [ app_begin ] --END-- [ RunTime:0.000192s ]
SQL: SHOW COLUMNS FROM `longhai_member` [ RunTime:0.0007s ]
SQL: SELECT * FROM `longhai_member` WHERE `m_id` = 1 LIMIT 1   [ RunTime:0.0001s ]
SQL: SELECT * FROM `longhai_member` WHERE `m_id` = 3 LIMIT 1   [ RunTime:0.0001s ]
SQL: SHOW COLUMNS FROM `longhai_video` [ RunTime:0.0005s ]
SQL: UPDATE `longhai_video` SET `v_views`=v_views+1 WHERE `v_id` = 5 [ RunTime:0.0005s ]
SQL: SELECT `v_id`,`v_title`,`v_pic`,`v_video`,`v_views`,`l_pic`,`l_name`,`vt_id` FROM `longhai_video` left JOIN longhai_video_type on longhai_video.v_type_id = longhai_video_type.vt_id left JOIN longhai_lecturer on longhai_video.v_lecturer_id = longhai_lecturer.l_id  WHERE `v_id` = '5' LIMIT 1   [ RunTime:0.0003s ]
SQL: SELECT * FROM `longhai_video` WHERE `v_type_id` = 3 AND `v_id` <> '5' ORDER BY v_id desc LIMIT 6   [ RunTime:0.0002s ]

[ 2017-07-15T19:01:09+08:00 ] 119.4.255.39 /
INFO: [ app_init ] --START--
INFO: Run Behavior\BuildLiteBehavior [ RunTime:0.000016s ]
INFO: [ app_init ] --END-- [ RunTime:0.000122s ]
INFO: [ app_begin ] --START--
INFO: Run Behavior\ReadHtmlCacheBehavior [ RunTime:0.000124s ]
INFO: [ app_begin ] --END-- [ RunTime:0.000191s ]
ERR: 非法操作:index

[ 2017-07-15T19:01:09+08:00 ] 119.4.255.39 /
INFO: [ app_init ] --START--
INFO: Run Behavior\BuildLiteBehavior [ RunTime:0.000021s ]
INFO: [ app_init ] --END-- [ RunTime:0.000140s ]
INFO: [ app_begin ] --START--
INFO: Run Behavior\ReadHtmlCacheBehavior [ RunTime:0.000134s ]
INFO: [ app_begin ] --END-- [ RunTime:0.000192s ]
ERR: 非法操作:index

[ 2017-07-15T19:01:10+08:00 ] 119.4.255.39 /
INFO: [ app_init ] --START--
INFO: Run Behavior\BuildLiteBehavior [ RunTime:0.000018s ]
INFO: [ app_init ] --END-- [ RunTime:0.000138s ]
INFO: [ app_begin ] --START--
INFO: Run Behavior\ReadHtmlCacheBehavior [ RunTime:0.000100s ]
INFO: [ app_begin ] --END-- [ RunTime:0.000152s ]
ERR: 非法操作:index

[ 2017-07-15T19:01:11+08:00 ] 119.4.255.39 /
INFO: [ app_init ] --START--
INFO: Run Behavior\BuildLiteBehavior [ RunTime:0.000020s ]
INFO: [ app_init ] --END-- [ RunTime:0.000137s ]
INFO: [ app_begin ] --START--
INFO: Run Behavior\ReadHtmlCacheBehavior [ RunTime:0.000081s ]
INFO: [ app_begin ] --END-- [ RunTime:0.000135s ]
ERR: 非法操作:index

[ 2017-07-15T19:01:12+08:00 ] 119.4.255.39 /
INFO: [ app_init ] --START--
INFO: Run Behavior\BuildLiteBehavior [ RunTime:0.000016s ]
INFO: [ app_init ] --END-- [ RunTime:0.000098s ]
INFO: [ app_begin ] --START--
INFO: Run Behavior\ReadHtmlCacheBehavior [ RunTime:0.000082s ]
INFO: [ app_begin ] --END-- [ RunTime:0.000128s ]
ERR: 非法操作:index

[ 2017-07-15T19:01:13+08:00 ] 119.4.255.39 /
INFO: [ app_init ] --START--
INFO: Run Behavior\BuildLiteBehavior [ RunTime:0.000014s ]
INFO: [ app_init ] --END-- [ RunTime:0.000095s ]
INFO: [ app_begin ] --START--
INFO: Run Behavior\ReadHtmlCacheBehavior [ RunTime:0.000098s ]
INFO: [ app_begin ] --END-- [ RunTime:0.000138s ]
ERR: 非法操作:index

[ 2017-07-15T19:01:14+08:00 ] 119.4.255.39 /
INFO: [ app_init ] --START--
INFO: Run Behavior\BuildLiteBehavior [ RunTime:0.000017s ]
INFO: [ app_init ] --END-- [ RunTime:0.000112s ]
INFO: [ app_begin ] --START--
INFO: Run Behavior\ReadHtmlCacheBehavior [ RunTime:0.000080s ]
INFO: [ app_begin ] --END-- [ RunTime:0.000125s ]
ERR: 非法操作:index

[ 2017-07-15T19:01:16+08:00 ] 119.4.255.39 /
INFO: [ app_init ] --START--
INFO: Run Behavior\BuildLiteBehavior [ RunTime:0.000016s ]
INFO: [ app_init ] --END-- [ RunTime:0.000112s ]
INFO: [ app_begin ] --START--
INFO: Run Behavior\ReadHtmlCacheBehavior [ RunTime:0.000083s ]
INFO: [ app_begin ] --END-- [ RunTime:0.000127s ]
ERR: 非法操作:index

[ 2017-07-15T19:01:17+08:00 ] 119.4.255.39 /
INFO: [ app_init ] --START--
INFO: Run Behavior\BuildLiteBehavior [ RunTime:0.000024s ]
INFO: [ app_init ] --END-- [ RunTime:0.000155s ]
INFO: [ app_begin ] --START--
INFO: Run Behavior\ReadHtmlCacheBehavior [ RunTime:0.000124s ]
INFO: [ app_begin ] --END-- [ RunTime:0.000195s ]
ERR: 非法操作:index

[ 2017-07-15T19:01:18+08:00 ] 119.4.255.39 /
INFO: [ app_init ] --START--
INFO: Run Behavior\BuildLiteBehavior [ RunTime:0.000015s ]
INFO: [ app_init ] --END-- [ RunTime:0.000095s ]
INFO: [ app_begin ] --START--
INFO: Run Behavior\ReadHtmlCacheBehavior [ RunTime:0.000075s ]
INFO: [ app_begin ] --END-- [ RunTime:0.000114s ]
ERR: 非法操作:index

[ 2017-07-15T19:01:18+08:00 ] 119.4.255.39 /
INFO: [ app_init ] --START--
INFO: Run Behavior\BuildLiteBehavior [ RunTime:0.000018s ]
INFO: [ app_init ] --END-- [ RunTime:0.000115s ]
INFO: [ app_begin ] --START--
INFO: Run Behavior\ReadHtmlCacheBehavior [ RunTime:0.000092s ]
INFO: [ app_begin ] --END-- [ RunTime:0.000139s ]
ERR: 非法操作:index

[ 2017-07-15T19:01:25+08:00 ] 119.4.255.39 /index.php/Home//Api/getUserInfo
INFO: [ app_init ] --START--
INFO: Run Behavior\BuildLiteBehavior [ RunTime:0.000015s ]
INFO: [ app_init ] --END-- [ RunTime:0.000094s ]
INFO: [ app_begin ] --START--
INFO: Run Behavior\ReadHtmlCacheBehavior [ RunTime:0.000072s ]
INFO: [ app_begin ] --END-- [ RunTime:0.000117s ]
SQL: SHOW COLUMNS FROM `longhai_member` [ RunTime:0.0008s ]
SQL: SELECT * FROM `longhai_member` WHERE `m_id` = 1 LIMIT 1   [ RunTime:0.0001s ]
SQL: SELECT * FROM `longhai_member` WHERE `m_id` = 3 LIMIT 1   [ RunTime:0.0001s ]

[ 2017-07-15T19:01:25+08:00 ] 119.4.255.39 /index.php/Home//Api/getVideoDetail
INFO: [ app_init ] --START--
INFO: Run Behavior\BuildLiteBehavior [ RunTime:0.000016s ]
INFO: [ app_init ] --END-- [ RunTime:0.000097s ]
INFO: [ app_begin ] --START--
INFO: Run Behavior\ReadHtmlCacheBehavior [ RunTime:0.000144s ]
INFO: [ app_begin ] --END-- [ RunTime:0.000197s ]
SQL: SHOW COLUMNS FROM `longhai_member` [ RunTime:0.0008s ]
SQL: SELECT * FROM `longhai_member` WHERE `m_id` = 1 LIMIT 1   [ RunTime:0.0001s ]
SQL: SELECT * FROM `longhai_member` WHERE `m_id` = 3 LIMIT 1   [ RunTime:0.0001s ]
SQL: SHOW COLUMNS FROM `longhai_video` [ RunTime:0.0005s ]
SQL: UPDATE `longhai_video` SET `v_views`=v_views+1 WHERE `v_id` = 2 [ RunTime:0.0003s ]
SQL: SELECT `v_id`,`v_title`,`v_pic`,`v_video`,`v_views`,`l_pic`,`l_name`,`vt_id` FROM `longhai_video` left JOIN longhai_video_type on longhai_video.v_type_id = longhai_video_type.vt_id left JOIN longhai_lecturer on longhai_video.v_lecturer_id = longhai_lecturer.l_id  WHERE `v_id` = '2' LIMIT 1   [ RunTime:0.0003s ]
SQL: SELECT * FROM `longhai_video` WHERE `v_type_id` = 1 AND `v_id` <> '2' ORDER BY v_id desc LIMIT 6   [ RunTime:0.0003s ]

[ 2017-07-15T19:01:32+08:00 ] 119.4.255.39 /
INFO: [ app_init ] --START--
INFO: Run Behavior\BuildLiteBehavior [ RunTime:0.000015s ]
INFO: [ app_init ] --END-- [ RunTime:0.000093s ]
INFO: [ app_begin ] --START--
INFO: Run Behavior\ReadHtmlCacheBehavior [ RunTime:0.000080s ]
INFO: [ app_begin ] --END-- [ RunTime:0.000123s ]
ERR: 非法操作:index

[ 2017-07-15T19:01:32+08:00 ] 119.4.255.39 /
INFO: [ app_init ] --START--
INFO: Run Behavior\BuildLiteBehavior [ RunTime:0.000014s ]
INFO: [ app_init ] --END-- [ RunTime:0.000096s ]
INFO: [ app_begin ] --START--
INFO: Run Behavior\ReadHtmlCacheBehavior [ RunTime:0.000092s ]
INFO: [ app_begin ] --END-- [ RunTime:0.000145s ]
ERR: 非法操作:index

[ 2017-07-15T19:01:33+08:00 ] 119.4.255.39 /
INFO: [ app_init ] --START--
INFO: Run Behavior\BuildLiteBehavior [ RunTime:0.000015s ]
INFO: [ app_init ] --END-- [ RunTime:0.000121s ]
INFO: [ app_begin ] --START--
INFO: Run Behavior\ReadHtmlCacheBehavior [ RunTime:0.000083s ]
INFO: [ app_begin ] --END-- [ RunTime:0.000134s ]
ERR: 非法操作:index

[ 2017-07-15T19:01:34+08:00 ] 119.4.255.39 /
INFO: [ app_init ] --START--
INFO: Run Behavior\BuildLiteBehavior [ RunTime:0.000024s ]
INFO: [ app_init ] --END-- [ RunTime:0.000107s ]
INFO: [ app_begin ] --START--
INFO: Run Behavior\ReadHtmlCacheBehavior [ RunTime:0.000106s ]
INFO: [ app_begin ] --END-- [ RunTime:0.000145s ]
ERR: 非法操作:index

[ 2017-07-15T19:01:36+08:00 ] 119.4.255.39 /
INFO: [ app_init ] --START--
INFO: Run Behavior\BuildLiteBehavior [ RunTime:0.000015s ]
INFO: [ app_init ] --END-- [ RunTime:0.000115s ]
INFO: [ app_begin ] --START--
INFO: Run Behavior\ReadHtmlCacheBehavior [ RunTime:0.000090s ]
INFO: [ app_begin ] --END-- [ RunTime:0.000132s ]
ERR: 非法操作:index

[ 2017-07-15T19:01:37+08:00 ] 119.4.255.39 /
INFO: [ app_init ] --START--
INFO: Run Behavior\BuildLiteBehavior [ RunTime:0.000016s ]
INFO: [ app_init ] --END-- [ RunTime:0.000159s ]
INFO: [ app_begin ] --START--
INFO: Run Behavior\ReadHtmlCacheBehavior [ RunTime:0.000098s ]
INFO: [ app_begin ] --END-- [ RunTime:0.000152s ]
ERR: 非法操作:index

[ 2017-07-15T19:09:38+08:00 ] 218.88.126.4 /index.php/Home//Index/getIndex
INFO: [ app_init ] --START--
INFO: Run Behavior\BuildLiteBehavior [ RunTime:0.000015s ]
INFO: [ app_init ] --END-- [ RunTime:0.000127s ]
INFO: [ app_begin ] --START--
INFO: Run Behavior\ReadHtmlCacheBehavior [ RunTime:0.000100s ]
INFO: [ app_begin ] --END-- [ RunTime:0.000155s ]
SQL: SHOW COLUMNS FROM `longhai_lecturer` [ RunTime:0.0007s ]
SQL: SELECT * FROM `longhai_lecturer` WHERE `l_del` = 0 ORDER BY l_id desc LIMIT 10   [ RunTime:0.0001s ]
SQL: SHOW COLUMNS FROM `longhai_video` [ RunTime:0.0004s ]
SQL: SELECT * FROM `longhai_video` WHERE `v_del` = 0 ORDER BY v_id desc LIMIT 10   [ RunTime:0.0003s ]

[ 2017-07-15T19:09:39+08:00 ] 218.88.126.4 /index.php/Home//Index/checkUserInfo
INFO: [ app_init ] --START--
INFO: Run Behavior\BuildLiteBehavior [ RunTime:0.000088s ]
INFO: [ app_init ] --END-- [ RunTime:0.000189s ]
INFO: [ app_begin ] --START--
INFO: Run Behavior\ReadHtmlCacheBehavior [ RunTime:0.000113s ]
INFO: [ app_begin ] --END-- [ RunTime:0.000165s ]
SQL: SHOW COLUMNS FROM `longhai_member` [ RunTime:0.0008s ]
SQL: SELECT * FROM `longhai_member` WHERE `m_openid` = 'o-9r-0AskXNNK5onUE2C1xQTXJQs' LIMIT 1   [ RunTime:0.0003s ]
SQL: INSERT INTO `longhai_member` (`m_openid`,`m_addtime`) VALUES ('o-9r-0AskXNNK5onUE2C1xQTXJQs','1500116979') [ RunTime:0.0002s ]

[ 2017-07-15T19:09:39+08:00 ] 218.88.126.4 /index.php/Home//Api/updateUserInfo
INFO: [ app_init ] --START--
INFO: Run Behavior\BuildLiteBehavior [ RunTime:0.000014s ]
INFO: [ app_init ] --END-- [ RunTime:0.000094s ]
INFO: [ app_begin ] --START--
INFO: Run Behavior\ReadHtmlCacheBehavior [ RunTime:0.000100s ]
INFO: [ app_begin ] --END-- [ RunTime:0.000141s ]
SQL: SHOW COLUMNS FROM `longhai_member` [ RunTime:0.0009s ]
SQL: UPDATE `longhai_member` SET `m_nickname`='范小波',`m_avatarurl`='https://wx.qlogo.cn/mmopen/vi_32/27pgYZLmuM21VBpJ6t2JROcrJYDtxgZfVxXiaz0T5QBk95VSlDanOTPxcyIll3eav5zVVz3cEzL3Dh6zticesoZw/0' WHERE `m_id` = 5 [ RunTime:0.0002s ]

[ 2017-07-15T19:09:41+08:00 ] 218.88.126.4 /index.php/Home//Api/getUserInfo
INFO: [ app_init ] --START--
INFO: Run Behavior\BuildLiteBehavior [ RunTime:0.000016s ]
INFO: [ app_init ] --END-- [ RunTime:0.000113s ]
INFO: [ app_begin ] --START--
INFO: Run Behavior\ReadHtmlCacheBehavior [ RunTime:0.000082s ]
INFO: [ app_begin ] --END-- [ RunTime:0.000130s ]
SQL: SHOW COLUMNS FROM `longhai_member` [ RunTime:0.0008s ]
SQL: SELECT * FROM `longhai_member` WHERE `m_id` = 1 LIMIT 1   [ RunTime:0.0003s ]
SQL: SELECT * FROM `longhai_member` WHERE `m_id` = 5 LIMIT 1   [ RunTime:0.0002s ]

[ 2017-07-15T19:09:47+08:00 ] 218.88.126.4 /index.php/Home//Api/getUserInfo
INFO: [ app_init ] --START--
INFO: Run Behavior\BuildLiteBehavior [ RunTime:0.000014s ]
INFO: [ app_init ] --END-- [ RunTime:0.000097s ]
INFO: [ app_begin ] --START--
INFO: Run Behavior\ReadHtmlCacheBehavior [ RunTime:0.000105s ]
INFO: [ app_begin ] --END-- [ RunTime:0.000170s ]
SQL: SHOW COLUMNS FROM `longhai_member` [ RunTime:0.0009s ]
SQL: SELECT * FROM `longhai_member` WHERE `m_id` = 1 LIMIT 1   [ RunTime:0.0001s ]
SQL: SELECT * FROM `longhai_member` WHERE `m_id` = 5 LIMIT 1   [ RunTime:0.0001s ]

[ 2017-07-15T19:09:49+08:00 ] 218.88.126.4 /index.php/Home//Api/getVideo
INFO: [ app_init ] --START--
INFO: Run Behavior\BuildLiteBehavior [ RunTime:0.000013s ]
INFO: [ app_init ] --END-- [ RunTime:0.000085s ]
INFO: [ app_begin ] --START--
INFO: Run Behavior\ReadHtmlCacheBehavior [ RunTime:0.000069s ]
INFO: [ app_begin ] --END-- [ RunTime:0.000107s ]
SQL: SHOW COLUMNS FROM `longhai_video` [ RunTime:0.0008s ]
SQL: SELECT * FROM `longhai_video` WHERE `v_del` = 0 AND `v_type_id` = 1 ORDER BY v_id desc LIMIT 0,20   [ RunTime:0.0003s ]
SQL: SELECT COUNT(*) AS tp_count FROM `longhai_video` WHERE `v_del` = 0 AND `v_type_id` = 1 LIMIT 1   [ RunTime:0.0002s ]

[ 2017-07-15T19:09:50+08:00 ] 218.88.126.4 /index.php/Home//Index/getAbout
INFO: [ app_init ] --START--
INFO: Run Behavior\BuildLiteBehavior [ RunTime:0.000019s ]
INFO: [ app_init ] --END-- [ RunTime:0.000122s ]
INFO: [ app_begin ] --START--
INFO: Run Behavior\ReadHtmlCacheBehavior [ RunTime:0.000109s ]
INFO: [ app_begin ] --END-- [ RunTime:0.000165s ]
SQL: SHOW COLUMNS FROM `longhai_about` [ RunTime:0.0008s ]
SQL: SELECT * FROM `longhai_about` WHERE `a_id` = 1 LIMIT 1   [ RunTime:0.0001s ]

[ 2017-07-15T19:09:51+08:00 ] 218.88.126.4 /index.php/Home//Api/getUserInfo
INFO: [ app_init ] --START--
INFO: Run Behavior\BuildLiteBehavior [ RunTime:0.000014s ]
INFO: [ app_init ] --END-- [ RunTime:0.000097s ]
INFO: [ app_begin ] --START--
INFO: Run Behavior\ReadHtmlCacheBehavior [ RunTime:0.000079s ]
INFO: [ app_begin ] --END-- [ RunTime:0.000121s ]
SQL: SHOW COLUMNS FROM `longhai_member` [ RunTime:0.0008s ]
SQL: SELECT * FROM `longhai_member` WHERE `m_id` = 1 LIMIT 1   [ RunTime:0.0001s ]
SQL: SELECT * FROM `longhai_member` WHERE `m_id` = 5 LIMIT 1   [ RunTime:0.0001s ]

[ 2017-07-15T19:09:53+08:00 ] 218.88.126.4 /index.php/Home//Api/getUserInfo
INFO: [ app_init ] --START--
INFO: Run Behavior\BuildLiteBehavior [ RunTime:0.000010s ]
INFO: [ app_init ] --END-- [ RunTime:0.000067s ]
INFO: [ app_begin ] --START--
INFO: Run Behavior\ReadHtmlCacheBehavior [ RunTime:0.000052s ]
INFO: [ app_begin ] --END-- [ RunTime:0.000081s ]
SQL: SHOW COLUMNS FROM `longhai_member` [ RunTime:0.0006s ]
SQL: SELECT * FROM `longhai_member` WHERE `m_id` = 1 LIMIT 1   [ RunTime:0.0001s ]
SQL: SELECT * FROM `longhai_member` WHERE `m_id` = 5 LIMIT 1   [ RunTime:0.0001s ]

[ 2017-07-15T19:18:29+08:00 ] 123.59.146.153 /
INFO: [ app_init ] --START--
INFO: Run Behavior\BuildLiteBehavior [ RunTime:0.000021s ]
INFO: [ app_init ] --END-- [ RunTime:0.000144s ]
INFO: [ app_begin ] --START--
INFO: Run Behavior\ReadHtmlCacheBehavior [ RunTime:0.000081s ]
INFO: [ app_begin ] --END-- [ RunTime:0.000121s ]
ERR: 非法操作:index

