[ 2017-08-05T10:16:51+08:00 ] 127.0.0.1 /index.php/Home//Index/getIndex
INFO: [ app_init ] --START--
INFO: Run Behavior\BuildLiteBehavior [ RunTime:0.000009s ]
INFO: [ app_init ] --END-- [ RunTime:0.000443s ]
INFO: [ app_begin ] --START--
INFO: Run Behavior\ReadHtmlCacheBehavior [ RunTime:0.000601s ]
INFO: [ app_begin ] --END-- [ RunTime:0.000637s ]
SQL: SHOW COLUMNS FROM `longhai_lecturer` [ RunTime:0.0648s ]
SQL: SELECT * FROM `longhai_lecturer` WHERE `l_del` = 0 ORDER BY l_id desc LIMIT 10   [ RunTime:0.0024s ]
SQL: SHOW COLUMNS FROM `longhai_video` [ RunTime:0.0194s ]
SQL: SELECT * FROM `longhai_video` WHERE `v_del` = 0 ORDER BY v_id desc LIMIT 10   [ RunTime:0.0008s ]
SQL: SELECT * FROM `longhai_lecturer` WHERE `l_del` = 0 ORDER BY l_id desc LIMIT 10,10   [ RunTime:0.0004s ]

[ 2017-08-05T10:16:52+08:00 ] 127.0.0.1 /index.php/Home//Index/checkUserInfo
INFO: [ app_init ] --START--
INFO: Run Behavior\BuildLiteBehavior [ RunTime:0.000010s ]
INFO: [ app_init ] --END-- [ RunTime:0.002121s ]
INFO: [ app_begin ] --START--
INFO: Run Behavior\ReadHtmlCacheBehavior [ RunTime:0.001118s ]
INFO: [ app_begin ] --END-- [ RunTime:0.001177s ]
NOTIC: [8] Undefined index: openid D:\www\public\Application\Home\Controller\IndexController.class.php 第 10 行.

[ 2017-08-05T10:24:22+08:00 ] 127.0.0.1 /index.php/Home//Index/checkUserInfo
INFO: [ app_init ] --START--
INFO: Run Behavior\BuildLiteBehavior [ RunTime:0.000008s ]
INFO: [ app_init ] --END-- [ RunTime:0.000368s ]
INFO: [ app_begin ] --START--
INFO: Run Behavior\ReadHtmlCacheBehavior [ RunTime:0.000389s ]
INFO: [ app_begin ] --END-- [ RunTime:0.000424s ]
NOTIC: [8] Undefined index: openid D:\www\public\Application\Home\Controller\IndexController.class.php 第 10 行.

[ 2017-08-05T10:24:22+08:00 ] 127.0.0.1 /index.php/Home//Index/getIndex
INFO: [ app_init ] --START--
INFO: Run Behavior\BuildLiteBehavior [ RunTime:0.000013s ]
INFO: [ app_init ] --END-- [ RunTime:0.000563s ]
INFO: [ app_begin ] --START--
INFO: Run Behavior\ReadHtmlCacheBehavior [ RunTime:0.000635s ]
INFO: [ app_begin ] --END-- [ RunTime:0.000692s ]
SQL: SHOW COLUMNS FROM `longhai_lecturer` [ RunTime:0.0054s ]
SQL: SELECT * FROM `longhai_lecturer` WHERE `l_del` = 0 ORDER BY l_id desc LIMIT 10   [ RunTime:0.0005s ]
SQL: SHOW COLUMNS FROM `longhai_video` [ RunTime:0.0050s ]
SQL: SELECT * FROM `longhai_video` WHERE `v_del` = 0 ORDER BY v_id desc LIMIT 10   [ RunTime:0.0005s ]
SQL: SELECT * FROM `longhai_lecturer` WHERE `l_del` = 0 ORDER BY l_id desc LIMIT 10,10   [ RunTime:0.0005s ]

[ 2017-08-05T11:14:12+08:00 ] 127.0.0.1 /index.php/Home//Index/checkUserInfo
INFO: [ app_init ] --START--
INFO: Run Behavior\BuildLiteBehavior [ RunTime:0.000008s ]
INFO: [ app_init ] --END-- [ RunTime:0.000359s ]
INFO: [ app_begin ] --START--
INFO: Run Behavior\ReadHtmlCacheBehavior [ RunTime:0.000580s ]
INFO: [ app_begin ] --END-- [ RunTime:0.000623s ]
NOTIC: [8] Undefined index: openid D:\www\public\Application\Home\Controller\IndexController.class.php 第 10 行.

[ 2017-08-05T11:14:13+08:00 ] 127.0.0.1 /index.php/Home//Index/getIndex
INFO: [ app_init ] --START--
INFO: Run Behavior\BuildLiteBehavior [ RunTime:0.000027s ]
INFO: [ app_init ] --END-- [ RunTime:0.001115s ]
INFO: [ app_begin ] --START--
INFO: Run Behavior\ReadHtmlCacheBehavior [ RunTime:0.000684s ]
INFO: [ app_begin ] --END-- [ RunTime:0.000737s ]
SQL: SHOW COLUMNS FROM `longhai_lecturer` [ RunTime:0.0057s ]
SQL: SELECT * FROM `longhai_lecturer` WHERE `l_del` = 0 ORDER BY l_id desc LIMIT 10   [ RunTime:0.0005s ]
SQL: SHOW COLUMNS FROM `longhai_video` [ RunTime:0.0050s ]
SQL: SELECT * FROM `longhai_video` WHERE `v_del` = 0 ORDER BY v_id desc LIMIT 10   [ RunTime:0.0003s ]
SQL: SELECT * FROM `longhai_lecturer` WHERE `l_del` = 0 ORDER BY l_id desc LIMIT 10,10   [ RunTime:0.0003s ]

[ 2017-08-05T11:15:24+08:00 ] 127.0.0.1 /index.php/Home//Index/checkUserInfo
INFO: [ app_init ] --START--
INFO: Run Behavior\BuildLiteBehavior [ RunTime:0.000008s ]
INFO: [ app_init ] --END-- [ RunTime:0.000395s ]
INFO: [ app_begin ] --START--
INFO: Run Behavior\ReadHtmlCacheBehavior [ RunTime:0.000556s ]
INFO: [ app_begin ] --END-- [ RunTime:0.000594s ]
NOTIC: [8] Undefined index: openid D:\www\public\Application\Home\Controller\IndexController.class.php 第 10 行.

[ 2017-08-05T11:15:25+08:00 ] 127.0.0.1 /index.php/Home//Index/getIndex
INFO: [ app_init ] --START--
INFO: Run Behavior\BuildLiteBehavior [ RunTime:0.000027s ]
INFO: [ app_init ] --END-- [ RunTime:0.001162s ]
INFO: [ app_begin ] --START--
INFO: Run Behavior\ReadHtmlCacheBehavior [ RunTime:0.001349s ]
INFO: [ app_begin ] --END-- [ RunTime:0.001470s ]
SQL: SHOW COLUMNS FROM `longhai_lecturer` [ RunTime:0.0054s ]
SQL: SELECT * FROM `longhai_lecturer` WHERE `l_del` = 0 ORDER BY l_id desc LIMIT 10   [ RunTime:0.0005s ]
SQL: SHOW COLUMNS FROM `longhai_video` [ RunTime:0.0052s ]
SQL: SELECT * FROM `longhai_video` WHERE `v_del` = 0 ORDER BY v_id desc LIMIT 10   [ RunTime:0.0005s ]
SQL: SHOW COLUMNS FROM `longhai_category` [ RunTime:0.0049s ]
SQL: SELECT * FROM `longhai_category` WHERE `c_del` = 0 ORDER BY c_id desc LIMIT 10   [ RunTime:0.0004s ]

[ 2017-08-05T11:38:01+08:00 ] 127.0.0.1 /index.php/Home//Index/checkUserInfo
INFO: [ app_init ] --START--
INFO: Run Behavior\BuildLiteBehavior [ RunTime:0.000009s ]
INFO: [ app_init ] --END-- [ RunTime:0.000367s ]
INFO: [ app_begin ] --START--
INFO: Run Behavior\ReadHtmlCacheBehavior [ RunTime:0.000421s ]
INFO: [ app_begin ] --END-- [ RunTime:0.000456s ]
NOTIC: [8] Undefined index: openid D:\www\public\Application\Home\Controller\IndexController.class.php 第 10 行.

[ 2017-08-05T11:38:02+08:00 ] 127.0.0.1 /index.php/Home//Index/getIndex
INFO: [ app_init ] --START--
INFO: Run Behavior\BuildLiteBehavior [ RunTime:0.000020s ]
INFO: [ app_init ] --END-- [ RunTime:0.000879s ]
INFO: [ app_begin ] --START--
INFO: Run Behavior\ReadHtmlCacheBehavior [ RunTime:0.000877s ]
INFO: [ app_begin ] --END-- [ RunTime:0.000968s ]
SQL: SHOW COLUMNS FROM `longhai_lecturer` [ RunTime:0.0037s ]
SQL: SELECT * FROM `longhai_lecturer` WHERE `l_del` = 0 ORDER BY l_id desc LIMIT 10   [ RunTime:0.0004s ]
SQL: SHOW COLUMNS FROM `longhai_video` [ RunTime:0.0041s ]
SQL: SELECT * FROM `longhai_video` WHERE `v_del` = 0 ORDER BY v_id desc LIMIT 10   [ RunTime:0.0005s ]
SQL: SHOW COLUMNS FROM `longhai_category` [ RunTime:0.0073s ]
SQL: SELECT * FROM `longhai_category` WHERE `c_del` = 0 ORDER BY c_id desc LIMIT 10   [ RunTime:0.0004s ]

[ 2017-08-05T12:04:09+08:00 ] 127.0.0.1 /index.php/Home//Index/getIndex
INFO: [ app_init ] --START--
INFO: Run Behavior\BuildLiteBehavior [ RunTime:0.000028s ]
INFO: [ app_init ] --END-- [ RunTime:0.001512s ]
INFO: [ app_begin ] --START--
INFO: Run Behavior\ReadHtmlCacheBehavior [ RunTime:0.001513s ]
INFO: [ app_begin ] --END-- [ RunTime:0.001639s ]
SQL: SHOW COLUMNS FROM `longhai_lecturer` [ RunTime:0.0067s ]
SQL: SELECT * FROM `longhai_lecturer` WHERE `l_del` = 0 ORDER BY l_id desc LIMIT 10   [ RunTime:0.0007s ]
SQL: SHOW COLUMNS FROM `longhai_video` [ RunTime:0.0074s ]
SQL: SELECT * FROM `longhai_video` WHERE `v_del` = 0 ORDER BY v_id desc LIMIT 10   [ RunTime:0.0007s ]
SQL: SHOW COLUMNS FROM `longhai_category` [ RunTime:0.0069s ]
SQL: SELECT * FROM `longhai_category` WHERE `c_del` = 0 ORDER BY c_id desc LIMIT 10   [ RunTime:0.0003s ]
SQL: SHOW COLUMNS FROM `longhai_pic` [ RunTime:0.0042s ]
SQL: SELECT * FROM `longhai_pic` WHERE `p_del` = 0 ORDER BY p_id desc LIMIT 10   [ RunTime:0.0003s ]

[ 2017-08-05T12:04:16+08:00 ] 127.0.0.1 /index.php/Home//Index/checkUserInfo
INFO: [ app_init ] --START--
INFO: Run Behavior\BuildLiteBehavior [ RunTime:0.000017s ]
INFO: [ app_init ] --END-- [ RunTime:0.000714s ]
INFO: [ app_begin ] --START--
INFO: Run Behavior\ReadHtmlCacheBehavior [ RunTime:0.000835s ]
INFO: [ app_begin ] --END-- [ RunTime:0.000904s ]
NOTIC: [8] Undefined index: openid D:\www\public\Application\Home\Controller\IndexController.class.php 第 10 行.

[ 2017-08-05T12:05:11+08:00 ] 127.0.0.1 /index.php/Home//Index/checkUserInfo
INFO: [ app_init ] --START--
INFO: Run Behavior\BuildLiteBehavior [ RunTime:0.000009s ]
INFO: [ app_init ] --END-- [ RunTime:0.000383s ]
INFO: [ app_begin ] --START--
INFO: Run Behavior\ReadHtmlCacheBehavior [ RunTime:0.000420s ]
INFO: [ app_begin ] --END-- [ RunTime:0.000469s ]
NOTIC: [8] Undefined index: openid D:\www\public\Application\Home\Controller\IndexController.class.php 第 10 行.

[ 2017-08-05T12:05:11+08:00 ] 127.0.0.1 /index.php/Home//Index/getIndex
INFO: [ app_init ] --START--
INFO: Run Behavior\BuildLiteBehavior [ RunTime:0.000029s ]
INFO: [ app_init ] --END-- [ RunTime:0.001182s ]
INFO: [ app_begin ] --START--
INFO: Run Behavior\ReadHtmlCacheBehavior [ RunTime:0.001317s ]
INFO: [ app_begin ] --END-- [ RunTime:0.001442s ]
SQL: SHOW COLUMNS FROM `longhai_lecturer` [ RunTime:0.0054s ]
SQL: SELECT * FROM `longhai_lecturer` WHERE `l_del` = 0 ORDER BY l_id desc LIMIT 10   [ RunTime:0.0005s ]
SQL: SHOW COLUMNS FROM `longhai_video` [ RunTime:0.0052s ]
SQL: SELECT * FROM `longhai_video` WHERE `v_del` = 0 ORDER BY v_id desc LIMIT 10   [ RunTime:0.0005s ]
SQL: SHOW COLUMNS FROM `longhai_category` [ RunTime:0.0048s ]
SQL: SELECT * FROM `longhai_category` WHERE `c_del` = 0 ORDER BY c_id desc LIMIT 10   [ RunTime:0.0004s ]
SQL: SHOW COLUMNS FROM `longhai_pic` [ RunTime:0.0051s ]
SQL: SELECT * FROM `longhai_pic` WHERE `p_del` = 0 ORDER BY p_id desc LIMIT 10   [ RunTime:0.0003s ]

[ 2017-08-05T12:06:00+08:00 ] 127.0.0.1 /index.php/Home//Index/getIndex
INFO: [ app_init ] --START--
INFO: Run Behavior\BuildLiteBehavior [ RunTime:0.000014s ]
INFO: [ app_init ] --END-- [ RunTime:0.000629s ]
INFO: [ app_begin ] --START--
INFO: Run Behavior\ReadHtmlCacheBehavior [ RunTime:0.000708s ]
INFO: [ app_begin ] --END-- [ RunTime:0.000769s ]
SQL: SHOW COLUMNS FROM `longhai_lecturer` [ RunTime:0.0056s ]
SQL: SELECT * FROM `longhai_lecturer` WHERE `l_del` = 0 ORDER BY l_id desc LIMIT 10   [ RunTime:0.0006s ]
SQL: SHOW COLUMNS FROM `longhai_video` [ RunTime:0.0054s ]
SQL: SELECT * FROM `longhai_video` WHERE `v_del` = 0 ORDER BY v_id desc LIMIT 10   [ RunTime:0.0006s ]
SQL: SHOW COLUMNS FROM `longhai_category` [ RunTime:0.0051s ]
SQL: SELECT * FROM `longhai_category` WHERE `c_del` = 0 ORDER BY c_id desc LIMIT 10   [ RunTime:0.0004s ]
SQL: SHOW COLUMNS FROM `longhai_pic` [ RunTime:0.0053s ]
SQL: SELECT * FROM `longhai_pic` WHERE `p_del` = 0 ORDER BY p_id desc LIMIT 10   [ RunTime:0.0004s ]

[ 2017-08-05T12:06:06+08:00 ] 127.0.0.1 /index.php/Home//Index/checkUserInfo
INFO: [ app_init ] --START--
INFO: Run Behavior\BuildLiteBehavior [ RunTime:0.000021s ]
INFO: [ app_init ] --END-- [ RunTime:0.001023s ]
INFO: [ app_begin ] --START--
INFO: Run Behavior\ReadHtmlCacheBehavior [ RunTime:0.000871s ]
INFO: [ app_begin ] --END-- [ RunTime:0.000953s ]
NOTIC: [8] Undefined index: openid D:\www\public\Application\Home\Controller\IndexController.class.php 第 10 行.

[ 2017-08-05T12:06:25+08:00 ] 127.0.0.1 /index.php/Home//Index/getIndex
INFO: [ app_init ] --START--
INFO: Run Behavior\BuildLiteBehavior [ RunTime:0.000016s ]
INFO: [ app_init ] --END-- [ RunTime:0.000674s ]
INFO: [ app_begin ] --START--
INFO: Run Behavior\ReadHtmlCacheBehavior [ RunTime:0.000759s ]
INFO: [ app_begin ] --END-- [ RunTime:0.000829s ]
SQL: SHOW COLUMNS FROM `longhai_lecturer` [ RunTime:0.0057s ]
SQL: SELECT * FROM `longhai_lecturer` WHERE `l_del` = 0 ORDER BY l_id desc LIMIT 10   [ RunTime:0.0004s ]
SQL: SHOW COLUMNS FROM `longhai_video` [ RunTime:0.0035s ]
SQL: SELECT * FROM `longhai_video` WHERE `v_del` = 0 ORDER BY v_id desc LIMIT 10   [ RunTime:0.0004s ]
SQL: SHOW COLUMNS FROM `longhai_category` [ RunTime:0.0033s ]
SQL: SELECT * FROM `longhai_category` WHERE `c_del` = 0 ORDER BY c_id desc LIMIT 10   [ RunTime:0.0003s ]
SQL: SHOW COLUMNS FROM `longhai_pic` [ RunTime:0.0037s ]
SQL: SELECT * FROM `longhai_pic` WHERE `p_del` = 0 ORDER BY p_id desc LIMIT 10   [ RunTime:0.0003s ]

[ 2017-08-05T12:06:31+08:00 ] 127.0.0.1 /index.php/Home//Index/checkUserInfo
INFO: [ app_init ] --START--
INFO: Run Behavior\BuildLiteBehavior [ RunTime:0.000012s ]
INFO: [ app_init ] --END-- [ RunTime:0.000606s ]
INFO: [ app_begin ] --START--
INFO: Run Behavior\ReadHtmlCacheBehavior [ RunTime:0.000723s ]
INFO: [ app_begin ] --END-- [ RunTime:0.000776s ]
NOTIC: [8] Undefined index: openid D:\www\public\Application\Home\Controller\IndexController.class.php 第 10 行.

[ 2017-08-05T12:07:24+08:00 ] 127.0.0.1 /index.php/Home//Index/getIndex
INFO: [ app_init ] --START--
INFO: Run Behavior\BuildLiteBehavior [ RunTime:0.000012s ]
INFO: [ app_init ] --END-- [ RunTime:0.000486s ]
INFO: [ app_begin ] --START--
INFO: Run Behavior\ReadHtmlCacheBehavior [ RunTime:0.000530s ]
INFO: [ app_begin ] --END-- [ RunTime:0.000579s ]
SQL: SHOW COLUMNS FROM `longhai_lecturer` [ RunTime:0.0095s ]
SQL: SELECT * FROM `longhai_lecturer` WHERE `l_del` = 0 ORDER BY l_id desc LIMIT 10   [ RunTime:0.0004s ]
SQL: SHOW COLUMNS FROM `longhai_video` [ RunTime:0.0037s ]
SQL: SELECT * FROM `longhai_video` WHERE `v_del` = 0 ORDER BY v_id desc LIMIT 10   [ RunTime:0.0003s ]
SQL: SHOW COLUMNS FROM `longhai_category` [ RunTime:0.0033s ]
SQL: SELECT * FROM `longhai_category` WHERE `c_del` = 0 ORDER BY c_id desc LIMIT 10   [ RunTime:0.0004s ]
SQL: SHOW COLUMNS FROM `longhai_pic` [ RunTime:0.0071s ]
SQL: SELECT * FROM `longhai_pic` WHERE `p_del` = 0 ORDER BY p_id desc LIMIT 10   [ RunTime:0.0003s ]

[ 2017-08-05T12:07:25+08:00 ] 127.0.0.1 /index.php/Home//Index/checkUserInfo
INFO: [ app_init ] --START--
INFO: Run Behavior\BuildLiteBehavior [ RunTime:0.000017s ]
INFO: [ app_init ] --END-- [ RunTime:0.000460s ]
INFO: [ app_begin ] --START--
INFO: Run Behavior\ReadHtmlCacheBehavior [ RunTime:0.000536s ]
INFO: [ app_begin ] --END-- [ RunTime:0.000588s ]
NOTIC: [8] Undefined index: openid D:\www\public\Application\Home\Controller\IndexController.class.php 第 10 行.

[ 2017-08-05T12:07:31+08:00 ] 127.0.0.1 /index.php/Home//Index/checkUserInfo
INFO: [ app_init ] --START--
INFO: Run Behavior\BuildLiteBehavior [ RunTime:0.000012s ]
INFO: [ app_init ] --END-- [ RunTime:0.000337s ]
INFO: [ app_begin ] --START--
INFO: Run Behavior\ReadHtmlCacheBehavior [ RunTime:0.000418s ]
INFO: [ app_begin ] --END-- [ RunTime:0.000478s ]
NOTIC: [8] Undefined index: openid D:\www\public\Application\Home\Controller\IndexController.class.php 第 10 行.

[ 2017-08-05T12:07:31+08:00 ] 127.0.0.1 /index.php/Home//Index/getIndex
INFO: [ app_init ] --START--
INFO: Run Behavior\BuildLiteBehavior [ RunTime:0.000012s ]
INFO: [ app_init ] --END-- [ RunTime:0.000373s ]
INFO: [ app_begin ] --START--
INFO: Run Behavior\ReadHtmlCacheBehavior [ RunTime:0.000387s ]
INFO: [ app_begin ] --END-- [ RunTime:0.000426s ]
SQL: SHOW COLUMNS FROM `longhai_lecturer` [ RunTime:0.0054s ]
SQL: SELECT * FROM `longhai_lecturer` WHERE `l_del` = 0 ORDER BY l_id desc LIMIT 10   [ RunTime:0.0004s ]
SQL: SHOW COLUMNS FROM `longhai_video` [ RunTime:0.0036s ]
SQL: SELECT * FROM `longhai_video` WHERE `v_del` = 0 ORDER BY v_id desc LIMIT 10   [ RunTime:0.0004s ]
SQL: SHOW COLUMNS FROM `longhai_category` [ RunTime:0.0032s ]
SQL: SELECT * FROM `longhai_category` WHERE `c_del` = 0 ORDER BY c_id desc LIMIT 10   [ RunTime:0.0006s ]
SQL: SHOW COLUMNS FROM `longhai_pic` [ RunTime:0.0052s ]
SQL: SELECT * FROM `longhai_pic` WHERE `p_del` = 0 ORDER BY p_id desc LIMIT 10   [ RunTime:0.0003s ]

[ 2017-08-05T12:13:50+08:00 ] 127.0.0.1 /index.php/Home//Index/checkUserInfo
INFO: [ app_init ] --START--
INFO: Run Behavior\BuildLiteBehavior [ RunTime:0.000009s ]
INFO: [ app_init ] --END-- [ RunTime:0.000418s ]
INFO: [ app_begin ] --START--
INFO: Run Behavior\ReadHtmlCacheBehavior [ RunTime:0.000586s ]
INFO: [ app_begin ] --END-- [ RunTime:0.000628s ]
NOTIC: [8] Undefined index: openid D:\www\public\Application\Home\Controller\IndexController.class.php 第 10 行.

[ 2017-08-05T12:13:51+08:00 ] 127.0.0.1 /index.php/Home//Index/getIndex
INFO: [ app_init ] --START--
INFO: Run Behavior\BuildLiteBehavior [ RunTime:0.000028s ]
INFO: [ app_init ] --END-- [ RunTime:0.001087s ]
INFO: [ app_begin ] --START--
INFO: Run Behavior\ReadHtmlCacheBehavior [ RunTime:0.001311s ]
INFO: [ app_begin ] --END-- [ RunTime:0.001433s ]
SQL: SHOW COLUMNS FROM `longhai_lecturer` [ RunTime:0.0054s ]
SQL: SELECT * FROM `longhai_lecturer` WHERE `l_del` = 0 ORDER BY l_id desc LIMIT 10   [ RunTime:0.0005s ]
SQL: SHOW COLUMNS FROM `longhai_video` [ RunTime:0.0052s ]
SQL: SELECT * FROM `longhai_video` WHERE `v_del` = 0 ORDER BY v_id desc LIMIT 10   [ RunTime:0.0005s ]
SQL: SHOW COLUMNS FROM `longhai_category` [ RunTime:0.0049s ]
SQL: SELECT * FROM `longhai_category` WHERE `c_del` = 0 ORDER BY c_id desc LIMIT 10   [ RunTime:0.0004s ]
SQL: SHOW COLUMNS FROM `longhai_pic` [ RunTime:0.0052s ]
SQL: SELECT * FROM `longhai_pic` WHERE `p_del` = 0 ORDER BY p_id desc LIMIT 10   [ RunTime:0.0004s ]

[ 2017-08-05T12:15:42+08:00 ] 127.0.0.1 /index.php/Home//Index/checkUserInfo
INFO: [ app_init ] --START--
INFO: Run Behavior\BuildLiteBehavior [ RunTime:0.000009s ]
INFO: [ app_init ] --END-- [ RunTime:0.000427s ]
INFO: [ app_begin ] --START--
INFO: Run Behavior\ReadHtmlCacheBehavior [ RunTime:0.000352s ]
INFO: [ app_begin ] --END-- [ RunTime:0.000385s ]
NOTIC: [8] Undefined index: openid D:\www\public\Application\Home\Controller\IndexController.class.php 第 10 行.

[ 2017-08-05T12:15:43+08:00 ] 127.0.0.1 /index.php/Home//Index/getIndex
INFO: [ app_init ] --START--
INFO: Run Behavior\BuildLiteBehavior [ RunTime:0.000017s ]
INFO: [ app_init ] --END-- [ RunTime:0.000713s ]
INFO: [ app_begin ] --START--
INFO: Run Behavior\ReadHtmlCacheBehavior [ RunTime:0.000837s ]
INFO: [ app_begin ] --END-- [ RunTime:0.000913s ]
SQL: SHOW COLUMNS FROM `longhai_lecturer` [ RunTime:0.0068s ]
SQL: SELECT * FROM `longhai_lecturer` WHERE `l_del` = 0 ORDER BY l_id desc LIMIT 10   [ RunTime:0.0006s ]
SQL: SHOW COLUMNS FROM `longhai_video` [ RunTime:0.0066s ]
SQL: SELECT * FROM `longhai_video` WHERE `v_del` = 0 ORDER BY v_id desc LIMIT 10   [ RunTime:0.0006s ]
SQL: SHOW COLUMNS FROM `longhai_category` [ RunTime:0.0061s ]
SQL: SELECT * FROM `longhai_category` WHERE `c_del` = 0 ORDER BY c_id desc LIMIT 10   [ RunTime:0.0005s ]
SQL: SHOW COLUMNS FROM `longhai_pic` [ RunTime:0.0065s ]
SQL: SELECT * FROM `longhai_pic` WHERE `p_del` = 0 ORDER BY p_id desc LIMIT 10   [ RunTime:0.0005s ]

[ 2017-08-05T12:16:47+08:00 ] 127.0.0.1 /index.php/Home//Index/getIndex
INFO: [ app_init ] --START--
INFO: Run Behavior\BuildLiteBehavior [ RunTime:0.000019s ]
INFO: [ app_init ] --END-- [ RunTime:0.000865s ]
INFO: [ app_begin ] --START--
INFO: Run Behavior\ReadHtmlCacheBehavior [ RunTime:0.000978s ]
INFO: [ app_begin ] --END-- [ RunTime:0.001063s ]
SQL: SHOW COLUMNS FROM `longhai_lecturer` [ RunTime:0.0052s ]
SQL: SELECT * FROM `longhai_lecturer` WHERE `l_del` = 0 ORDER BY l_id desc LIMIT 10   [ RunTime:0.0005s ]
SQL: SHOW COLUMNS FROM `longhai_video` [ RunTime:0.0048s ]
SQL: SELECT * FROM `longhai_video` WHERE `v_del` = 0 ORDER BY v_id desc LIMIT 10   [ RunTime:0.0005s ]
SQL: SHOW COLUMNS FROM `longhai_category` [ RunTime:0.0043s ]
SQL: SELECT * FROM `longhai_category` WHERE `c_del` = 0 ORDER BY c_id desc LIMIT 10   [ RunTime:0.0004s ]
SQL: SHOW COLUMNS FROM `longhai_pic` [ RunTime:0.0047s ]
SQL: SELECT * FROM `longhai_pic` WHERE `p_del` = 0 ORDER BY p_id desc LIMIT 10   [ RunTime:0.0004s ]

[ 2017-08-05T12:16:52+08:00 ] 127.0.0.1 /index.php/Home//Index/checkUserInfo
INFO: [ app_init ] --START--
INFO: Run Behavior\BuildLiteBehavior [ RunTime:0.000013s ]
INFO: [ app_init ] --END-- [ RunTime:0.000617s ]
INFO: [ app_begin ] --START--
INFO: Run Behavior\ReadHtmlCacheBehavior [ RunTime:0.000608s ]
INFO: [ app_begin ] --END-- [ RunTime:0.000679s ]
NOTIC: [8] Undefined index: openid D:\www\public\Application\Home\Controller\IndexController.class.php 第 10 行.

[ 2017-08-05T12:17:38+08:00 ] 127.0.0.1 /index.php/Home//Index/getIndex
INFO: [ app_init ] --START--
INFO: Run Behavior\BuildLiteBehavior [ RunTime:0.000016s ]
INFO: [ app_init ] --END-- [ RunTime:0.000626s ]
INFO: [ app_begin ] --START--
INFO: Run Behavior\ReadHtmlCacheBehavior [ RunTime:0.000667s ]
INFO: [ app_begin ] --END-- [ RunTime:0.000726s ]
SQL: SHOW COLUMNS FROM `longhai_lecturer` [ RunTime:0.0059s ]
SQL: SELECT * FROM `longhai_lecturer` WHERE `l_del` = 0 ORDER BY l_id desc LIMIT 10   [ RunTime:0.0006s ]
SQL: SHOW COLUMNS FROM `longhai_video` [ RunTime:0.0055s ]
SQL: SELECT * FROM `longhai_video` WHERE `v_del` = 0 ORDER BY v_id desc LIMIT 10   [ RunTime:0.0005s ]
SQL: SHOW COLUMNS FROM `longhai_category` [ RunTime:0.0053s ]
SQL: SELECT * FROM `longhai_category` WHERE `c_del` = 0 ORDER BY c_id desc LIMIT 10   [ RunTime:0.0004s ]
SQL: SHOW COLUMNS FROM `longhai_pic` [ RunTime:0.0057s ]
SQL: SELECT * FROM `longhai_pic` WHERE `p_del` = 0 ORDER BY p_id desc LIMIT 10   [ RunTime:0.0004s ]

[ 2017-08-05T12:17:44+08:00 ] 127.0.0.1 /index.php/Home//Index/checkUserInfo
INFO: [ app_init ] --START--
INFO: Run Behavior\BuildLiteBehavior [ RunTime:0.000017s ]
INFO: [ app_init ] --END-- [ RunTime:0.000694s ]
INFO: [ app_begin ] --START--
INFO: Run Behavior\ReadHtmlCacheBehavior [ RunTime:0.000876s ]
INFO: [ app_begin ] --END-- [ RunTime:0.000950s ]
NOTIC: [8] Undefined index: openid D:\www\public\Application\Home\Controller\IndexController.class.php 第 10 行.

[ 2017-08-05T12:18:12+08:00 ] 127.0.0.1 /index.php/Home//Index/getIndex
INFO: [ app_init ] --START--
INFO: Run Behavior\BuildLiteBehavior [ RunTime:0.000013s ]
INFO: [ app_init ] --END-- [ RunTime:0.000549s ]
INFO: [ app_begin ] --START--
INFO: Run Behavior\ReadHtmlCacheBehavior [ RunTime:0.000623s ]
INFO: [ app_begin ] --END-- [ RunTime:0.000679s ]
SQL: SHOW COLUMNS FROM `longhai_lecturer` [ RunTime:0.0050s ]
SQL: SELECT * FROM `longhai_lecturer` WHERE `l_del` = 0 ORDER BY l_id desc LIMIT 10   [ RunTime:0.0005s ]
SQL: SHOW COLUMNS FROM `longhai_video` [ RunTime:0.0048s ]
SQL: SELECT * FROM `longhai_video` WHERE `v_del` = 0 ORDER BY v_id desc LIMIT 10   [ RunTime:0.0005s ]
SQL: SHOW COLUMNS FROM `longhai_category` [ RunTime:0.0044s ]
SQL: SELECT * FROM `longhai_category` WHERE `c_del` = 0 ORDER BY c_id desc LIMIT 10   [ RunTime:0.0003s ]
SQL: SHOW COLUMNS FROM `longhai_pic` [ RunTime:0.0048s ]
SQL: SELECT * FROM `longhai_pic` WHERE `p_del` = 0 ORDER BY p_id desc LIMIT 10   [ RunTime:0.0004s ]

[ 2017-08-05T12:18:17+08:00 ] 127.0.0.1 /index.php/Home//Index/checkUserInfo
INFO: [ app_init ] --START--
INFO: Run Behavior\BuildLiteBehavior [ RunTime:0.000010s ]
INFO: [ app_init ] --END-- [ RunTime:0.000379s ]
INFO: [ app_begin ] --START--
INFO: Run Behavior\ReadHtmlCacheBehavior [ RunTime:0.000458s ]
INFO: [ app_begin ] --END-- [ RunTime:0.000491s ]
NOTIC: [8] Undefined index: openid D:\www\public\Application\Home\Controller\IndexController.class.php 第 10 行.

[ 2017-08-05T12:18:24+08:00 ] 127.0.0.1 /index.php/Home//Index/getIndex
INFO: [ app_init ] --START--
INFO: Run Behavior\BuildLiteBehavior [ RunTime:0.000018s ]
INFO: [ app_init ] --END-- [ RunTime:0.000725s ]
INFO: [ app_begin ] --START--
INFO: Run Behavior\ReadHtmlCacheBehavior [ RunTime:0.000817s ]
INFO: [ app_begin ] --END-- [ RunTime:0.000891s ]
SQL: SHOW COLUMNS FROM `longhai_lecturer` [ RunTime:0.0069s ]
SQL: SELECT * FROM `longhai_lecturer` WHERE `l_del` = 0 ORDER BY l_id desc LIMIT 10   [ RunTime:0.0006s ]
SQL: SHOW COLUMNS FROM `longhai_video` [ RunTime:0.0065s ]
SQL: SELECT * FROM `longhai_video` WHERE `v_del` = 0 ORDER BY v_id desc LIMIT 10   [ RunTime:0.0006s ]
SQL: SHOW COLUMNS FROM `longhai_category` [ RunTime:0.0061s ]
SQL: SELECT * FROM `longhai_category` WHERE `c_del` = 0 ORDER BY c_id desc LIMIT 10   [ RunTime:0.0005s ]
SQL: SHOW COLUMNS FROM `longhai_pic` [ RunTime:0.0057s ]
SQL: SELECT * FROM `longhai_pic` WHERE `p_del` = 0 ORDER BY p_id desc LIMIT 10   [ RunTime:0.0003s ]

[ 2017-08-05T12:18:30+08:00 ] 127.0.0.1 /index.php/Home//Index/checkUserInfo
INFO: [ app_init ] --START--
INFO: Run Behavior\BuildLiteBehavior [ RunTime:0.000007s ]
INFO: [ app_init ] --END-- [ RunTime:0.000365s ]
INFO: [ app_begin ] --START--
INFO: Run Behavior\ReadHtmlCacheBehavior [ RunTime:0.000594s ]
INFO: [ app_begin ] --END-- [ RunTime:0.000632s ]
NOTIC: [8] Undefined index: openid D:\www\public\Application\Home\Controller\IndexController.class.php 第 10 行.

[ 2017-08-05T13:01:18+08:00 ] 127.0.0.1 /index.php/Home//Index/getIndex
INFO: [ app_init ] --START--
INFO: Run Behavior\BuildLiteBehavior [ RunTime:0.000010s ]
INFO: [ app_init ] --END-- [ RunTime:0.000530s ]
INFO: [ app_begin ] --START--
INFO: Run Behavior\ReadHtmlCacheBehavior [ RunTime:0.000543s ]
INFO: [ app_begin ] --END-- [ RunTime:0.000582s ]
SQL: SHOW COLUMNS FROM `longhai_lecturer` [ RunTime:0.0044s ]
SQL: SELECT * FROM `longhai_lecturer` WHERE `l_del` = 0 ORDER BY l_id desc LIMIT 10   [ RunTime:0.0004s ]
SQL: SHOW COLUMNS FROM `longhai_video` [ RunTime:0.0043s ]
SQL: SELECT * FROM `longhai_video` WHERE `v_del` = 0 ORDER BY v_id desc LIMIT 10   [ RunTime:0.0004s ]
SQL: SHOW COLUMNS FROM `longhai_category` [ RunTime:0.0040s ]
SQL: SELECT * FROM `longhai_category` WHERE `c_del` = 0 ORDER BY c_id desc LIMIT 10   [ RunTime:0.0003s ]
SQL: SHOW COLUMNS FROM `longhai_pic` [ RunTime:0.0039s ]
SQL: SELECT * FROM `longhai_pic` WHERE `p_del` = 0 ORDER BY p_id desc LIMIT 10   [ RunTime:0.0003s ]

[ 2017-08-05T13:01:25+08:00 ] 127.0.0.1 /index.php/Home//Index/checkUserInfo
INFO: [ app_init ] --START--
INFO: Run Behavior\BuildLiteBehavior [ RunTime:0.000016s ]
INFO: [ app_init ] --END-- [ RunTime:0.000625s ]
INFO: [ app_begin ] --START--
INFO: Run Behavior\ReadHtmlCacheBehavior [ RunTime:0.000767s ]
INFO: [ app_begin ] --END-- [ RunTime:0.000832s ]
NOTIC: [8] Undefined index: openid D:\www\public\Application\Home\Controller\IndexController.class.php 第 10 行.

[ 2017-08-05T14:02:43+08:00 ] 127.0.0.1 /index.php/Home//Index/getIndex
INFO: [ app_init ] --START--
INFO: Run Behavior\BuildLiteBehavior [ RunTime:0.000008s ]
INFO: [ app_init ] --END-- [ RunTime:0.000405s ]
INFO: [ app_begin ] --START--
INFO: Run Behavior\ReadHtmlCacheBehavior [ RunTime:0.000460s ]
INFO: [ app_begin ] --END-- [ RunTime:0.000491s ]
SQL: SHOW COLUMNS FROM `longhai_lecturer` [ RunTime:0.0048s ]
SQL: SELECT * FROM `longhai_lecturer` WHERE `l_del` = 0 ORDER BY l_id desc LIMIT 10   [ RunTime:0.0004s ]
SQL: SHOW COLUMNS FROM `longhai_video` [ RunTime:0.0037s ]
SQL: SELECT * FROM `longhai_video` WHERE `v_del` = 0 ORDER BY v_id desc LIMIT 10   [ RunTime:0.0004s ]
SQL: SHOW COLUMNS FROM `longhai_category` [ RunTime:0.0037s ]
SQL: SELECT * FROM `longhai_category` WHERE `c_del` = 0 ORDER BY c_id desc LIMIT 10   [ RunTime:0.0003s ]
SQL: SHOW COLUMNS FROM `longhai_pic` [ RunTime:0.0037s ]
SQL: SELECT * FROM `longhai_pic` WHERE `p_del` = 0 ORDER BY p_id desc LIMIT 10   [ RunTime:0.0003s ]

[ 2017-08-05T14:02:49+08:00 ] 127.0.0.1 /index.php/Home//Index/checkUserInfo
INFO: [ app_init ] --START--
INFO: Run Behavior\BuildLiteBehavior [ RunTime:0.000010s ]
INFO: [ app_init ] --END-- [ RunTime:0.000552s ]
INFO: [ app_begin ] --START--
INFO: Run Behavior\ReadHtmlCacheBehavior [ RunTime:0.000578s ]
INFO: [ app_begin ] --END-- [ RunTime:0.000611s ]
NOTIC: [8] Undefined index: openid D:\www\public\Application\Home\Controller\IndexController.class.php 第 10 行.

[ 2017-08-05T14:02:58+08:00 ] 127.0.0.1 /index.php/Home//Index/getIndex
INFO: [ app_init ] --START--
INFO: Run Behavior\BuildLiteBehavior [ RunTime:0.000017s ]
INFO: [ app_init ] --END-- [ RunTime:0.000677s ]
INFO: [ app_begin ] --START--
INFO: Run Behavior\ReadHtmlCacheBehavior [ RunTime:0.000791s ]
INFO: [ app_begin ] --END-- [ RunTime:0.000862s ]
SQL: SHOW COLUMNS FROM `longhai_lecturer` [ RunTime:0.0039s ]
SQL: SELECT * FROM `longhai_lecturer` WHERE `l_del` = 0 ORDER BY l_id desc LIMIT 10   [ RunTime:0.0004s ]
SQL: SHOW COLUMNS FROM `longhai_video` [ RunTime:0.0038s ]
SQL: SELECT * FROM `longhai_video` WHERE `v_del` = 0 ORDER BY v_id desc LIMIT 10   [ RunTime:0.0004s ]
SQL: SHOW COLUMNS FROM `longhai_category` [ RunTime:0.0035s ]
SQL: SELECT * FROM `longhai_category` WHERE `c_del` = 0 ORDER BY c_id desc LIMIT 10   [ RunTime:0.0003s ]
SQL: SHOW COLUMNS FROM `longhai_pic` [ RunTime:0.0036s ]
SQL: SELECT * FROM `longhai_pic` WHERE `p_del` = 0 ORDER BY p_id desc LIMIT 10   [ RunTime:0.0004s ]

[ 2017-08-05T14:03:04+08:00 ] 127.0.0.1 /index.php/Home//Index/checkUserInfo
INFO: [ app_init ] --START--
INFO: Run Behavior\BuildLiteBehavior [ RunTime:0.000011s ]
INFO: [ app_init ] --END-- [ RunTime:0.000467s ]
INFO: [ app_begin ] --START--
INFO: Run Behavior\ReadHtmlCacheBehavior [ RunTime:0.000648s ]
INFO: [ app_begin ] --END-- [ RunTime:0.000693s ]
NOTIC: [8] Undefined index: openid D:\www\public\Application\Home\Controller\IndexController.class.php 第 10 行.

[ 2017-08-05T14:03:17+08:00 ] 127.0.0.1 /index.php/Home//Index/getIndex
INFO: [ app_init ] --START--
INFO: Run Behavior\BuildLiteBehavior [ RunTime:0.000010s ]
INFO: [ app_init ] --END-- [ RunTime:0.000402s ]
INFO: [ app_begin ] --START--
INFO: Run Behavior\ReadHtmlCacheBehavior [ RunTime:0.000528s ]
INFO: [ app_begin ] --END-- [ RunTime:0.000566s ]
SQL: SHOW COLUMNS FROM `longhai_lecturer` [ RunTime:0.0037s ]
SQL: SELECT * FROM `longhai_lecturer` WHERE `l_del` = 0 ORDER BY l_id desc LIMIT 10   [ RunTime:0.0003s ]
SQL: SHOW COLUMNS FROM `longhai_video` [ RunTime:0.0034s ]
SQL: SELECT * FROM `longhai_video` WHERE `v_del` = 0 ORDER BY v_id desc LIMIT 10   [ RunTime:0.0003s ]
SQL: SHOW COLUMNS FROM `longhai_category` [ RunTime:0.0031s ]
SQL: SELECT * FROM `longhai_category` WHERE `c_del` = 0 ORDER BY c_id desc LIMIT 10   [ RunTime:0.0003s ]
SQL: SHOW COLUMNS FROM `longhai_pic` [ RunTime:0.0035s ]
SQL: SELECT * FROM `longhai_pic` WHERE `p_del` = 0 ORDER BY p_id desc LIMIT 10   [ RunTime:0.0003s ]

[ 2017-08-05T14:03:22+08:00 ] 127.0.0.1 /index.php/Home//Index/checkUserInfo
INFO: [ app_init ] --START--
INFO: Run Behavior\BuildLiteBehavior [ RunTime:0.000012s ]
INFO: [ app_init ] --END-- [ RunTime:0.000606s ]
INFO: [ app_begin ] --START--
INFO: Run Behavior\ReadHtmlCacheBehavior [ RunTime:0.000571s ]
INFO: [ app_begin ] --END-- [ RunTime:0.000619s ]
NOTIC: [8] Undefined index: openid D:\www\public\Application\Home\Controller\IndexController.class.php 第 10 行.

[ 2017-08-05T14:03:41+08:00 ] 127.0.0.1 /index.php/Home//Index/getIndex
INFO: [ app_init ] --START--
INFO: Run Behavior\BuildLiteBehavior [ RunTime:0.000016s ]
INFO: [ app_init ] --END-- [ RunTime:0.000695s ]
INFO: [ app_begin ] --START--
INFO: Run Behavior\ReadHtmlCacheBehavior [ RunTime:0.000797s ]
INFO: [ app_begin ] --END-- [ RunTime:0.000873s ]
SQL: SHOW COLUMNS FROM `longhai_lecturer` [ RunTime:0.0047s ]
SQL: SELECT * FROM `longhai_lecturer` WHERE `l_del` = 0 ORDER BY l_id desc LIMIT 10   [ RunTime:0.0004s ]
SQL: SHOW COLUMNS FROM `longhai_video` [ RunTime:0.0044s ]
SQL: SELECT * FROM `longhai_video` WHERE `v_del` = 0 ORDER BY v_id desc LIMIT 10   [ RunTime:0.0005s ]
SQL: SHOW COLUMNS FROM `longhai_category` [ RunTime:0.0040s ]
SQL: SELECT * FROM `longhai_category` WHERE `c_del` = 0 ORDER BY c_id desc LIMIT 10   [ RunTime:0.0003s ]
SQL: SHOW COLUMNS FROM `longhai_pic` [ RunTime:0.0045s ]
SQL: SELECT * FROM `longhai_pic` WHERE `p_del` = 0 ORDER BY p_id desc LIMIT 10   [ RunTime:0.0003s ]

[ 2017-08-05T14:03:47+08:00 ] 127.0.0.1 /index.php/Home//Index/checkUserInfo
INFO: [ app_init ] --START--
INFO: Run Behavior\BuildLiteBehavior [ RunTime:0.000014s ]
INFO: [ app_init ] --END-- [ RunTime:0.000524s ]
INFO: [ app_begin ] --START--
INFO: Run Behavior\ReadHtmlCacheBehavior [ RunTime:0.000589s ]
INFO: [ app_begin ] --END-- [ RunTime:0.000642s ]
NOTIC: [8] Undefined index: openid D:\www\public\Application\Home\Controller\IndexController.class.php 第 10 行.

[ 2017-08-05T14:04:05+08:00 ] 127.0.0.1 /index.php/Home//Index/getIndex
INFO: [ app_init ] --START--
INFO: Run Behavior\BuildLiteBehavior [ RunTime:0.000014s ]
INFO: [ app_init ] --END-- [ RunTime:0.000584s ]
INFO: [ app_begin ] --START--
INFO: Run Behavior\ReadHtmlCacheBehavior [ RunTime:0.000658s ]
INFO: [ app_begin ] --END-- [ RunTime:0.000716s ]
SQL: SHOW COLUMNS FROM `longhai_lecturer` [ RunTime:0.0053s ]
SQL: SELECT * FROM `longhai_lecturer` WHERE `l_del` = 0 ORDER BY l_id desc LIMIT 10   [ RunTime:0.0005s ]
SQL: SHOW COLUMNS FROM `longhai_video` [ RunTime:0.0051s ]
SQL: SELECT * FROM `longhai_video` WHERE `v_del` = 0 ORDER BY v_id desc LIMIT 10   [ RunTime:0.0005s ]
SQL: SHOW COLUMNS FROM `longhai_category` [ RunTime:0.0049s ]
SQL: SELECT * FROM `longhai_category` WHERE `c_del` = 0 ORDER BY c_id desc LIMIT 10   [ RunTime:0.0004s ]
SQL: SHOW COLUMNS FROM `longhai_pic` [ RunTime:0.0049s ]
SQL: SELECT * FROM `longhai_pic` WHERE `p_del` = 0 ORDER BY p_id desc LIMIT 10   [ RunTime:0.0004s ]

[ 2017-08-05T14:04:10+08:00 ] 127.0.0.1 /index.php/Home//Index/checkUserInfo
INFO: [ app_init ] --START--
INFO: Run Behavior\BuildLiteBehavior [ RunTime:0.000016s ]
INFO: [ app_init ] --END-- [ RunTime:0.000664s ]
INFO: [ app_begin ] --START--
INFO: Run Behavior\ReadHtmlCacheBehavior [ RunTime:0.000974s ]
INFO: [ app_begin ] --END-- [ RunTime:0.001031s ]
NOTIC: [8] Undefined index: openid D:\www\public\Application\Home\Controller\IndexController.class.php 第 10 行.

[ 2017-08-05T14:04:15+08:00 ] 127.0.0.1 /index.php/Home//Index/checkUserInfo
INFO: [ app_init ] --START--
INFO: Run Behavior\BuildLiteBehavior [ RunTime:0.000009s ]
INFO: [ app_init ] --END-- [ RunTime:0.000391s ]
INFO: [ app_begin ] --START--
INFO: Run Behavior\ReadHtmlCacheBehavior [ RunTime:0.000416s ]
INFO: [ app_begin ] --END-- [ RunTime:0.000447s ]
NOTIC: [8] Undefined index: openid D:\www\public\Application\Home\Controller\IndexController.class.php 第 10 行.

[ 2017-08-05T14:04:16+08:00 ] 127.0.0.1 /index.php/Home//Index/getIndex
INFO: [ app_init ] --START--
INFO: Run Behavior\BuildLiteBehavior [ RunTime:0.000018s ]
INFO: [ app_init ] --END-- [ RunTime:0.000747s ]
INFO: [ app_begin ] --START--
INFO: Run Behavior\ReadHtmlCacheBehavior [ RunTime:0.000848s ]
INFO: [ app_begin ] --END-- [ RunTime:0.000923s ]
SQL: SHOW COLUMNS FROM `longhai_lecturer` [ RunTime:0.0073s ]
SQL: SELECT * FROM `longhai_lecturer` WHERE `l_del` = 0 ORDER BY l_id desc LIMIT 10   [ RunTime:0.0007s ]
SQL: SHOW COLUMNS FROM `longhai_video` [ RunTime:0.0067s ]
SQL: SELECT * FROM `longhai_video` WHERE `v_del` = 0 ORDER BY v_id desc LIMIT 10   [ RunTime:0.0008s ]
SQL: SHOW COLUMNS FROM `longhai_category` [ RunTime:0.0073s ]
SQL: SELECT * FROM `longhai_category` WHERE `c_del` = 0 ORDER BY c_id desc LIMIT 10   [ RunTime:0.0005s ]
SQL: SHOW COLUMNS FROM `longhai_pic` [ RunTime:0.0055s ]
SQL: SELECT * FROM `longhai_pic` WHERE `p_del` = 0 ORDER BY p_id desc LIMIT 10   [ RunTime:0.0004s ]

[ 2017-08-05T14:05:51+08:00 ] 127.0.0.1 /index.php/Home//Index/checkUserInfo
INFO: [ app_init ] --START--
INFO: Run Behavior\BuildLiteBehavior [ RunTime:0.000021s ]
INFO: [ app_init ] --END-- [ RunTime:0.000740s ]
INFO: [ app_begin ] --START--
INFO: Run Behavior\ReadHtmlCacheBehavior [ RunTime:0.000773s ]
INFO: [ app_begin ] --END-- [ RunTime:0.000847s ]
NOTIC: [8] Undefined index: openid D:\www\public\Application\Home\Controller\IndexController.class.php 第 10 行.

[ 2017-08-05T14:05:52+08:00 ] 127.0.0.1 /index.php/Home//Index/getIndex
INFO: [ app_init ] --START--
INFO: Run Behavior\BuildLiteBehavior [ RunTime:0.000014s ]
INFO: [ app_init ] --END-- [ RunTime:0.000814s ]
INFO: [ app_begin ] --START--
INFO: Run Behavior\ReadHtmlCacheBehavior [ RunTime:0.000666s ]
INFO: [ app_begin ] --END-- [ RunTime:0.000726s ]
SQL: SHOW COLUMNS FROM `longhai_lecturer` [ RunTime:0.0054s ]
SQL: SELECT * FROM `longhai_lecturer` WHERE `l_del` = 0 ORDER BY l_id desc LIMIT 10   [ RunTime:0.0005s ]
SQL: SHOW COLUMNS FROM `longhai_video` [ RunTime:0.0051s ]
SQL: SELECT * FROM `longhai_video` WHERE `v_del` = 0 ORDER BY v_id desc LIMIT 10   [ RunTime:0.0005s ]
SQL: SHOW COLUMNS FROM `longhai_category` [ RunTime:0.0052s ]
SQL: SELECT * FROM `longhai_category` WHERE `c_del` = 0 ORDER BY c_id desc LIMIT 10   [ RunTime:0.0004s ]
SQL: SHOW COLUMNS FROM `longhai_pic` [ RunTime:0.0051s ]
SQL: SELECT * FROM `longhai_pic` WHERE `p_del` = 0 ORDER BY p_id desc LIMIT 10   [ RunTime:0.0004s ]

[ 2017-08-05T14:07:34+08:00 ] 127.0.0.1 /index.php/Home//Index/getIndex
INFO: [ app_init ] --START--
INFO: Run Behavior\BuildLiteBehavior [ RunTime:0.000015s ]
INFO: [ app_init ] --END-- [ RunTime:0.000599s ]
INFO: [ app_begin ] --START--
INFO: Run Behavior\ReadHtmlCacheBehavior [ RunTime:0.000681s ]
INFO: [ app_begin ] --END-- [ RunTime:0.000741s ]
SQL: SHOW COLUMNS FROM `longhai_lecturer` [ RunTime:0.0055s ]
SQL: SELECT * FROM `longhai_lecturer` WHERE `l_del` = 0 ORDER BY l_id desc LIMIT 10   [ RunTime:0.0005s ]
SQL: SHOW COLUMNS FROM `longhai_video` [ RunTime:0.0059s ]
SQL: SELECT * FROM `longhai_video` WHERE `v_del` = 0 ORDER BY v_id desc LIMIT 10   [ RunTime:0.0006s ]
SQL: SHOW COLUMNS FROM `longhai_category` [ RunTime:0.0054s ]
SQL: SELECT * FROM `longhai_category` WHERE `c_del` = 0 ORDER BY c_id desc LIMIT 10   [ RunTime:0.0004s ]
SQL: SHOW COLUMNS FROM `longhai_pic` [ RunTime:0.0056s ]
SQL: SELECT * FROM `longhai_pic` WHERE `p_del` = 0 ORDER BY p_id desc LIMIT 10   [ RunTime:0.0003s ]

[ 2017-08-05T14:07:39+08:00 ] 127.0.0.1 /index.php/Home//Index/checkUserInfo
INFO: [ app_init ] --START--
INFO: Run Behavior\BuildLiteBehavior [ RunTime:0.000009s ]
INFO: [ app_init ] --END-- [ RunTime:0.000397s ]
INFO: [ app_begin ] --START--
INFO: Run Behavior\ReadHtmlCacheBehavior [ RunTime:0.000520s ]
INFO: [ app_begin ] --END-- [ RunTime:0.000559s ]
NOTIC: [8] Undefined index: openid D:\www\public\Application\Home\Controller\IndexController.class.php 第 10 行.

