[ 2017-08-04T17:10:43+08:00 ] 127.0.0.1 /index.php/Home/Api/member-login.html
INFO: [ app_init ] --START--
INFO: Run Behavior\BuildLiteBehavior [ RunTime:0.000009s ]
INFO: [ app_init ] --END-- [ RunTime:0.001450s ]
INFO: [ app_begin ] --START--
INFO: Run Behavior\ReadHtmlCacheBehavior [ RunTime:0.000538s ]
INFO: [ app_begin ] --END-- [ RunTime:0.000572s ]
NOTIC: [2] session_start(): Cannot send session cache limiter - headers already sent D:\www\public\ThinkPHP\Common\functions.php 第 1263 行.
NOTIC: [2] Cannot modify header information - headers already sent D:\www\public\ThinkPHP\Library\Think\Controller.class.php 第 215 行.

[ 2017-08-04T17:10:57+08:00 ] 127.0.0.1 /index.php/Home/Api/member-login.html
INFO: [ app_init ] --START--
INFO: Run Behavior\BuildLiteBehavior [ RunTime:0.000008s ]
INFO: [ app_init ] --END-- [ RunTime:0.000408s ]
INFO: [ app_begin ] --START--
INFO: Run Behavior\ReadHtmlCacheBehavior [ RunTime:0.000446s ]
INFO: [ app_begin ] --END-- [ RunTime:0.000476s ]
NOTIC: [2] session_start(): Cannot send session cache limiter - headers already sent D:\www\public\ThinkPHP\Common\functions.php 第 1263 行.
NOTIC: [2] Cannot modify header information - headers already sent D:\www\public\ThinkPHP\Library\Think\Controller.class.php 第 215 行.

[ 2017-08-04T17:12:29+08:00 ] 127.0.0.1 /index.php/Home/Index/checkUserInfo.html
INFO: [ app_init ] --START--
INFO: Run Behavior\BuildLiteBehavior [ RunTime:0.000009s ]
INFO: [ app_init ] --END-- [ RunTime:0.000270s ]
INFO: [ app_begin ] --START--
INFO: Run Behavior\ReadHtmlCacheBehavior [ RunTime:0.000378s ]
INFO: [ app_begin ] --END-- [ RunTime:0.000410s ]
NOTIC: [2] session_start(): Cannot send session cache limiter - headers already sent D:\www\public\ThinkPHP\Common\functions.php 第 1263 行.
NOTIC: [8] Undefined index: openid D:\www\public\Application\Home\Controller\IndexController.class.php 第 10 行.
NOTIC: [2] Cannot modify header information - headers already sent D:\www\public\ThinkPHP\Library\Think\Controller.class.php 第 215 行.

[ 2017-08-04T17:13:07+08:00 ] 127.0.0.1 /index.php/Home/Index/checkUserInfo.html
INFO: [ app_init ] --START--
INFO: Run Behavior\BuildLiteBehavior [ RunTime:0.000008s ]
INFO: [ app_init ] --END-- [ RunTime:0.000430s ]
INFO: [ app_begin ] --START--
INFO: Run Behavior\ReadHtmlCacheBehavior [ RunTime:0.000494s ]
INFO: [ app_begin ] --END-- [ RunTime:0.000526s ]
NOTIC: [8] Undefined index: openid D:\www\public\Application\Home\Controller\IndexController.class.php 第 10 行.

[ 2017-08-04T17:13:54+08:00 ] 127.0.0.1 /index.php/Home/Index/getIndex.html
INFO: [ app_init ] --START--
INFO: Run Behavior\BuildLiteBehavior [ RunTime:0.000008s ]
INFO: [ app_init ] --END-- [ RunTime:0.000275s ]
INFO: [ app_begin ] --START--
INFO: Run Behavior\ReadHtmlCacheBehavior [ RunTime:0.000329s ]
INFO: [ app_begin ] --END-- [ RunTime:0.000359s ]
SQL: SHOW COLUMNS FROM `longhai_lecturer` [ RunTime:0.0228s ]
SQL: SELECT * FROM `longhai_lecturer` WHERE `l_del` = 0 ORDER BY l_id desc LIMIT 2,10   [ RunTime:0.0011s ]
SQL: SHOW COLUMNS FROM `longhai_video` [ RunTime:0.0124s ]
SQL: SELECT * FROM `longhai_video` WHERE `v_del` = 0 ORDER BY v_id desc LIMIT 10   [ RunTime:0.0013s ]
SQL: SELECT * FROM `longhai_lecturer` WHERE `l_del` = 0 ORDER BY l_id desc LIMIT 10,10   [ RunTime:0.0010s ]

[ 2017-08-04T17:28:34+08:00 ] 127.0.0.1 /index.php/Home//Index/checkUserInfo
INFO: [ app_init ] --START--
INFO: Run Behavior\BuildLiteBehavior [ RunTime:0.000020s ]
INFO: [ app_init ] --END-- [ RunTime:0.000915s ]
INFO: [ app_begin ] --START--
INFO: Run Behavior\ReadHtmlCacheBehavior [ RunTime:0.001001s ]
INFO: [ app_begin ] --END-- [ RunTime:0.001085s ]
NOTIC: [8] Undefined index: openid D:\www\public\Application\Home\Controller\IndexController.class.php 第 10 行.

[ 2017-08-04T17:28:35+08:00 ] 127.0.0.1 /index.php/Home//Index/getIndex
INFO: [ app_init ] --START--
INFO: Run Behavior\BuildLiteBehavior [ RunTime:0.000017s ]
INFO: [ app_init ] --END-- [ RunTime:0.000704s ]
INFO: [ app_begin ] --START--
INFO: Run Behavior\ReadHtmlCacheBehavior [ RunTime:0.000785s ]
INFO: [ app_begin ] --END-- [ RunTime:0.000855s ]
SQL: SHOW COLUMNS FROM `longhai_lecturer` [ RunTime:0.0036s ]
SQL: SELECT * FROM `longhai_lecturer` WHERE `l_del` = 0 ORDER BY l_id desc LIMIT 2,10   [ RunTime:0.0003s ]
SQL: SHOW COLUMNS FROM `longhai_video` [ RunTime:0.0034s ]
SQL: SELECT * FROM `longhai_video` WHERE `v_del` = 0 ORDER BY v_id desc LIMIT 10   [ RunTime:0.0003s ]
SQL: SELECT * FROM `longhai_lecturer` WHERE `l_del` = 0 ORDER BY l_id desc LIMIT 10,10   [ RunTime:0.0003s ]

[ 2017-08-04T17:29:35+08:00 ] 127.0.0.1 /index.php/Home//Index/checkUserInfo
INFO: [ app_init ] --START--
INFO: Run Behavior\BuildLiteBehavior [ RunTime:0.000009s ]
INFO: [ app_init ] --END-- [ RunTime:0.000403s ]
INFO: [ app_begin ] --START--
INFO: Run Behavior\ReadHtmlCacheBehavior [ RunTime:0.000490s ]
INFO: [ app_begin ] --END-- [ RunTime:0.000521s ]
NOTIC: [8] Undefined index: openid D:\www\public\Application\Home\Controller\IndexController.class.php 第 10 行.

[ 2017-08-04T17:29:35+08:00 ] 127.0.0.1 /index.php/Home//Index/getIndex
INFO: [ app_init ] --START--
INFO: Run Behavior\BuildLiteBehavior [ RunTime:0.000015s ]
INFO: [ app_init ] --END-- [ RunTime:0.000480s ]
INFO: [ app_begin ] --START--
INFO: Run Behavior\ReadHtmlCacheBehavior [ RunTime:0.000422s ]
INFO: [ app_begin ] --END-- [ RunTime:0.000456s ]
SQL: SHOW COLUMNS FROM `longhai_lecturer` [ RunTime:0.0061s ]
SQL: SELECT * FROM `longhai_lecturer` WHERE `l_del` = 0 ORDER BY l_id desc LIMIT 2,10   [ RunTime:0.0009s ]
SQL: SHOW COLUMNS FROM `longhai_video` [ RunTime:0.0086s ]
SQL: SELECT * FROM `longhai_video` WHERE `v_del` = 0 ORDER BY v_id desc LIMIT 10   [ RunTime:0.0006s ]
SQL: SELECT * FROM `longhai_lecturer` WHERE `l_del` = 0 ORDER BY l_id desc LIMIT 10,10   [ RunTime:0.0005s ]

[ 2017-08-04T17:30:00+08:00 ] 127.0.0.1 /index.php/Home//Index/checkUserInfo
INFO: [ app_init ] --START--
INFO: Run Behavior\BuildLiteBehavior [ RunTime:0.000009s ]
INFO: [ app_init ] --END-- [ RunTime:0.000365s ]
INFO: [ app_begin ] --START--
INFO: Run Behavior\ReadHtmlCacheBehavior [ RunTime:0.000621s ]
INFO: [ app_begin ] --END-- [ RunTime:0.000740s ]
NOTIC: [8] Undefined index: openid D:\www\public\Application\Home\Controller\IndexController.class.php 第 10 行.

[ 2017-08-04T17:30:01+08:00 ] 127.0.0.1 /index.php/Home//Index/getIndex
INFO: [ app_init ] --START--
INFO: Run Behavior\BuildLiteBehavior [ RunTime:0.000009s ]
INFO: [ app_init ] --END-- [ RunTime:0.000468s ]
INFO: [ app_begin ] --START--
INFO: Run Behavior\ReadHtmlCacheBehavior [ RunTime:0.000540s ]
INFO: [ app_begin ] --END-- [ RunTime:0.000575s ]
SQL: SHOW COLUMNS FROM `longhai_lecturer` [ RunTime:0.0081s ]
SQL: SELECT * FROM `longhai_lecturer` WHERE `l_del` = 0 ORDER BY l_id desc LIMIT 2,10   [ RunTime:0.0007s ]
SQL: SHOW COLUMNS FROM `longhai_video` [ RunTime:0.0059s ]
SQL: SELECT * FROM `longhai_video` WHERE `v_del` = 0 ORDER BY v_id desc LIMIT 10   [ RunTime:0.0003s ]
SQL: SELECT * FROM `longhai_lecturer` WHERE `l_del` = 0 ORDER BY l_id desc LIMIT 10,10   [ RunTime:0.0004s ]

[ 2017-08-04T17:30:55+08:00 ] 127.0.0.1 /index.php/Home//Index/checkUserInfo
INFO: [ app_init ] --START--
INFO: Run Behavior\BuildLiteBehavior [ RunTime:0.000012s ]
INFO: [ app_init ] --END-- [ RunTime:0.000452s ]
INFO: [ app_begin ] --START--
INFO: Run Behavior\ReadHtmlCacheBehavior [ RunTime:0.000627s ]
INFO: [ app_begin ] --END-- [ RunTime:0.000735s ]
NOTIC: [8] Undefined index: openid D:\www\public\Application\Home\Controller\IndexController.class.php 第 10 行.

[ 2017-08-04T17:30:55+08:00 ] 127.0.0.1 /index.php/Home//Index/getIndex
INFO: [ app_init ] --START--
INFO: Run Behavior\BuildLiteBehavior [ RunTime:0.000010s ]
INFO: [ app_init ] --END-- [ RunTime:0.000325s ]
INFO: [ app_begin ] --START--
INFO: Run Behavior\ReadHtmlCacheBehavior [ RunTime:0.000391s ]
INFO: [ app_begin ] --END-- [ RunTime:0.000432s ]
SQL: SHOW COLUMNS FROM `longhai_lecturer` [ RunTime:0.0041s ]
SQL: SELECT * FROM `longhai_lecturer` WHERE `l_del` = 0 ORDER BY l_id desc LIMIT 10   [ RunTime:0.0004s ]
SQL: SHOW COLUMNS FROM `longhai_video` [ RunTime:0.0044s ]
SQL: SELECT * FROM `longhai_video` WHERE `v_del` = 0 ORDER BY v_id desc LIMIT 10   [ RunTime:0.0005s ]
SQL: SELECT * FROM `longhai_lecturer` WHERE `l_del` = 0 ORDER BY l_id desc LIMIT 10,10   [ RunTime:0.0005s ]

