[ 2017-08-10T09:19:53+08:00 ] 127.0.0.1 /index.php/Home//Index/checkUserInfo
INFO: [ app_init ] --START--
INFO: Run Behavior\BuildLiteBehavior [ RunTime:0.000010s ]
INFO: [ app_init ] --END-- [ RunTime:0.002264s ]
INFO: [ app_begin ] --START--
INFO: Run Behavior\ReadHtmlCacheBehavior [ RunTime:0.001021s ]
INFO: [ app_begin ] --END-- [ RunTime:0.001077s ]
NOTIC: [8] Undefined index: openid D:\www\public\Application\Home\Controller\IndexController.class.php 第 10 行.

[ 2017-08-10T09:19:53+08:00 ] 127.0.0.1 /index.php/Home//Index/getIndex
INFO: [ app_init ] --START--
INFO: Run Behavior\BuildLiteBehavior [ RunTime:0.000030s ]
INFO: [ app_init ] --END-- [ RunTime:0.000748s ]
INFO: [ app_begin ] --START--
INFO: Run Behavior\ReadHtmlCacheBehavior [ RunTime:0.000482s ]
INFO: [ app_begin ] --END-- [ RunTime:0.000523s ]
SQL: SHOW COLUMNS FROM `longhai_lecturer` [ RunTime:0.0374s ]
SQL: SELECT * FROM `longhai_lecturer` WHERE `l_del` = 0 ORDER BY l_id desc LIMIT 10   [ RunTime:0.0062s ]
SQL: SHOW COLUMNS FROM `longhai_video` [ RunTime:0.0114s ]
SQL: SELECT * FROM `longhai_video` WHERE `v_del` = 0 ORDER BY v_id desc LIMIT 10   [ RunTime:0.0012s ]
SQL: SHOW COLUMNS FROM `longhai_category` [ RunTime:0.0286s ]
SQL: SELECT * FROM `longhai_category` WHERE `c_del` = 0 ORDER BY c_id desc LIMIT 10   [ RunTime:0.0006s ]
SQL: SHOW COLUMNS FROM `longhai_pic` [ RunTime:0.0437s ]
SQL: SELECT * FROM `longhai_pic` WHERE `p_del` = 0 ORDER BY p_id desc LIMIT 10   [ RunTime:0.0008s ]

[ 2017-08-10T09:20:29+08:00 ] 127.0.0.1 /index.php/Home//Index/getIndex
INFO: [ app_init ] --START--
INFO: Run Behavior\BuildLiteBehavior [ RunTime:0.000008s ]
INFO: [ app_init ] --END-- [ RunTime:0.000301s ]
INFO: [ app_begin ] --START--
INFO: Run Behavior\ReadHtmlCacheBehavior [ RunTime:0.000399s ]
INFO: [ app_begin ] --END-- [ RunTime:0.000433s ]
SQL: SHOW COLUMNS FROM `longhai_lecturer` [ RunTime:0.0038s ]
SQL: SELECT * FROM `longhai_lecturer` WHERE `l_del` = 0 ORDER BY l_id desc LIMIT 10   [ RunTime:0.0004s ]
SQL: SHOW COLUMNS FROM `longhai_video` [ RunTime:0.0030s ]
SQL: SELECT * FROM `longhai_video` WHERE `v_del` = 0 ORDER BY v_id desc LIMIT 10   [ RunTime:0.0003s ]
SQL: SHOW COLUMNS FROM `longhai_category` [ RunTime:0.0029s ]
SQL: SELECT * FROM `longhai_category` WHERE `c_del` = 0 ORDER BY c_id desc LIMIT 10   [ RunTime:0.0002s ]
SQL: SHOW COLUMNS FROM `longhai_pic` [ RunTime:0.0034s ]
SQL: SELECT * FROM `longhai_pic` WHERE `p_del` = 0 ORDER BY p_id desc LIMIT 10   [ RunTime:0.0004s ]

[ 2017-08-10T09:20:29+08:00 ] 127.0.0.1 /index.php/Home//Index/checkUserInfo
INFO: [ app_init ] --START--
INFO: Run Behavior\BuildLiteBehavior [ RunTime:0.000010s ]
INFO: [ app_init ] --END-- [ RunTime:0.000512s ]
INFO: [ app_begin ] --START--
INFO: Run Behavior\ReadHtmlCacheBehavior [ RunTime:0.000495s ]
INFO: [ app_begin ] --END-- [ RunTime:0.000531s ]
NOTIC: [8] Undefined index: openid D:\www\public\Application\Home\Controller\IndexController.class.php 第 10 行.

[ 2017-08-10T09:44:39+08:00 ] 127.0.0.1 /index.php/Home//Index/checkUserInfo
INFO: [ app_init ] --START--
INFO: Run Behavior\BuildLiteBehavior [ RunTime:0.000009s ]
INFO: [ app_init ] --END-- [ RunTime:0.000491s ]
INFO: [ app_begin ] --START--
INFO: Run Behavior\ReadHtmlCacheBehavior [ RunTime:0.000475s ]
INFO: [ app_begin ] --END-- [ RunTime:0.000511s ]
NOTIC: [8] Undefined index: openid D:\www\public\Application\Home\Controller\IndexController.class.php 第 10 行.

[ 2017-08-10T09:44:40+08:00 ] 127.0.0.1 /index.php/Home//Index/getIndex
INFO: [ app_init ] --START--
INFO: Run Behavior\BuildLiteBehavior [ RunTime:0.000015s ]
INFO: [ app_init ] --END-- [ RunTime:0.000662s ]
INFO: [ app_begin ] --START--
INFO: Run Behavior\ReadHtmlCacheBehavior [ RunTime:0.000785s ]
INFO: [ app_begin ] --END-- [ RunTime:0.000855s ]
SQL: SHOW COLUMNS FROM `longhai_lecturer` [ RunTime:0.0063s ]
SQL: SELECT * FROM `longhai_lecturer` WHERE `l_del` = 0 ORDER BY l_id desc LIMIT 10   [ RunTime:0.0007s ]
SQL: SHOW COLUMNS FROM `longhai_video` [ RunTime:0.0060s ]
SQL: SELECT * FROM `longhai_video` WHERE `v_del` = 0 ORDER BY v_id desc LIMIT 10   [ RunTime:0.0006s ]
SQL: SHOW COLUMNS FROM `longhai_category` [ RunTime:0.0054s ]
SQL: SELECT * FROM `longhai_category` WHERE `c_del` = 0 ORDER BY c_id desc LIMIT 10   [ RunTime:0.0005s ]
SQL: SHOW COLUMNS FROM `longhai_pic` [ RunTime:0.0064s ]
SQL: SELECT * FROM `longhai_pic` WHERE `p_del` = 0 ORDER BY p_id desc LIMIT 10   [ RunTime:0.0005s ]

[ 2017-08-10T09:44:48+08:00 ] 127.0.0.1 /index.php/Home//Api/getLecturerDetail
INFO: [ app_init ] --START--
INFO: Run Behavior\BuildLiteBehavior [ RunTime:0.000020s ]
INFO: [ app_init ] --END-- [ RunTime:0.000754s ]
INFO: [ app_begin ] --START--
INFO: Run Behavior\ReadHtmlCacheBehavior [ RunTime:0.001529s ]
INFO: [ app_begin ] --END-- [ RunTime:0.001568s ]

[ 2017-08-10T09:44:49+08:00 ] 127.0.0.1 /index.php/Home//Index/checkUserInfo
INFO: [ app_init ] --START--
INFO: Run Behavior\BuildLiteBehavior [ RunTime:0.000013s ]
INFO: [ app_init ] --END-- [ RunTime:0.000426s ]
INFO: [ app_begin ] --START--
INFO: Run Behavior\ReadHtmlCacheBehavior [ RunTime:0.000478s ]
INFO: [ app_begin ] --END-- [ RunTime:0.000516s ]
NOTIC: [8] Undefined index: openid D:\www\public\Application\Home\Controller\IndexController.class.php 第 10 行.

[ 2017-08-10T09:44:54+08:00 ] 127.0.0.1 /index.php/Home//Index/checkUserInfo
INFO: [ app_init ] --START--
INFO: Run Behavior\BuildLiteBehavior [ RunTime:0.000010s ]
INFO: [ app_init ] --END-- [ RunTime:0.000533s ]
INFO: [ app_begin ] --START--
INFO: Run Behavior\ReadHtmlCacheBehavior [ RunTime:0.000462s ]
INFO: [ app_begin ] --END-- [ RunTime:0.000497s ]
NOTIC: [8] Undefined index: openid D:\www\public\Application\Home\Controller\IndexController.class.php 第 10 行.

[ 2017-08-10T09:44:55+08:00 ] 127.0.0.1 /index.php/Home//Index/getIndex
INFO: [ app_init ] --START--
INFO: Run Behavior\BuildLiteBehavior [ RunTime:0.000018s ]
INFO: [ app_init ] --END-- [ RunTime:0.000739s ]
INFO: [ app_begin ] --START--
INFO: Run Behavior\ReadHtmlCacheBehavior [ RunTime:0.000925s ]
INFO: [ app_begin ] --END-- [ RunTime:0.001002s ]
SQL: SHOW COLUMNS FROM `longhai_lecturer` [ RunTime:0.0061s ]
SQL: SELECT * FROM `longhai_lecturer` WHERE `l_del` = 0 ORDER BY l_id desc LIMIT 10   [ RunTime:0.0007s ]
SQL: SHOW COLUMNS FROM `longhai_video` [ RunTime:0.0060s ]
SQL: SELECT * FROM `longhai_video` WHERE `v_del` = 0 ORDER BY v_id desc LIMIT 10   [ RunTime:0.0007s ]
SQL: SHOW COLUMNS FROM `longhai_category` [ RunTime:0.0061s ]
SQL: SELECT * FROM `longhai_category` WHERE `c_del` = 0 ORDER BY c_id desc LIMIT 10   [ RunTime:0.0010s ]
SQL: SHOW COLUMNS FROM `longhai_pic` [ RunTime:0.0063s ]
SQL: SELECT * FROM `longhai_pic` WHERE `p_del` = 0 ORDER BY p_id desc LIMIT 10   [ RunTime:0.0005s ]

[ 2017-08-10T09:44:57+08:00 ] 127.0.0.1 /index.php/Home//Index/checkUserInfo
INFO: [ app_init ] --START--
INFO: Run Behavior\BuildLiteBehavior [ RunTime:0.000032s ]
INFO: [ app_init ] --END-- [ RunTime:0.000994s ]
INFO: [ app_begin ] --START--
INFO: Run Behavior\ReadHtmlCacheBehavior [ RunTime:0.001171s ]
INFO: [ app_begin ] --END-- [ RunTime:0.001244s ]
NOTIC: [8] Undefined index: openid D:\www\public\Application\Home\Controller\IndexController.class.php 第 10 行.

[ 2017-08-10T09:44:57+08:00 ] 127.0.0.1 /index.php/Home//Index/getIndex
INFO: [ app_init ] --START--
INFO: Run Behavior\BuildLiteBehavior [ RunTime:0.000011s ]
INFO: [ app_init ] --END-- [ RunTime:0.000467s ]
INFO: [ app_begin ] --START--
INFO: Run Behavior\ReadHtmlCacheBehavior [ RunTime:0.001074s ]
INFO: [ app_begin ] --END-- [ RunTime:0.001155s ]
SQL: SHOW COLUMNS FROM `longhai_lecturer` [ RunTime:0.0048s ]
SQL: SELECT * FROM `longhai_lecturer` WHERE `l_del` = 0 ORDER BY l_id desc LIMIT 10   [ RunTime:0.0004s ]
SQL: SHOW COLUMNS FROM `longhai_video` [ RunTime:0.0036s ]
SQL: SELECT * FROM `longhai_video` WHERE `v_del` = 0 ORDER BY v_id desc LIMIT 10   [ RunTime:0.0004s ]
SQL: SHOW COLUMNS FROM `longhai_category` [ RunTime:0.0031s ]
SQL: SELECT * FROM `longhai_category` WHERE `c_del` = 0 ORDER BY c_id desc LIMIT 10   [ RunTime:0.0004s ]
SQL: SHOW COLUMNS FROM `longhai_pic` [ RunTime:0.0035s ]
SQL: SELECT * FROM `longhai_pic` WHERE `p_del` = 0 ORDER BY p_id desc LIMIT 10   [ RunTime:0.0003s ]

[ 2017-08-10T09:45:40+08:00 ] 127.0.0.1 /index.php/Home//Index/checkUserInfo
INFO: [ app_init ] --START--
INFO: Run Behavior\BuildLiteBehavior [ RunTime:0.000008s ]
INFO: [ app_init ] --END-- [ RunTime:0.000304s ]
INFO: [ app_begin ] --START--
INFO: Run Behavior\ReadHtmlCacheBehavior [ RunTime:0.000350s ]
INFO: [ app_begin ] --END-- [ RunTime:0.000384s ]
NOTIC: [8] Undefined index: openid D:\www\public\Application\Home\Controller\IndexController.class.php 第 10 行.

[ 2017-08-10T09:45:40+08:00 ] 127.0.0.1 /index.php/Home//Index/getIndex
INFO: [ app_init ] --START--
INFO: Run Behavior\BuildLiteBehavior [ RunTime:0.000015s ]
INFO: [ app_init ] --END-- [ RunTime:0.000477s ]
INFO: [ app_begin ] --START--
INFO: Run Behavior\ReadHtmlCacheBehavior [ RunTime:0.000960s ]
INFO: [ app_begin ] --END-- [ RunTime:0.001133s ]
SQL: SHOW COLUMNS FROM `longhai_lecturer` [ RunTime:0.0033s ]
SQL: SELECT * FROM `longhai_lecturer` WHERE `l_del` = 0 ORDER BY l_id desc LIMIT 10   [ RunTime:0.0004s ]
SQL: SHOW COLUMNS FROM `longhai_video` [ RunTime:0.0041s ]
SQL: SELECT * FROM `longhai_video` WHERE `v_del` = 0 ORDER BY v_id desc LIMIT 10   [ RunTime:0.0013s ]
SQL: SHOW COLUMNS FROM `longhai_category` [ RunTime:0.0044s ]
SQL: SELECT * FROM `longhai_category` WHERE `c_del` = 0 ORDER BY c_id desc LIMIT 10   [ RunTime:0.0003s ]
SQL: SHOW COLUMNS FROM `longhai_pic` [ RunTime:0.0039s ]
SQL: SELECT * FROM `longhai_pic` WHERE `p_del` = 0 ORDER BY p_id desc LIMIT 10   [ RunTime:0.0004s ]

[ 2017-08-10T09:45:44+08:00 ] 127.0.0.1 /index.php/Home//Api/getPic
INFO: [ app_init ] --START--
INFO: Run Behavior\BuildLiteBehavior [ RunTime:0.000010s ]
INFO: [ app_init ] --END-- [ RunTime:0.000381s ]
INFO: [ app_begin ] --START--
INFO: Run Behavior\ReadHtmlCacheBehavior [ RunTime:0.000458s ]
INFO: [ app_begin ] --END-- [ RunTime:0.000504s ]

[ 2017-08-10T09:45:45+08:00 ] 127.0.0.1 /index.php/Home//Index/checkUserInfo
INFO: [ app_init ] --START--
INFO: Run Behavior\BuildLiteBehavior [ RunTime:0.000010s ]
INFO: [ app_init ] --END-- [ RunTime:0.000433s ]
INFO: [ app_begin ] --START--
INFO: Run Behavior\ReadHtmlCacheBehavior [ RunTime:0.000481s ]
INFO: [ app_begin ] --END-- [ RunTime:0.000521s ]
NOTIC: [8] Undefined index: openid D:\www\public\Application\Home\Controller\IndexController.class.php 第 10 行.

[ 2017-08-10T09:47:04+08:00 ] 127.0.0.1 /index.php/Home//Index/getIndex
INFO: [ app_init ] --START--
INFO: Run Behavior\BuildLiteBehavior [ RunTime:0.000037s ]
INFO: [ app_init ] --END-- [ RunTime:0.001012s ]
INFO: [ app_begin ] --START--
INFO: Run Behavior\ReadHtmlCacheBehavior [ RunTime:0.000391s ]
INFO: [ app_begin ] --END-- [ RunTime:0.000452s ]
SQL: SHOW COLUMNS FROM `longhai_lecturer` [ RunTime:0.0030s ]
SQL: SELECT * FROM `longhai_lecturer` WHERE `l_del` = 0 ORDER BY l_id desc LIMIT 10   [ RunTime:0.0004s ]
SQL: SHOW COLUMNS FROM `longhai_video` [ RunTime:0.0051s ]
SQL: SELECT * FROM `longhai_video` WHERE `v_del` = 0 ORDER BY v_id desc LIMIT 10   [ RunTime:0.0004s ]
SQL: SHOW COLUMNS FROM `longhai_category` [ RunTime:0.0032s ]
SQL: SELECT * FROM `longhai_category` WHERE `c_del` = 0 ORDER BY c_id desc LIMIT 10   [ RunTime:0.0003s ]
SQL: SHOW COLUMNS FROM `longhai_pic` [ RunTime:0.0045s ]
SQL: SELECT * FROM `longhai_pic` WHERE `p_del` = 0 ORDER BY p_id desc LIMIT 10   [ RunTime:0.0003s ]

[ 2017-08-10T09:47:25+08:00 ] 127.0.0.1 /index.php/Home//Index/getIndex
INFO: [ app_init ] --START--
INFO: Run Behavior\BuildLiteBehavior [ RunTime:0.000009s ]
INFO: [ app_init ] --END-- [ RunTime:0.000381s ]
INFO: [ app_begin ] --START--
INFO: Run Behavior\ReadHtmlCacheBehavior [ RunTime:0.000606s ]
INFO: [ app_begin ] --END-- [ RunTime:0.000645s ]
SQL: SHOW COLUMNS FROM `longhai_lecturer` [ RunTime:0.0033s ]
SQL: SELECT * FROM `longhai_lecturer` WHERE `l_del` = 0 ORDER BY l_id desc LIMIT 10   [ RunTime:0.0004s ]
SQL: SHOW COLUMNS FROM `longhai_video` [ RunTime:0.0037s ]
SQL: SELECT * FROM `longhai_video` WHERE `v_del` = 0 ORDER BY v_id desc LIMIT 10   [ RunTime:0.0007s ]
SQL: SHOW COLUMNS FROM `longhai_category` [ RunTime:0.0035s ]
SQL: SELECT * FROM `longhai_category` WHERE `c_del` = 0 ORDER BY c_id desc LIMIT 10   [ RunTime:0.0004s ]
SQL: SHOW COLUMNS FROM `longhai_pic` [ RunTime:0.0046s ]
SQL: SELECT * FROM `longhai_pic` WHERE `p_del` = 0 ORDER BY p_id desc LIMIT 10   [ RunTime:0.0003s ]

[ 2017-08-10T09:47:33+08:00 ] 127.0.0.1 /index.php/Home//Index/getIndex
INFO: [ app_init ] --START--
INFO: Run Behavior\BuildLiteBehavior [ RunTime:0.000009s ]
INFO: [ app_init ] --END-- [ RunTime:0.000402s ]
INFO: [ app_begin ] --START--
INFO: Run Behavior\ReadHtmlCacheBehavior [ RunTime:0.000489s ]
INFO: [ app_begin ] --END-- [ RunTime:0.000525s ]
SQL: SHOW COLUMNS FROM `longhai_lecturer` [ RunTime:0.0034s ]
SQL: SELECT * FROM `longhai_lecturer` WHERE `l_del` = 0 ORDER BY l_id desc LIMIT 10   [ RunTime:0.0004s ]
SQL: SHOW COLUMNS FROM `longhai_video` [ RunTime:0.0037s ]
SQL: SELECT * FROM `longhai_video` WHERE `v_del` = 0 ORDER BY v_id desc LIMIT 10   [ RunTime:0.0004s ]
SQL: SHOW COLUMNS FROM `longhai_category` [ RunTime:0.0032s ]
SQL: SELECT * FROM `longhai_category` WHERE `c_del` = 0 ORDER BY c_id desc LIMIT 10   [ RunTime:0.0003s ]
SQL: SHOW COLUMNS FROM `longhai_pic` [ RunTime:0.0037s ]
SQL: SELECT * FROM `longhai_pic` WHERE `p_del` = 0 ORDER BY p_id desc LIMIT 10   [ RunTime:0.0004s ]

[ 2017-08-10T09:47:34+08:00 ] 127.0.0.1 /index.php/Home//Index/checkUserInfo
INFO: [ app_init ] --START--
INFO: Run Behavior\BuildLiteBehavior [ RunTime:0.000009s ]
INFO: [ app_init ] --END-- [ RunTime:0.000285s ]
INFO: [ app_begin ] --START--
INFO: Run Behavior\ReadHtmlCacheBehavior [ RunTime:0.000366s ]
INFO: [ app_begin ] --END-- [ RunTime:0.000396s ]
NOTIC: [8] Undefined index: openid D:\www\public\Application\Home\Controller\IndexController.class.php 第 10 行.

[ 2017-08-10T09:47:35+08:00 ] 127.0.0.1 /index.php/Home//Api/getPicDetail
INFO: [ app_init ] --START--
INFO: Run Behavior\BuildLiteBehavior [ RunTime:0.000011s ]
INFO: [ app_init ] --END-- [ RunTime:0.000362s ]
INFO: [ app_begin ] --START--
INFO: Run Behavior\ReadHtmlCacheBehavior [ RunTime:0.000540s ]
INFO: [ app_begin ] --END-- [ RunTime:0.000597s ]

[ 2017-08-10T09:47:36+08:00 ] 127.0.0.1 /index.php/Home//Index/checkUserInfo
INFO: [ app_init ] --START--
INFO: Run Behavior\BuildLiteBehavior [ RunTime:0.000014s ]
INFO: [ app_init ] --END-- [ RunTime:0.000520s ]
INFO: [ app_begin ] --START--
INFO: Run Behavior\ReadHtmlCacheBehavior [ RunTime:0.000699s ]
INFO: [ app_begin ] --END-- [ RunTime:0.000758s ]
NOTIC: [8] Undefined index: openid D:\www\public\Application\Home\Controller\IndexController.class.php 第 10 行.

[ 2017-08-10T09:50:29+08:00 ] 127.0.0.1 /index.php/Home//Index/checkUserInfo
INFO: [ app_init ] --START--
INFO: Run Behavior\BuildLiteBehavior [ RunTime:0.000011s ]
INFO: [ app_init ] --END-- [ RunTime:0.000802s ]
INFO: [ app_begin ] --START--
INFO: Run Behavior\ReadHtmlCacheBehavior [ RunTime:0.000457s ]
INFO: [ app_begin ] --END-- [ RunTime:0.000509s ]

[ 2017-08-10T09:50:30+08:00 ] 127.0.0.1 /index.php/Home//Index/getIndex
INFO: [ app_init ] --START--
INFO: Run Behavior\BuildLiteBehavior [ RunTime:0.000009s ]
INFO: [ app_init ] --END-- [ RunTime:0.000355s ]
INFO: [ app_begin ] --START--
INFO: Run Behavior\ReadHtmlCacheBehavior [ RunTime:0.000416s ]
INFO: [ app_begin ] --END-- [ RunTime:0.000449s ]
SQL: SHOW COLUMNS FROM `longhai_lecturer` [ RunTime:0.0035s ]
SQL: SELECT * FROM `longhai_lecturer` WHERE `l_del` = 0 ORDER BY l_id desc LIMIT 10   [ RunTime:0.0004s ]
SQL: SHOW COLUMNS FROM `longhai_video` [ RunTime:0.0036s ]
SQL: SELECT * FROM `longhai_video` WHERE `v_del` = 0 ORDER BY v_id desc LIMIT 10   [ RunTime:0.0005s ]
SQL: SHOW COLUMNS FROM `longhai_category` [ RunTime:0.0046s ]
SQL: SELECT * FROM `longhai_category` WHERE `c_del` = 0 ORDER BY c_id desc LIMIT 10   [ RunTime:0.0008s ]
SQL: SHOW COLUMNS FROM `longhai_pic` [ RunTime:0.0049s ]
SQL: SELECT * FROM `longhai_pic` WHERE `p_del` = 0 ORDER BY p_id desc LIMIT 10   [ RunTime:0.0005s ]

[ 2017-08-10T09:50:53+08:00 ] 127.0.0.1 /index.php/Home//Index/checkUserInfo
INFO: [ app_init ] --START--
INFO: Run Behavior\BuildLiteBehavior [ RunTime:0.000009s ]
INFO: [ app_init ] --END-- [ RunTime:0.000372s ]
INFO: [ app_begin ] --START--
INFO: Run Behavior\ReadHtmlCacheBehavior [ RunTime:0.000426s ]
INFO: [ app_begin ] --END-- [ RunTime:0.000460s ]

[ 2017-08-10T09:50:53+08:00 ] 127.0.0.1 /index.php/Home//Index/getIndex
INFO: [ app_init ] --START--
INFO: Run Behavior\BuildLiteBehavior [ RunTime:0.000031s ]
INFO: [ app_init ] --END-- [ RunTime:0.000776s ]
INFO: [ app_begin ] --START--
INFO: Run Behavior\ReadHtmlCacheBehavior [ RunTime:0.001099s ]
INFO: [ app_begin ] --END-- [ RunTime:0.001238s ]
SQL: SHOW COLUMNS FROM `longhai_lecturer` [ RunTime:0.0038s ]
SQL: SELECT * FROM `longhai_lecturer` WHERE `l_del` = 0 ORDER BY l_id desc LIMIT 10   [ RunTime:0.0004s ]
SQL: SHOW COLUMNS FROM `longhai_video` [ RunTime:0.0032s ]
SQL: SELECT * FROM `longhai_video` WHERE `v_del` = 0 ORDER BY v_id desc LIMIT 10   [ RunTime:0.0003s ]
SQL: SHOW COLUMNS FROM `longhai_category` [ RunTime:0.0040s ]
SQL: SELECT * FROM `longhai_category` WHERE `c_del` = 0 ORDER BY c_id desc LIMIT 10   [ RunTime:0.0005s ]
SQL: SHOW COLUMNS FROM `longhai_pic` [ RunTime:0.0033s ]
SQL: SELECT * FROM `longhai_pic` WHERE `p_del` = 0 ORDER BY p_id desc LIMIT 10   [ RunTime:0.0004s ]

[ 2017-08-10T09:53:10+08:00 ] 127.0.0.1 /index.php/Home//Index/checkUserInfo
INFO: [ app_init ] --START--
INFO: Run Behavior\BuildLiteBehavior [ RunTime:0.000010s ]
INFO: [ app_init ] --END-- [ RunTime:0.000369s ]
INFO: [ app_begin ] --START--
INFO: Run Behavior\ReadHtmlCacheBehavior [ RunTime:0.000478s ]
INFO: [ app_begin ] --END-- [ RunTime:0.000522s ]
NOTIC: [8] Undefined index: openid D:\www\public\Application\Home\Controller\IndexController.class.php 第 10 行.

[ 2017-08-10T09:53:11+08:00 ] 127.0.0.1 /index.php/Home//Index/getIndex
INFO: [ app_init ] --START--
INFO: Run Behavior\BuildLiteBehavior [ RunTime:0.000032s ]
INFO: [ app_init ] --END-- [ RunTime:0.001167s ]
INFO: [ app_begin ] --START--
INFO: Run Behavior\ReadHtmlCacheBehavior [ RunTime:0.001332s ]
INFO: [ app_begin ] --END-- [ RunTime:0.001453s ]
SQL: SHOW COLUMNS FROM `longhai_lecturer` [ RunTime:0.0121s ]
SQL: SELECT * FROM `longhai_lecturer` WHERE `l_del` = 0 ORDER BY l_id desc LIMIT 10   [ RunTime:0.0012s ]
SQL: SHOW COLUMNS FROM `longhai_video` [ RunTime:0.0119s ]
SQL: SELECT * FROM `longhai_video` WHERE `v_del` = 0 ORDER BY v_id desc LIMIT 10   [ RunTime:0.0010s ]
SQL: SHOW COLUMNS FROM `longhai_category` [ RunTime:0.0061s ]
SQL: SELECT * FROM `longhai_category` WHERE `c_del` = 0 ORDER BY c_id desc LIMIT 10   [ RunTime:0.0004s ]
SQL: SHOW COLUMNS FROM `longhai_pic` [ RunTime:0.0056s ]
SQL: SELECT * FROM `longhai_pic` WHERE `p_del` = 0 ORDER BY p_id desc LIMIT 10   [ RunTime:0.0004s ]

[ 2017-08-10T14:40:40+08:00 ] 127.0.0.1 /index.php/Home//Index/checkUserInfo
INFO: [ app_init ] --START--
INFO: Run Behavior\BuildLiteBehavior [ RunTime:0.000009s ]
INFO: [ app_init ] --END-- [ RunTime:0.000377s ]
INFO: [ app_begin ] --START--
INFO: Run Behavior\ReadHtmlCacheBehavior [ RunTime:0.000405s ]
INFO: [ app_begin ] --END-- [ RunTime:0.000445s ]
NOTIC: [8] Undefined index: openid D:\www\public\Application\Home\Controller\IndexController.class.php 第 10 行.

[ 2017-08-10T14:40:41+08:00 ] 127.0.0.1 /index.php/Home//Index/getIndex
INFO: [ app_init ] --START--
INFO: Run Behavior\BuildLiteBehavior [ RunTime:0.000018s ]
INFO: [ app_init ] --END-- [ RunTime:0.000419s ]
INFO: [ app_begin ] --START--
INFO: Run Behavior\ReadHtmlCacheBehavior [ RunTime:0.000563s ]
INFO: [ app_begin ] --END-- [ RunTime:0.000620s ]
SQL: SHOW COLUMNS FROM `longhai_lecturer` [ RunTime:0.0045s ]
SQL: SELECT * FROM `longhai_lecturer` WHERE `l_del` = 0 ORDER BY l_id desc LIMIT 10   [ RunTime:0.0015s ]
SQL: SHOW COLUMNS FROM `longhai_video` [ RunTime:0.0061s ]
SQL: SELECT * FROM `longhai_video` WHERE `v_del` = 0 ORDER BY v_id desc LIMIT 10   [ RunTime:0.0004s ]
SQL: SHOW COLUMNS FROM `longhai_category` [ RunTime:0.0040s ]
SQL: SELECT * FROM `longhai_category` WHERE `c_del` = 0 ORDER BY c_id desc LIMIT 10   [ RunTime:0.0003s ]
SQL: SHOW COLUMNS FROM `longhai_pic` [ RunTime:0.0051s ]
SQL: SELECT * FROM `longhai_pic` WHERE `p_del` = 0 ORDER BY p_id desc LIMIT 10   [ RunTime:0.0005s ]

[ 2017-08-10T14:41:46+08:00 ] 127.0.0.1 /index.php/Home//Index/checkUserInfo
INFO: [ app_init ] --START--
INFO: Run Behavior\BuildLiteBehavior [ RunTime:0.000026s ]
INFO: [ app_init ] --END-- [ RunTime:0.000524s ]
INFO: [ app_begin ] --START--
INFO: Run Behavior\ReadHtmlCacheBehavior [ RunTime:0.000443s ]
INFO: [ app_begin ] --END-- [ RunTime:0.000476s ]
NOTIC: [8] Undefined index: openid D:\www\public\Application\Home\Controller\IndexController.class.php 第 10 行.

[ 2017-08-10T14:41:47+08:00 ] 127.0.0.1 /index.php/Home//Index/getIndex
INFO: [ app_init ] --START--
INFO: Run Behavior\BuildLiteBehavior [ RunTime:0.000019s ]
INFO: [ app_init ] --END-- [ RunTime:0.000725s ]
INFO: [ app_begin ] --START--
INFO: Run Behavior\ReadHtmlCacheBehavior [ RunTime:0.000845s ]
INFO: [ app_begin ] --END-- [ RunTime:0.000923s ]
SQL: SHOW COLUMNS FROM `longhai_lecturer` [ RunTime:0.0069s ]
SQL: SELECT * FROM `longhai_lecturer` WHERE `l_del` = 0 ORDER BY l_id desc LIMIT 10   [ RunTime:0.0007s ]
SQL: SHOW COLUMNS FROM `longhai_video` [ RunTime:0.0071s ]
SQL: SELECT * FROM `longhai_video` WHERE `v_del` = 0 ORDER BY v_id desc LIMIT 10   [ RunTime:0.0007s ]
SQL: SHOW COLUMNS FROM `longhai_category` [ RunTime:0.0061s ]
SQL: SELECT * FROM `longhai_category` WHERE `c_del` = 0 ORDER BY c_id desc LIMIT 10   [ RunTime:0.0005s ]
SQL: SHOW COLUMNS FROM `longhai_pic` [ RunTime:0.0064s ]
SQL: SELECT * FROM `longhai_pic` WHERE `p_del` = 0 ORDER BY p_id desc LIMIT 10   [ RunTime:0.0003s ]

[ 2017-08-10T14:42:05+08:00 ] 127.0.0.1 /index.php/Home//Index/checkUserInfo
INFO: [ app_init ] --START--
INFO: Run Behavior\BuildLiteBehavior [ RunTime:0.000016s ]
INFO: [ app_init ] --END-- [ RunTime:0.000480s ]
INFO: [ app_begin ] --START--
INFO: Run Behavior\ReadHtmlCacheBehavior [ RunTime:0.000417s ]
INFO: [ app_begin ] --END-- [ RunTime:0.000454s ]
NOTIC: [8] Undefined index: openid D:\www\public\Application\Home\Controller\IndexController.class.php 第 10 行.

[ 2017-08-10T14:42:05+08:00 ] 127.0.0.1 /index.php/Home//Index/getIndex
INFO: [ app_init ] --START--
INFO: Run Behavior\BuildLiteBehavior [ RunTime:0.000033s ]
INFO: [ app_init ] --END-- [ RunTime:0.000616s ]
INFO: [ app_begin ] --START--
INFO: Run Behavior\ReadHtmlCacheBehavior [ RunTime:0.000865s ]
INFO: [ app_begin ] --END-- [ RunTime:0.001040s ]
SQL: SHOW COLUMNS FROM `longhai_lecturer` [ RunTime:0.0037s ]
SQL: SELECT * FROM `longhai_lecturer` WHERE `l_del` = 0 ORDER BY l_id desc LIMIT 10   [ RunTime:0.0005s ]
SQL: SHOW COLUMNS FROM `longhai_video` [ RunTime:0.0037s ]
SQL: SELECT * FROM `longhai_video` WHERE `v_del` = 0 ORDER BY v_id desc LIMIT 10   [ RunTime:0.0009s ]
SQL: SHOW COLUMNS FROM `longhai_category` [ RunTime:0.0041s ]
SQL: SELECT * FROM `longhai_category` WHERE `c_del` = 0 ORDER BY c_id desc LIMIT 10   [ RunTime:0.0003s ]
SQL: SHOW COLUMNS FROM `longhai_pic` [ RunTime:0.0037s ]
SQL: SELECT * FROM `longhai_pic` WHERE `p_del` = 0 ORDER BY p_id desc LIMIT 10   [ RunTime:0.0003s ]

[ 2017-08-10T14:43:29+08:00 ] 127.0.0.1 /index.php/Home//Index/checkUserInfo
INFO: [ app_init ] --START--
INFO: Run Behavior\BuildLiteBehavior [ RunTime:0.000016s ]
INFO: [ app_init ] --END-- [ RunTime:0.000396s ]
INFO: [ app_begin ] --START--
INFO: Run Behavior\ReadHtmlCacheBehavior [ RunTime:0.000377s ]
INFO: [ app_begin ] --END-- [ RunTime:0.000410s ]
NOTIC: [8] Undefined index: openid D:\www\public\Application\Home\Controller\IndexController.class.php 第 10 行.

[ 2017-08-10T14:43:30+08:00 ] 127.0.0.1 /index.php/Home//Index/getIndex
INFO: [ app_init ] --START--
INFO: Run Behavior\BuildLiteBehavior [ RunTime:0.000027s ]
INFO: [ app_init ] --END-- [ RunTime:0.001143s ]
INFO: [ app_begin ] --START--
INFO: Run Behavior\ReadHtmlCacheBehavior [ RunTime:0.001331s ]
INFO: [ app_begin ] --END-- [ RunTime:0.001454s ]
SQL: SHOW COLUMNS FROM `longhai_lecturer` [ RunTime:0.0058s ]
SQL: SELECT * FROM `longhai_lecturer` WHERE `l_del` = 0 ORDER BY l_id desc LIMIT 10   [ RunTime:0.0006s ]
SQL: SHOW COLUMNS FROM `longhai_video` [ RunTime:0.0059s ]
SQL: SELECT * FROM `longhai_video` WHERE `v_del` = 0 ORDER BY v_id desc LIMIT 10   [ RunTime:0.0006s ]
SQL: SHOW COLUMNS FROM `longhai_category` [ RunTime:0.0051s ]
SQL: SELECT * FROM `longhai_category` WHERE `c_del` = 0 ORDER BY c_id desc LIMIT 10   [ RunTime:0.0003s ]
SQL: SHOW COLUMNS FROM `longhai_pic` [ RunTime:0.0035s ]
SQL: SELECT * FROM `longhai_pic` WHERE `p_del` = 0 ORDER BY p_id desc LIMIT 10   [ RunTime:0.0004s ]

[ 2017-08-10T15:36:35+08:00 ] 127.0.0.1 /index.php/Home//Index/checkUserInfo
INFO: [ app_init ] --START--
INFO: Run Behavior\BuildLiteBehavior [ RunTime:0.000013s ]
INFO: [ app_init ] --END-- [ RunTime:0.013146s ]
INFO: [ app_begin ] --START--
INFO: Run Behavior\ReadHtmlCacheBehavior [ RunTime:0.002484s ]
INFO: [ app_begin ] --END-- [ RunTime:0.002535s ]
NOTIC: [8] Undefined index: openid D:\www\public\Application\Home\Controller\IndexController.class.php 第 10 行.

[ 2017-08-10T15:36:36+08:00 ] 127.0.0.1 /index.php/Home//Index/getIndex
INFO: [ app_init ] --START--
INFO: Run Behavior\BuildLiteBehavior [ RunTime:0.000009s ]
INFO: [ app_init ] --END-- [ RunTime:0.000379s ]
INFO: [ app_begin ] --START--
INFO: Run Behavior\ReadHtmlCacheBehavior [ RunTime:0.000430s ]
INFO: [ app_begin ] --END-- [ RunTime:0.000461s ]
SQL: SHOW COLUMNS FROM `longhai_lecturer` [ RunTime:0.0047s ]
SQL: SELECT * FROM `longhai_lecturer` WHERE `l_del` = 0 ORDER BY l_id desc LIMIT 10   [ RunTime:0.0004s ]
SQL: SHOW COLUMNS FROM `longhai_video` [ RunTime:0.0046s ]
SQL: SELECT * FROM `longhai_video` WHERE `v_del` = 0 ORDER BY v_id desc LIMIT 10   [ RunTime:0.0005s ]
SQL: SHOW COLUMNS FROM `longhai_category` [ RunTime:0.0050s ]
SQL: SELECT * FROM `longhai_category` WHERE `c_del` = 0 ORDER BY c_id desc LIMIT 10   [ RunTime:0.0005s ]
SQL: SHOW COLUMNS FROM `longhai_pic` [ RunTime:0.0055s ]
SQL: SELECT * FROM `longhai_pic` WHERE `p_del` = 0 ORDER BY p_id desc LIMIT 10   [ RunTime:0.0004s ]

