[ 2017-07-16T00:31:37+08:00 ] 1.82.229.203 /index.php/Home//Index/getIndex
INFO: [ app_init ] --START--
INFO: Run Behavior\BuildLiteBehavior [ RunTime:0.000019s ]
INFO: [ app_init ] --END-- [ RunTime:0.000123s ]
INFO: [ app_begin ] --START--
INFO: Run Behavior\ReadHtmlCacheBehavior [ RunTime:0.000118s ]
INFO: [ app_begin ] --END-- [ RunTime:0.000166s ]
SQL: SHOW COLUMNS FROM `longhai_lecturer` [ RunTime:0.0009s ]
SQL: SELECT * FROM `longhai_lecturer` WHERE `l_del` = 0 ORDER BY l_id desc LIMIT 10   [ RunTime:0.0001s ]
SQL: SHOW COLUMNS FROM `longhai_video` [ RunTime:0.0006s ]
SQL: SELECT * FROM `longhai_video` WHERE `v_del` = 0 ORDER BY v_id desc LIMIT 10   [ RunTime:0.0001s ]

[ 2017-07-16T00:31:39+08:00 ] 1.82.229.203 /index.php/Home//Index/checkUserInfo
INFO: [ app_init ] --START--
INFO: Run Behavior\BuildLiteBehavior [ RunTime:0.000026s ]
INFO: [ app_init ] --END-- [ RunTime:0.000145s ]
INFO: [ app_begin ] --START--
INFO: Run Behavior\ReadHtmlCacheBehavior [ RunTime:0.000152s ]
INFO: [ app_begin ] --END-- [ RunTime:0.000215s ]
SQL: SHOW COLUMNS FROM `longhai_member` [ RunTime:0.0007s ]
SQL: SELECT * FROM `longhai_member` WHERE `m_openid` = 'o-9r-0AskXNNK5onUE2C1xQTXJQs' LIMIT 1   [ RunTime:0.0002s ]

[ 2017-07-16T01:56:24+08:00 ] 139.162.113.204 /
INFO: [ app_init ] --START--
INFO: Run Behavior\BuildLiteBehavior [ RunTime:0.000019s ]
INFO: [ app_init ] --END-- [ RunTime:0.000125s ]
INFO: [ app_begin ] --START--
INFO: Run Behavior\ReadHtmlCacheBehavior [ RunTime:0.000200s ]
INFO: [ app_begin ] --END-- [ RunTime:0.000263s ]
ERR: 非法操作:index

[ 2017-07-16T04:40:11+08:00 ] 158.85.81.121 /
INFO: [ app_init ] --START--
INFO: Run Behavior\BuildLiteBehavior [ RunTime:0.000020s ]
INFO: [ app_init ] --END-- [ RunTime:0.000127s ]
INFO: [ app_begin ] --START--
INFO: Run Behavior\ReadHtmlCacheBehavior [ RunTime:0.000115s ]
INFO: [ app_begin ] --END-- [ RunTime:0.000188s ]
ERR: 非法操作:index

[ 2017-07-16T07:10:37+08:00 ] 169.229.3.91 /
INFO: [ app_init ] --START--
INFO: Run Behavior\BuildLiteBehavior [ RunTime:0.000020s ]
INFO: [ app_init ] --END-- [ RunTime:0.000145s ]
INFO: [ app_begin ] --START--
INFO: Run Behavior\ReadHtmlCacheBehavior [ RunTime:0.000119s ]
INFO: [ app_begin ] --END-- [ RunTime:0.000169s ]
ERR: 非法操作:index

[ 2017-07-16T09:35:01+08:00 ] 47.88.34.88 /
INFO: [ app_init ] --START--
INFO: Run Behavior\BuildLiteBehavior [ RunTime:0.000016s ]
INFO: [ app_init ] --END-- [ RunTime:0.000124s ]
INFO: [ app_begin ] --START--
INFO: Run Behavior\ReadHtmlCacheBehavior [ RunTime:0.000075s ]
INFO: [ app_begin ] --END-- [ RunTime:0.000110s ]
ERR: 非法操作:index

[ 2017-07-16T15:46:54+08:00 ] 171.221.150.197 /index.php/Home//Index/getIndex
INFO: [ app_init ] --START--
INFO: Run Behavior\BuildLiteBehavior [ RunTime:0.000018s ]
INFO: [ app_init ] --END-- [ RunTime:0.000127s ]
INFO: [ app_begin ] --START--
INFO: Run Behavior\ReadHtmlCacheBehavior [ RunTime:0.000113s ]
INFO: [ app_begin ] --END-- [ RunTime:0.000157s ]
SQL: SHOW COLUMNS FROM `longhai_lecturer` [ RunTime:0.0008s ]
SQL: SELECT * FROM `longhai_lecturer` WHERE `l_del` = 0 ORDER BY l_id desc LIMIT 10   [ RunTime:0.0001s ]
SQL: SHOW COLUMNS FROM `longhai_video` [ RunTime:0.0005s ]
SQL: SELECT * FROM `longhai_video` WHERE `v_del` = 0 ORDER BY v_id desc LIMIT 10   [ RunTime:0.0001s ]

[ 2017-07-16T15:46:55+08:00 ] 171.221.150.197 /index.php/Home//Index/checkUserInfo
INFO: [ app_init ] --START--
INFO: Run Behavior\BuildLiteBehavior [ RunTime:0.000014s ]
INFO: [ app_init ] --END-- [ RunTime:0.000087s ]
INFO: [ app_begin ] --START--
INFO: Run Behavior\ReadHtmlCacheBehavior [ RunTime:0.000072s ]
INFO: [ app_begin ] --END-- [ RunTime:0.000112s ]
SQL: SHOW COLUMNS FROM `longhai_member` [ RunTime:0.0007s ]
SQL: SELECT * FROM `longhai_member` WHERE `m_openid` = 'o-9r-0AskXNNK5onUE2C1xQTXJQs' LIMIT 1   [ RunTime:0.0001s ]

[ 2017-07-16T15:46:55+08:00 ] 171.221.150.197 /index.php/Home//Api/updateUserInfo
INFO: [ app_init ] --START--
INFO: Run Behavior\BuildLiteBehavior [ RunTime:0.000014s ]
INFO: [ app_init ] --END-- [ RunTime:0.000089s ]
INFO: [ app_begin ] --START--
INFO: Run Behavior\ReadHtmlCacheBehavior [ RunTime:0.000093s ]
INFO: [ app_begin ] --END-- [ RunTime:0.000139s ]
SQL: SHOW COLUMNS FROM `longhai_member` [ RunTime:0.0008s ]
SQL: UPDATE `longhai_member` SET `m_nickname`='范小波',`m_avatarurl`='https://wx.qlogo.cn/mmopen/vi_32/27pgYZLmuM21VBpJ6t2JROcrJYDtxgZfVxXiaz0T5QBk95VSlDanOTPxcyIll3eav5zVVz3cEzL3Dh6zticesoZw/0' WHERE `m_id` = 5 [ RunTime:0.0002s ]

[ 2017-07-16T15:46:59+08:00 ] 171.221.150.197 /index.php/Home//Api/getVideo
INFO: [ app_init ] --START--
INFO: Run Behavior\BuildLiteBehavior [ RunTime:0.000014s ]
INFO: [ app_init ] --END-- [ RunTime:0.000091s ]
INFO: [ app_begin ] --START--
INFO: Run Behavior\ReadHtmlCacheBehavior [ RunTime:0.000082s ]
INFO: [ app_begin ] --END-- [ RunTime:0.000120s ]
SQL: SHOW COLUMNS FROM `longhai_video` [ RunTime:0.0007s ]
SQL: SELECT * FROM `longhai_video` WHERE `v_del` = 0 AND `v_type_id` = 1 ORDER BY v_id desc LIMIT 0,20   [ RunTime:0.0001s ]
SQL: SELECT COUNT(*) AS tp_count FROM `longhai_video` WHERE `v_del` = 0 AND `v_type_id` = 1 LIMIT 1   [ RunTime:0.0001s ]

[ 2017-07-16T15:47:00+08:00 ] 171.221.150.197 /index.php/Home//Index/getAbout
INFO: [ app_init ] --START--
INFO: Run Behavior\BuildLiteBehavior [ RunTime:0.000022s ]
INFO: [ app_init ] --END-- [ RunTime:0.000128s ]
INFO: [ app_begin ] --START--
INFO: Run Behavior\ReadHtmlCacheBehavior [ RunTime:0.000127s ]
INFO: [ app_begin ] --END-- [ RunTime:0.000193s ]
SQL: SHOW COLUMNS FROM `longhai_about` [ RunTime:0.0006s ]
SQL: SELECT * FROM `longhai_about` WHERE `a_id` = 1 LIMIT 1   [ RunTime:0.0001s ]

[ 2017-07-16T15:47:01+08:00 ] 171.221.150.197 /index.php/Home//Api/getUserInfo
INFO: [ app_init ] --START--
INFO: Run Behavior\BuildLiteBehavior [ RunTime:0.000013s ]
INFO: [ app_init ] --END-- [ RunTime:0.000090s ]
INFO: [ app_begin ] --START--
INFO: Run Behavior\ReadHtmlCacheBehavior [ RunTime:0.000070s ]
INFO: [ app_begin ] --END-- [ RunTime:0.000118s ]
SQL: SHOW COLUMNS FROM `longhai_member` [ RunTime:0.0007s ]
SQL: SELECT * FROM `longhai_member` WHERE `m_id` = 1 LIMIT 1   [ RunTime:0.0001s ]
SQL: SELECT * FROM `longhai_member` WHERE `m_id` = 5 LIMIT 1   [ RunTime:0.0001s ]

[ 2017-07-16T15:47:06+08:00 ] 171.221.150.197 /index.php/Home//Api/getLecturerDetail
INFO: [ app_init ] --START--
INFO: Run Behavior\BuildLiteBehavior [ RunTime:0.000016s ]
INFO: [ app_init ] --END-- [ RunTime:0.000118s ]
INFO: [ app_begin ] --START--
INFO: Run Behavior\ReadHtmlCacheBehavior [ RunTime:0.000101s ]
INFO: [ app_begin ] --END-- [ RunTime:0.000148s ]
SQL: SHOW COLUMNS FROM `longhai_lecturer` [ RunTime:0.0008s ]
SQL: SELECT * FROM `longhai_lecturer` WHERE `l_id` = 3 LIMIT 1   [ RunTime:0.0001s ]

[ 2017-07-16T15:47:09+08:00 ] 171.221.150.197 /index.php/Home//Api/getUserInfo
INFO: [ app_init ] --START--
INFO: Run Behavior\BuildLiteBehavior [ RunTime:0.000014s ]
INFO: [ app_init ] --END-- [ RunTime:0.000092s ]
INFO: [ app_begin ] --START--
INFO: Run Behavior\ReadHtmlCacheBehavior [ RunTime:0.000122s ]
INFO: [ app_begin ] --END-- [ RunTime:0.000180s ]
SQL: SHOW COLUMNS FROM `longhai_member` [ RunTime:0.0009s ]
SQL: SELECT * FROM `longhai_member` WHERE `m_id` = 1 LIMIT 1   [ RunTime:0.0001s ]
SQL: SELECT * FROM `longhai_member` WHERE `m_id` = 5 LIMIT 1   [ RunTime:0.0001s ]

[ 2017-07-16T15:47:12+08:00 ] 171.221.150.197 /index.php/Home//Api/getUserInfo
INFO: [ app_init ] --START--
INFO: Run Behavior\BuildLiteBehavior [ RunTime:0.000017s ]
INFO: [ app_init ] --END-- [ RunTime:0.000111s ]
INFO: [ app_begin ] --START--
INFO: Run Behavior\ReadHtmlCacheBehavior [ RunTime:0.000101s ]
INFO: [ app_begin ] --END-- [ RunTime:0.000189s ]
SQL: SHOW COLUMNS FROM `longhai_member` [ RunTime:0.0008s ]
SQL: SELECT * FROM `longhai_member` WHERE `m_id` = 1 LIMIT 1   [ RunTime:0.0001s ]
SQL: SELECT * FROM `longhai_member` WHERE `m_id` = 5 LIMIT 1   [ RunTime:0.0001s ]

[ 2017-07-16T15:47:15+08:00 ] 171.221.150.197 /index.php/Home//Api/getUserInfo
INFO: [ app_init ] --START--
INFO: Run Behavior\BuildLiteBehavior [ RunTime:0.000015s ]
INFO: [ app_init ] --END-- [ RunTime:0.000092s ]
INFO: [ app_begin ] --START--
INFO: Run Behavior\ReadHtmlCacheBehavior [ RunTime:0.000082s ]
INFO: [ app_begin ] --END-- [ RunTime:0.000129s ]
SQL: SHOW COLUMNS FROM `longhai_member` [ RunTime:0.0009s ]
SQL: SELECT * FROM `longhai_member` WHERE `m_id` = 1 LIMIT 1   [ RunTime:0.0001s ]
SQL: SELECT * FROM `longhai_member` WHERE `m_id` = 5 LIMIT 1   [ RunTime:0.0001s ]

[ 2017-07-16T15:47:20+08:00 ] 171.221.150.197 /index.php/Home//Api/getUserInfo
INFO: [ app_init ] --START--
INFO: Run Behavior\BuildLiteBehavior [ RunTime:0.000016s ]
INFO: [ app_init ] --END-- [ RunTime:0.000112s ]
INFO: [ app_begin ] --START--
INFO: Run Behavior\ReadHtmlCacheBehavior [ RunTime:0.000078s ]
INFO: [ app_begin ] --END-- [ RunTime:0.000120s ]
SQL: SHOW COLUMNS FROM `longhai_member` [ RunTime:0.0006s ]
SQL: SELECT * FROM `longhai_member` WHERE `m_id` = 1 LIMIT 1   [ RunTime:0.0001s ]
SQL: SELECT * FROM `longhai_member` WHERE `m_id` = 5 LIMIT 1   [ RunTime:0.0001s ]

[ 2017-07-16T15:47:22+08:00 ] 171.221.150.197 /index.php/Home//Api/getUserInfo
INFO: [ app_init ] --START--
INFO: Run Behavior\BuildLiteBehavior [ RunTime:0.000015s ]
INFO: [ app_init ] --END-- [ RunTime:0.000124s ]
INFO: [ app_begin ] --START--
INFO: Run Behavior\ReadHtmlCacheBehavior [ RunTime:0.000086s ]
INFO: [ app_begin ] --END-- [ RunTime:0.000165s ]
SQL: SHOW COLUMNS FROM `longhai_member` [ RunTime:0.0008s ]
SQL: SELECT * FROM `longhai_member` WHERE `m_id` = 1 LIMIT 1   [ RunTime:0.0001s ]
SQL: SELECT * FROM `longhai_member` WHERE `m_id` = 5 LIMIT 1   [ RunTime:0.0001s ]

[ 2017-07-16T15:47:37+08:00 ] 171.221.150.197 /index.php/Home//Api/getUserInfo
INFO: [ app_init ] --START--
INFO: Run Behavior\BuildLiteBehavior [ RunTime:0.000020s ]
INFO: [ app_init ] --END-- [ RunTime:0.000137s ]
INFO: [ app_begin ] --START--
INFO: Run Behavior\ReadHtmlCacheBehavior [ RunTime:0.000081s ]
INFO: [ app_begin ] --END-- [ RunTime:0.000122s ]
SQL: SHOW COLUMNS FROM `longhai_member` [ RunTime:0.0009s ]
SQL: SELECT * FROM `longhai_member` WHERE `m_id` = 1 LIMIT 1   [ RunTime:0.0001s ]
SQL: SELECT * FROM `longhai_member` WHERE `m_id` = 5 LIMIT 1   [ RunTime:0.0001s ]

[ 2017-07-16T15:47:42+08:00 ] 171.221.150.197 /index.php/Home//Api/getLecturerDetail
INFO: [ app_init ] --START--
INFO: Run Behavior\BuildLiteBehavior [ RunTime:0.000016s ]
INFO: [ app_init ] --END-- [ RunTime:0.000099s ]
INFO: [ app_begin ] --START--
INFO: Run Behavior\ReadHtmlCacheBehavior [ RunTime:0.000076s ]
INFO: [ app_begin ] --END-- [ RunTime:0.000117s ]
SQL: SHOW COLUMNS FROM `longhai_lecturer` [ RunTime:0.0023s ]
SQL: SELECT * FROM `longhai_lecturer` WHERE `l_id` = 2 LIMIT 1   [ RunTime:0.0003s ]

[ 2017-07-16T15:47:49+08:00 ] 171.221.150.197 /index.php/Home//Api/getUserInfo
INFO: [ app_init ] --START--
INFO: Run Behavior\BuildLiteBehavior [ RunTime:0.000015s ]
INFO: [ app_init ] --END-- [ RunTime:0.000095s ]
INFO: [ app_begin ] --START--
INFO: Run Behavior\ReadHtmlCacheBehavior [ RunTime:0.000084s ]
INFO: [ app_begin ] --END-- [ RunTime:0.000121s ]
SQL: SHOW COLUMNS FROM `longhai_member` [ RunTime:0.0009s ]
SQL: SELECT * FROM `longhai_member` WHERE `m_id` = 1 LIMIT 1   [ RunTime:0.0001s ]
SQL: SELECT * FROM `longhai_member` WHERE `m_id` = 5 LIMIT 1   [ RunTime:0.0001s ]

[ 2017-07-16T15:47:57+08:00 ] 171.221.150.197 /index.php/Home//Api/getUserInfo
INFO: [ app_init ] --START--
INFO: Run Behavior\BuildLiteBehavior [ RunTime:0.000016s ]
INFO: [ app_init ] --END-- [ RunTime:0.000116s ]
INFO: [ app_begin ] --START--
INFO: Run Behavior\ReadHtmlCacheBehavior [ RunTime:0.000144s ]
INFO: [ app_begin ] --END-- [ RunTime:0.000194s ]
SQL: SHOW COLUMNS FROM `longhai_member` [ RunTime:0.0008s ]
SQL: SELECT * FROM `longhai_member` WHERE `m_id` = 1 LIMIT 1   [ RunTime:0.0001s ]
SQL: SELECT * FROM `longhai_member` WHERE `m_id` = 5 LIMIT 1   [ RunTime:0.0001s ]

[ 2017-07-16T15:48:01+08:00 ] 171.221.150.197 /
INFO: [ app_init ] --START--
INFO: Run Behavior\BuildLiteBehavior [ RunTime:0.000018s ]
INFO: [ app_init ] --END-- [ RunTime:0.000122s ]
INFO: [ app_begin ] --START--
INFO: Run Behavior\ReadHtmlCacheBehavior [ RunTime:0.000101s ]
INFO: [ app_begin ] --END-- [ RunTime:0.000155s ]
ERR: 非法操作:index

[ 2017-07-16T15:48:09+08:00 ] 171.221.150.197 /
INFO: [ app_init ] --START--
INFO: Run Behavior\BuildLiteBehavior [ RunTime:0.000015s ]
INFO: [ app_init ] --END-- [ RunTime:0.000110s ]
INFO: [ app_begin ] --START--
INFO: Run Behavior\ReadHtmlCacheBehavior [ RunTime:0.000075s ]
INFO: [ app_begin ] --END-- [ RunTime:0.000120s ]
ERR: 非法操作:index

[ 2017-07-16T15:48:37+08:00 ] 171.221.150.197 /
INFO: [ app_init ] --START--
INFO: Run Behavior\BuildLiteBehavior [ RunTime:0.000015s ]
INFO: [ app_init ] --END-- [ RunTime:0.000091s ]
INFO: [ app_begin ] --START--
INFO: Run Behavior\ReadHtmlCacheBehavior [ RunTime:0.000071s ]
INFO: [ app_begin ] --END-- [ RunTime:0.000120s ]
ERR: 非法操作:index

[ 2017-07-16T15:48:47+08:00 ] 171.221.150.197 /index.php/Home//Api/getUserInfo
INFO: [ app_init ] --START--
INFO: Run Behavior\BuildLiteBehavior [ RunTime:0.000017s ]
INFO: [ app_init ] --END-- [ RunTime:0.000107s ]
INFO: [ app_begin ] --START--
INFO: Run Behavior\ReadHtmlCacheBehavior [ RunTime:0.000119s ]
INFO: [ app_begin ] --END-- [ RunTime:0.000166s ]
SQL: SHOW COLUMNS FROM `longhai_member` [ RunTime:0.0007s ]
SQL: SELECT * FROM `longhai_member` WHERE `m_id` = 1 LIMIT 1   [ RunTime:0.0001s ]
SQL: SELECT * FROM `longhai_member` WHERE `m_id` = 5 LIMIT 1   [ RunTime:0.0001s ]

[ 2017-07-16T15:48:48+08:00 ] 171.221.150.197 /index.php/Home//Api/getUserInfo
INFO: [ app_init ] --START--
INFO: Run Behavior\BuildLiteBehavior [ RunTime:0.000015s ]
INFO: [ app_init ] --END-- [ RunTime:0.000096s ]
INFO: [ app_begin ] --START--
INFO: Run Behavior\ReadHtmlCacheBehavior [ RunTime:0.000078s ]
INFO: [ app_begin ] --END-- [ RunTime:0.000421s ]
SQL: SHOW COLUMNS FROM `longhai_member` [ RunTime:0.0011s ]
SQL: SELECT * FROM `longhai_member` WHERE `m_id` = 1 LIMIT 1   [ RunTime:0.0002s ]
SQL: SELECT * FROM `longhai_member` WHERE `m_id` = 5 LIMIT 1   [ RunTime:0.0001s ]

[ 2017-07-16T15:48:50+08:00 ] 171.221.150.197 /index.php/Home//Api/getUserInfo
INFO: [ app_init ] --START--
INFO: Run Behavior\BuildLiteBehavior [ RunTime:0.000014s ]
INFO: [ app_init ] --END-- [ RunTime:0.000086s ]
INFO: [ app_begin ] --START--
INFO: Run Behavior\ReadHtmlCacheBehavior [ RunTime:0.000110s ]
INFO: [ app_begin ] --END-- [ RunTime:0.000152s ]
SQL: SHOW COLUMNS FROM `longhai_member` [ RunTime:0.0007s ]
SQL: SELECT * FROM `longhai_member` WHERE `m_id` = 1 LIMIT 1   [ RunTime:0.0001s ]
SQL: SELECT * FROM `longhai_member` WHERE `m_id` = 5 LIMIT 1   [ RunTime:0.0001s ]

[ 2017-07-16T15:48:57+08:00 ] 171.221.150.197 /
INFO: [ app_init ] --START--
INFO: Run Behavior\BuildLiteBehavior [ RunTime:0.000015s ]
INFO: [ app_init ] --END-- [ RunTime:0.000096s ]
INFO: [ app_begin ] --START--
INFO: Run Behavior\ReadHtmlCacheBehavior [ RunTime:0.000115s ]
INFO: [ app_begin ] --END-- [ RunTime:0.000169s ]
ERR: 非法操作:index

[ 2017-07-16T15:48:59+08:00 ] 171.221.150.197 /
INFO: [ app_init ] --START--
INFO: Run Behavior\BuildLiteBehavior [ RunTime:0.000017s ]
INFO: [ app_init ] --END-- [ RunTime:0.000368s ]
INFO: [ app_begin ] --START--
INFO: Run Behavior\ReadHtmlCacheBehavior [ RunTime:0.000254s ]
INFO: [ app_begin ] --END-- [ RunTime:0.000456s ]
ERR: 非法操作:index

[ 2017-07-16T15:49:11+08:00 ] 171.221.150.197 /
INFO: [ app_init ] --START--
INFO: Run Behavior\BuildLiteBehavior [ RunTime:0.000014s ]
INFO: [ app_init ] --END-- [ RunTime:0.000090s ]
INFO: [ app_begin ] --START--
INFO: Run Behavior\ReadHtmlCacheBehavior [ RunTime:0.000069s ]
INFO: [ app_begin ] --END-- [ RunTime:0.000106s ]
ERR: 非法操作:index

[ 2017-07-16T15:50:36+08:00 ] 171.221.150.197 /
INFO: [ app_init ] --START--
INFO: Run Behavior\BuildLiteBehavior [ RunTime:0.000017s ]
INFO: [ app_init ] --END-- [ RunTime:0.000116s ]
INFO: [ app_begin ] --START--
INFO: Run Behavior\ReadHtmlCacheBehavior [ RunTime:0.000102s ]
INFO: [ app_begin ] --END-- [ RunTime:0.000146s ]
ERR: 非法操作:index

[ 2017-07-16T15:50:38+08:00 ] 171.221.150.197 /
INFO: [ app_init ] --START--
INFO: Run Behavior\BuildLiteBehavior [ RunTime:0.000015s ]
INFO: [ app_init ] --END-- [ RunTime:0.000093s ]
INFO: [ app_begin ] --START--
INFO: Run Behavior\ReadHtmlCacheBehavior [ RunTime:0.000119s ]
INFO: [ app_begin ] --END-- [ RunTime:0.000180s ]
ERR: 非法操作:index

[ 2017-07-16T15:50:38+08:00 ] 171.221.150.197 /
INFO: [ app_init ] --START--
INFO: Run Behavior\BuildLiteBehavior [ RunTime:0.000024s ]
INFO: [ app_init ] --END-- [ RunTime:0.000161s ]
INFO: [ app_begin ] --START--
INFO: Run Behavior\ReadHtmlCacheBehavior [ RunTime:0.000081s ]
INFO: [ app_begin ] --END-- [ RunTime:0.000122s ]
ERR: 非法操作:index

[ 2017-07-16T15:50:38+08:00 ] 171.221.150.197 /
INFO: [ app_init ] --START--
INFO: Run Behavior\BuildLiteBehavior [ RunTime:0.000019s ]
INFO: [ app_init ] --END-- [ RunTime:0.000135s ]
INFO: [ app_begin ] --START--
INFO: Run Behavior\ReadHtmlCacheBehavior [ RunTime:0.000099s ]
INFO: [ app_begin ] --END-- [ RunTime:0.000151s ]
ERR: 非法操作:index

[ 2017-07-16T15:50:39+08:00 ] 171.221.150.197 /
INFO: [ app_init ] --START--
INFO: Run Behavior\BuildLiteBehavior [ RunTime:0.000021s ]
INFO: [ app_init ] --END-- [ RunTime:0.000150s ]
INFO: [ app_begin ] --START--
INFO: Run Behavior\ReadHtmlCacheBehavior [ RunTime:0.000073s ]
INFO: [ app_begin ] --END-- [ RunTime:0.000111s ]
ERR: 非法操作:index

[ 2017-07-16T15:50:39+08:00 ] 171.221.150.197 /
INFO: [ app_init ] --START--
INFO: Run Behavior\BuildLiteBehavior [ RunTime:0.000013s ]
INFO: [ app_init ] --END-- [ RunTime:0.000128s ]
INFO: [ app_begin ] --START--
INFO: Run Behavior\ReadHtmlCacheBehavior [ RunTime:0.000072s ]
INFO: [ app_begin ] --END-- [ RunTime:0.000120s ]
ERR: 非法操作:index

[ 2017-07-16T15:50:39+08:00 ] 171.221.150.197 /
INFO: [ app_init ] --START--
INFO: Run Behavior\BuildLiteBehavior [ RunTime:0.000015s ]
INFO: [ app_init ] --END-- [ RunTime:0.000086s ]
INFO: [ app_begin ] --START--
INFO: Run Behavior\ReadHtmlCacheBehavior [ RunTime:0.000076s ]
INFO: [ app_begin ] --END-- [ RunTime:0.000108s ]
ERR: 非法操作:index

[ 2017-07-16T15:50:39+08:00 ] 171.221.150.197 /
INFO: [ app_init ] --START--
INFO: Run Behavior\BuildLiteBehavior [ RunTime:0.000017s ]
INFO: [ app_init ] --END-- [ RunTime:0.000165s ]
INFO: [ app_begin ] --START--
INFO: Run Behavior\ReadHtmlCacheBehavior [ RunTime:0.000089s ]
INFO: [ app_begin ] --END-- [ RunTime:0.000137s ]
ERR: 非法操作:index

[ 2017-07-16T15:50:44+08:00 ] 171.221.150.197 /
INFO: [ app_init ] --START--
INFO: Run Behavior\BuildLiteBehavior [ RunTime:0.000016s ]
INFO: [ app_init ] --END-- [ RunTime:0.000104s ]
INFO: [ app_begin ] --START--
INFO: Run Behavior\ReadHtmlCacheBehavior [ RunTime:0.000093s ]
INFO: [ app_begin ] --END-- [ RunTime:0.000137s ]
ERR: 非法操作:index

[ 2017-07-16T15:51:31+08:00 ] 171.221.150.197 /
INFO: [ app_init ] --START--
INFO: Run Behavior\BuildLiteBehavior [ RunTime:0.000013s ]
INFO: [ app_init ] --END-- [ RunTime:0.000102s ]
INFO: [ app_begin ] --START--
INFO: Run Behavior\ReadHtmlCacheBehavior [ RunTime:0.000062s ]
INFO: [ app_begin ] --END-- [ RunTime:0.000095s ]
ERR: 非法操作:index

[ 2017-07-16T15:51:52+08:00 ] 171.221.150.197 /index.php/Home//Api/getUserInfo
INFO: [ app_init ] --START--
INFO: Run Behavior\BuildLiteBehavior [ RunTime:0.000020s ]
INFO: [ app_init ] --END-- [ RunTime:0.000225s ]
INFO: [ app_begin ] --START--
INFO: Run Behavior\ReadHtmlCacheBehavior [ RunTime:0.000170s ]
INFO: [ app_begin ] --END-- [ RunTime:0.000212s ]
SQL: SHOW COLUMNS FROM `longhai_member` [ RunTime:0.0007s ]
SQL: SELECT * FROM `longhai_member` WHERE `m_id` = 1 LIMIT 1   [ RunTime:0.0001s ]
SQL: SELECT * FROM `longhai_member` WHERE `m_id` = 5 LIMIT 1   [ RunTime:0.0001s ]

[ 2017-07-16T15:51:58+08:00 ] 171.221.150.197 /index.php/Home//Api/getUserInfo
INFO: [ app_init ] --START--
INFO: Run Behavior\BuildLiteBehavior [ RunTime:0.000014s ]
INFO: [ app_init ] --END-- [ RunTime:0.000104s ]
INFO: [ app_begin ] --START--
INFO: Run Behavior\ReadHtmlCacheBehavior [ RunTime:0.000101s ]
INFO: [ app_begin ] --END-- [ RunTime:0.000154s ]
SQL: SHOW COLUMNS FROM `longhai_member` [ RunTime:0.0009s ]
SQL: SELECT * FROM `longhai_member` WHERE `m_id` = 1 LIMIT 1   [ RunTime:0.0001s ]
SQL: SELECT * FROM `longhai_member` WHERE `m_id` = 5 LIMIT 1   [ RunTime:0.0001s ]

[ 2017-07-16T15:52:07+08:00 ] 171.221.150.197 /
INFO: [ app_init ] --START--
INFO: Run Behavior\BuildLiteBehavior [ RunTime:0.000016s ]
INFO: [ app_init ] --END-- [ RunTime:0.000111s ]
INFO: [ app_begin ] --START--
INFO: Run Behavior\ReadHtmlCacheBehavior [ RunTime:0.000085s ]
INFO: [ app_begin ] --END-- [ RunTime:0.000129s ]
ERR: 非法操作:index

[ 2017-07-16T16:22:13+08:00 ] 216.218.206.69 /
INFO: [ app_init ] --START--
INFO: Run Behavior\BuildLiteBehavior [ RunTime:0.000015s ]
INFO: [ app_init ] --END-- [ RunTime:0.000107s ]
INFO: [ app_begin ] --START--
INFO: Run Behavior\ReadHtmlCacheBehavior [ RunTime:0.000130s ]
INFO: [ app_begin ] --END-- [ RunTime:0.000223s ]
ERR: 非法操作:index

[ 2017-07-16T16:59:07+08:00 ] 171.221.150.197 /index.php/Home//Index/getIndex
INFO: [ app_init ] --START--
INFO: Run Behavior\BuildLiteBehavior [ RunTime:0.000015s ]
INFO: [ app_init ] --END-- [ RunTime:0.000112s ]
INFO: [ app_begin ] --START--
INFO: Run Behavior\ReadHtmlCacheBehavior [ RunTime:0.000090s ]
INFO: [ app_begin ] --END-- [ RunTime:0.000135s ]
SQL: SHOW COLUMNS FROM `longhai_lecturer` [ RunTime:0.0007s ]
SQL: SELECT * FROM `longhai_lecturer` WHERE `l_del` = 0 ORDER BY l_id desc LIMIT 10   [ RunTime:0.0001s ]
SQL: SHOW COLUMNS FROM `longhai_video` [ RunTime:0.0005s ]
SQL: SELECT * FROM `longhai_video` WHERE `v_del` = 0 ORDER BY v_id desc LIMIT 10   [ RunTime:0.0001s ]

[ 2017-07-16T16:59:08+08:00 ] 171.221.150.197 /index.php/Home//Index/checkUserInfo
INFO: [ app_init ] --START--
INFO: Run Behavior\BuildLiteBehavior [ RunTime:0.000023s ]
INFO: [ app_init ] --END-- [ RunTime:0.000151s ]
INFO: [ app_begin ] --START--
INFO: Run Behavior\ReadHtmlCacheBehavior [ RunTime:0.000128s ]
INFO: [ app_begin ] --END-- [ RunTime:0.000197s ]
SQL: SHOW COLUMNS FROM `longhai_member` [ RunTime:0.0008s ]
SQL: SELECT * FROM `longhai_member` WHERE `m_openid` = 'o-9r-0AskXNNK5onUE2C1xQTXJQs' LIMIT 1   [ RunTime:0.0001s ]

[ 2017-07-16T16:59:09+08:00 ] 171.221.150.197 /index.php/Home//Api/updateUserInfo
INFO: [ app_init ] --START--
INFO: Run Behavior\BuildLiteBehavior [ RunTime:0.000018s ]
INFO: [ app_init ] --END-- [ RunTime:0.000134s ]
INFO: [ app_begin ] --START--
INFO: Run Behavior\ReadHtmlCacheBehavior [ RunTime:0.000084s ]
INFO: [ app_begin ] --END-- [ RunTime:0.000129s ]
SQL: SHOW COLUMNS FROM `longhai_member` [ RunTime:0.0011s ]
SQL: UPDATE `longhai_member` SET `m_nickname`='范小波',`m_avatarurl`='https://wx.qlogo.cn/mmopen/vi_32/27pgYZLmuM21VBpJ6t2JROcrJYDtxgZfVxXiaz0T5QBk95VSlDanOTPxcyIll3eav5zVVz3cEzL3Dh6zticesoZw/0' WHERE `m_id` = 5 [ RunTime:0.0002s ]

[ 2017-07-16T16:59:10+08:00 ] 171.221.150.197 /index.php/Home//Api/getVideo
INFO: [ app_init ] --START--
INFO: Run Behavior\BuildLiteBehavior [ RunTime:0.000015s ]
INFO: [ app_init ] --END-- [ RunTime:0.000106s ]
INFO: [ app_begin ] --START--
INFO: Run Behavior\ReadHtmlCacheBehavior [ RunTime:0.000071s ]
INFO: [ app_begin ] --END-- [ RunTime:0.000110s ]
SQL: SHOW COLUMNS FROM `longhai_video` [ RunTime:0.0009s ]
SQL: SELECT * FROM `longhai_video` WHERE `v_del` = 0 AND `v_type_id` = 1 ORDER BY v_id desc LIMIT 0,20   [ RunTime:0.0001s ]
SQL: SELECT COUNT(*) AS tp_count FROM `longhai_video` WHERE `v_del` = 0 AND `v_type_id` = 1 LIMIT 1   [ RunTime:0.0001s ]

[ 2017-07-16T16:59:10+08:00 ] 171.221.150.197 /index.php/Home//Index/getAbout
INFO: [ app_init ] --START--
INFO: Run Behavior\BuildLiteBehavior [ RunTime:0.000015s ]
INFO: [ app_init ] --END-- [ RunTime:0.000100s ]
INFO: [ app_begin ] --START--
INFO: Run Behavior\ReadHtmlCacheBehavior [ RunTime:0.000088s ]
INFO: [ app_begin ] --END-- [ RunTime:0.000149s ]
SQL: SHOW COLUMNS FROM `longhai_about` [ RunTime:0.0008s ]
SQL: SELECT * FROM `longhai_about` WHERE `a_id` = 1 LIMIT 1   [ RunTime:0.0001s ]

[ 2017-07-16T16:59:11+08:00 ] 171.221.150.197 /index.php/Home//Api/getUserInfo
INFO: [ app_init ] --START--
INFO: Run Behavior\BuildLiteBehavior [ RunTime:0.000016s ]
INFO: [ app_init ] --END-- [ RunTime:0.000109s ]
INFO: [ app_begin ] --START--
INFO: Run Behavior\ReadHtmlCacheBehavior [ RunTime:0.000090s ]
INFO: [ app_begin ] --END-- [ RunTime:0.000138s ]
SQL: SHOW COLUMNS FROM `longhai_member` [ RunTime:0.0007s ]
SQL: SELECT * FROM `longhai_member` WHERE `m_id` = 1 LIMIT 1   [ RunTime:0.0001s ]
SQL: SELECT * FROM `longhai_member` WHERE `m_id` = 5 LIMIT 1   [ RunTime:0.0001s ]

[ 2017-07-16T20:59:20+08:00 ] 1.82.229.202 /index.php/Home//Index/getIndex
INFO: [ app_init ] --START--
INFO: Run Behavior\BuildLiteBehavior [ RunTime:0.000021s ]
INFO: [ app_init ] --END-- [ RunTime:0.000148s ]
INFO: [ app_begin ] --START--
INFO: Run Behavior\ReadHtmlCacheBehavior [ RunTime:0.000151s ]
INFO: [ app_begin ] --END-- [ RunTime:0.000204s ]
SQL: SHOW COLUMNS FROM `longhai_lecturer` [ RunTime:0.0007s ]
SQL: SELECT * FROM `longhai_lecturer` WHERE `l_del` = 0 ORDER BY l_id desc LIMIT 10   [ RunTime:0.0001s ]
SQL: SHOW COLUMNS FROM `longhai_video` [ RunTime:0.0005s ]
SQL: SELECT * FROM `longhai_video` WHERE `v_del` = 0 ORDER BY v_id desc LIMIT 10   [ RunTime:0.0001s ]

[ 2017-07-16T20:59:20+08:00 ] 1.82.229.202 /index.php/Home//Index/checkUserInfo
INFO: [ app_init ] --START--
INFO: Run Behavior\BuildLiteBehavior [ RunTime:0.000019s ]
INFO: [ app_init ] --END-- [ RunTime:0.000122s ]
INFO: [ app_begin ] --START--
INFO: Run Behavior\ReadHtmlCacheBehavior [ RunTime:0.000082s ]
INFO: [ app_begin ] --END-- [ RunTime:0.000126s ]
SQL: SHOW COLUMNS FROM `longhai_member` [ RunTime:0.0010s ]
SQL: SELECT * FROM `longhai_member` WHERE `m_openid` = 'o-9r-0AskXNNK5onUE2C1xQTXJQs' LIMIT 1   [ RunTime:0.0001s ]

[ 2017-07-16T20:59:21+08:00 ] 1.82.229.202 /index.php/Home//Api/updateUserInfo
INFO: [ app_init ] --START--
INFO: Run Behavior\BuildLiteBehavior [ RunTime:0.000017s ]
INFO: [ app_init ] --END-- [ RunTime:0.000108s ]
INFO: [ app_begin ] --START--
INFO: Run Behavior\ReadHtmlCacheBehavior [ RunTime:0.000078s ]
INFO: [ app_begin ] --END-- [ RunTime:0.000124s ]
SQL: SHOW COLUMNS FROM `longhai_member` [ RunTime:0.0008s ]
SQL: UPDATE `longhai_member` SET `m_nickname`='范小波',`m_avatarurl`='https://wx.qlogo.cn/mmopen/vi_32/27pgYZLmuM21VBpJ6t2JROcrJYDtxgZfVxXiaz0T5QBk95VSlDanOTPxcyIll3eav5zVVz3cEzL3Dh6zticesoZw/0' WHERE `m_id` = 5 [ RunTime:0.0003s ]

