[ 2017-07-17T05:48:20+08:00 ] 47.88.191.116 /
INFO: [ app_init ] --START--
INFO: Run Behavior\BuildLiteBehavior [ RunTime:0.000019s ]
INFO: [ app_init ] --END-- [ RunTime:0.000122s ]
INFO: [ app_begin ] --START--
INFO: Run Behavior\ReadHtmlCacheBehavior [ RunTime:0.000108s ]
INFO: [ app_begin ] --END-- [ RunTime:0.000148s ]
ERR: 非法操作:index

[ 2017-07-17T10:27:39+08:00 ] 218.88.126.4 /
INFO: [ app_init ] --START--
INFO: Run Behavior\BuildLiteBehavior [ RunTime:0.000018s ]
INFO: [ app_init ] --END-- [ RunTime:0.000129s ]
INFO: [ app_begin ] --START--
INFO: Run Behavior\ReadHtmlCacheBehavior [ RunTime:0.000119s ]
INFO: [ app_begin ] --END-- [ RunTime:0.000197s ]
ERR: 非法操作:index

[ 2017-07-17T10:27:55+08:00 ] 218.88.126.4 /
INFO: [ app_init ] --START--
INFO: Run Behavior\BuildLiteBehavior [ RunTime:0.000018s ]
INFO: [ app_init ] --END-- [ RunTime:0.000098s ]
INFO: [ app_begin ] --START--
INFO: Run Behavior\ReadHtmlCacheBehavior [ RunTime:0.000074s ]
INFO: [ app_begin ] --END-- [ RunTime:0.000112s ]
ERR: 非法操作:index

[ 2017-07-17T10:40:08+08:00 ] 218.88.126.4 /
INFO: [ app_init ] --START--
INFO: Run Behavior\BuildLiteBehavior [ RunTime:0.000015s ]
INFO: [ app_init ] --END-- [ RunTime:0.000113s ]
INFO: [ app_begin ] --START--
INFO: Run Behavior\ReadHtmlCacheBehavior [ RunTime:0.000090s ]
INFO: [ app_begin ] --END-- [ RunTime:0.000130s ]
ERR: 非法操作:index

[ 2017-07-17T10:49:02+08:00 ] 218.88.126.4 /
INFO: [ app_init ] --START--
INFO: Run Behavior\BuildLiteBehavior [ RunTime:0.000016s ]
INFO: [ app_init ] --END-- [ RunTime:0.000132s ]
INFO: [ app_begin ] --START--
INFO: Run Behavior\ReadHtmlCacheBehavior [ RunTime:0.000105s ]
INFO: [ app_begin ] --END-- [ RunTime:0.000156s ]
ERR: 非法操作:index

[ 2017-07-17T10:51:44+08:00 ] 218.88.126.4 /
INFO: [ app_init ] --START--
INFO: Run Behavior\BuildLiteBehavior [ RunTime:0.000019s ]
INFO: [ app_init ] --END-- [ RunTime:0.000130s ]
INFO: [ app_begin ] --START--
INFO: Run Behavior\ReadHtmlCacheBehavior [ RunTime:0.000075s ]
INFO: [ app_begin ] --END-- [ RunTime:0.000109s ]
ERR: 非法操作:index

[ 2017-07-17T10:55:13+08:00 ] 218.88.126.4 /
INFO: [ app_init ] --START--
INFO: Run Behavior\BuildLiteBehavior [ RunTime:0.000014s ]
INFO: [ app_init ] --END-- [ RunTime:0.000109s ]
INFO: [ app_begin ] --START--
INFO: Run Behavior\ReadHtmlCacheBehavior [ RunTime:0.000081s ]
INFO: [ app_begin ] --END-- [ RunTime:0.000120s ]
ERR: 非法操作:index

[ 2017-07-17T11:12:25+08:00 ] 218.88.126.4 /
INFO: [ app_init ] --START--
INFO: Run Behavior\BuildLiteBehavior [ RunTime:0.000016s ]
INFO: [ app_init ] --END-- [ RunTime:0.000114s ]
INFO: [ app_begin ] --START--
INFO: Run Behavior\ReadHtmlCacheBehavior [ RunTime:0.000104s ]
INFO: [ app_begin ] --END-- [ RunTime:0.000145s ]
ERR: 非法操作:index

[ 2017-07-17T11:14:01+08:00 ] 218.88.126.4 /
INFO: [ app_init ] --START--
INFO: Run Behavior\BuildLiteBehavior [ RunTime:0.000019s ]
INFO: [ app_init ] --END-- [ RunTime:0.000143s ]
INFO: [ app_begin ] --START--
INFO: Run Behavior\ReadHtmlCacheBehavior [ RunTime:0.000121s ]
INFO: [ app_begin ] --END-- [ RunTime:0.000177s ]
ERR: 非法操作:index

[ 2017-07-17T11:14:02+08:00 ] 218.88.126.4 /
INFO: [ app_init ] --START--
INFO: Run Behavior\BuildLiteBehavior [ RunTime:0.000022s ]
INFO: [ app_init ] --END-- [ RunTime:0.000119s ]
INFO: [ app_begin ] --START--
INFO: Run Behavior\ReadHtmlCacheBehavior [ RunTime:0.000081s ]
INFO: [ app_begin ] --END-- [ RunTime:0.000125s ]
ERR: 非法操作:index

[ 2017-07-17T11:14:02+08:00 ] 218.88.126.4 /
INFO: [ app_init ] --START--
INFO: Run Behavior\BuildLiteBehavior [ RunTime:0.000015s ]
INFO: [ app_init ] --END-- [ RunTime:0.000096s ]
INFO: [ app_begin ] --START--
INFO: Run Behavior\ReadHtmlCacheBehavior [ RunTime:0.000068s ]
INFO: [ app_begin ] --END-- [ RunTime:0.000121s ]
ERR: 非法操作:index

[ 2017-07-17T11:14:02+08:00 ] 218.88.126.4 /
INFO: [ app_init ] --START--
INFO: Run Behavior\BuildLiteBehavior [ RunTime:0.000012s ]
INFO: [ app_init ] --END-- [ RunTime:0.000079s ]
INFO: [ app_begin ] --START--
INFO: Run Behavior\ReadHtmlCacheBehavior [ RunTime:0.000070s ]
INFO: [ app_begin ] --END-- [ RunTime:0.000108s ]
ERR: 非法操作:index

[ 2017-07-17T11:14:02+08:00 ] 218.88.126.4 /
INFO: [ app_init ] --START--
INFO: Run Behavior\BuildLiteBehavior [ RunTime:0.000011s ]
INFO: [ app_init ] --END-- [ RunTime:0.000070s ]
INFO: [ app_begin ] --START--
INFO: Run Behavior\ReadHtmlCacheBehavior [ RunTime:0.000053s ]
INFO: [ app_begin ] --END-- [ RunTime:0.000080s ]
ERR: 非法操作:index

[ 2017-07-17T11:32:09+08:00 ] 218.88.126.4 /
INFO: [ app_init ] --START--
INFO: Run Behavior\BuildLiteBehavior [ RunTime:0.000014s ]
INFO: [ app_init ] --END-- [ RunTime:0.000107s ]
INFO: [ app_begin ] --START--
INFO: Run Behavior\ReadHtmlCacheBehavior [ RunTime:0.000090s ]
INFO: [ app_begin ] --END-- [ RunTime:0.000139s ]
ERR: 非法操作:index

[ 2017-07-17T11:46:59+08:00 ] 218.88.126.4 /
INFO: [ app_init ] --START--
INFO: Run Behavior\BuildLiteBehavior [ RunTime:0.000016s ]
INFO: [ app_init ] --END-- [ RunTime:0.000112s ]
INFO: [ app_begin ] --START--
INFO: Run Behavior\ReadHtmlCacheBehavior [ RunTime:0.000150s ]
INFO: [ app_begin ] --END-- [ RunTime:0.000212s ]
ERR: 非法操作:index

[ 2017-07-17T11:58:32+08:00 ] 218.88.126.4 /
INFO: [ app_init ] --START--
INFO: Run Behavior\BuildLiteBehavior [ RunTime:0.000020s ]
INFO: [ app_init ] --END-- [ RunTime:0.000137s ]
INFO: [ app_begin ] --START--
INFO: Run Behavior\ReadHtmlCacheBehavior [ RunTime:0.000085s ]
INFO: [ app_begin ] --END-- [ RunTime:0.000127s ]
ERR: 非法操作:index

[ 2017-07-17T12:04:03+08:00 ] 218.88.126.4 /
INFO: [ app_init ] --START--
INFO: Run Behavior\BuildLiteBehavior [ RunTime:0.000033s ]
INFO: [ app_init ] --END-- [ RunTime:0.000174s ]
INFO: [ app_begin ] --START--
INFO: Run Behavior\ReadHtmlCacheBehavior [ RunTime:0.000081s ]
INFO: [ app_begin ] --END-- [ RunTime:0.000118s ]
ERR: 非法操作:index

[ 2017-07-17T12:06:58+08:00 ] 218.88.126.4 /
INFO: [ app_init ] --START--
INFO: Run Behavior\BuildLiteBehavior [ RunTime:0.000022s ]
INFO: [ app_init ] --END-- [ RunTime:0.000164s ]
INFO: [ app_begin ] --START--
INFO: Run Behavior\ReadHtmlCacheBehavior [ RunTime:0.000082s ]
INFO: [ app_begin ] --END-- [ RunTime:0.000160s ]
ERR: 非法操作:index

[ 2017-07-17T12:06:59+08:00 ] 218.88.126.4 /
INFO: [ app_init ] --START--
INFO: Run Behavior\BuildLiteBehavior [ RunTime:0.000016s ]
INFO: [ app_init ] --END-- [ RunTime:0.000104s ]
INFO: [ app_begin ] --START--
INFO: Run Behavior\ReadHtmlCacheBehavior [ RunTime:0.000127s ]
INFO: [ app_begin ] --END-- [ RunTime:0.000168s ]
ERR: 非法操作:index

[ 2017-07-17T12:06:59+08:00 ] 218.88.126.4 /
INFO: [ app_init ] --START--
INFO: Run Behavior\BuildLiteBehavior [ RunTime:0.000018s ]
INFO: [ app_init ] --END-- [ RunTime:0.000124s ]
INFO: [ app_begin ] --START--
INFO: Run Behavior\ReadHtmlCacheBehavior [ RunTime:0.000075s ]
INFO: [ app_begin ] --END-- [ RunTime:0.000114s ]
ERR: 非法操作:index

[ 2017-07-17T12:06:59+08:00 ] 218.88.126.4 /
INFO: [ app_init ] --START--
INFO: Run Behavior\BuildLiteBehavior [ RunTime:0.000022s ]
INFO: [ app_init ] --END-- [ RunTime:0.000133s ]
INFO: [ app_begin ] --START--
INFO: Run Behavior\ReadHtmlCacheBehavior [ RunTime:0.000084s ]
INFO: [ app_begin ] --END-- [ RunTime:0.000126s ]
ERR: 非法操作:index

[ 2017-07-17T12:07:00+08:00 ] 218.88.126.4 /
INFO: [ app_init ] --START--
INFO: Run Behavior\BuildLiteBehavior [ RunTime:0.000014s ]
INFO: [ app_init ] --END-- [ RunTime:0.000105s ]
INFO: [ app_begin ] --START--
INFO: Run Behavior\ReadHtmlCacheBehavior [ RunTime:0.000069s ]
INFO: [ app_begin ] --END-- [ RunTime:0.000115s ]
ERR: 非法操作:index

[ 2017-07-17T12:07:31+08:00 ] 218.88.126.4 /
INFO: [ app_init ] --START--
INFO: Run Behavior\BuildLiteBehavior [ RunTime:0.000015s ]
INFO: [ app_init ] --END-- [ RunTime:0.000119s ]
INFO: [ app_begin ] --START--
INFO: Run Behavior\ReadHtmlCacheBehavior [ RunTime:0.000090s ]
INFO: [ app_begin ] --END-- [ RunTime:0.000138s ]
ERR: 非法操作:index

[ 2017-07-17T12:11:56+08:00 ] 218.88.126.4 /
INFO: [ app_init ] --START--
INFO: Run Behavior\BuildLiteBehavior [ RunTime:0.000013s ]
INFO: [ app_init ] --END-- [ RunTime:0.000095s ]
INFO: [ app_begin ] --START--
INFO: Run Behavior\ReadHtmlCacheBehavior [ RunTime:0.000092s ]
INFO: [ app_begin ] --END-- [ RunTime:0.000132s ]
ERR: 非法操作:index

[ 2017-07-17T12:15:11+08:00 ] 218.88.126.4 /
INFO: [ app_init ] --START--
INFO: Run Behavior\BuildLiteBehavior [ RunTime:0.000037s ]
INFO: [ app_init ] --END-- [ RunTime:0.001780s ]
INFO: [ app_begin ] --START--
INFO: Run Behavior\ReadHtmlCacheBehavior [ RunTime:0.001612s ]
INFO: [ app_begin ] --END-- [ RunTime:0.001688s ]
ERR: 非法操作:index

[ 2017-07-17T12:15:27+08:00 ] 218.88.126.4 /
INFO: [ app_init ] --START--
INFO: Run Behavior\BuildLiteBehavior [ RunTime:0.000031s ]
INFO: [ app_init ] --END-- [ RunTime:0.000256s ]
INFO: [ app_begin ] --START--
INFO: Run Behavior\ReadHtmlCacheBehavior [ RunTime:0.000146s ]
INFO: [ app_begin ] --END-- [ RunTime:0.000234s ]
ERR: 非法操作:index

[ 2017-07-17T12:16:19+08:00 ] 218.88.126.4 /
INFO: [ app_init ] --START--
INFO: Run Behavior\BuildLiteBehavior [ RunTime:0.000018s ]
INFO: [ app_init ] --END-- [ RunTime:0.000126s ]
INFO: [ app_begin ] --START--
INFO: Run Behavior\ReadHtmlCacheBehavior [ RunTime:0.000166s ]
INFO: [ app_begin ] --END-- [ RunTime:0.000233s ]
ERR: 非法操作:index

[ 2017-07-17T12:18:28+08:00 ] 218.88.126.4 /
INFO: [ app_init ] --START--
INFO: Run Behavior\BuildLiteBehavior [ RunTime:0.000018s ]
INFO: [ app_init ] --END-- [ RunTime:0.000152s ]
INFO: [ app_begin ] --START--
INFO: Run Behavior\ReadHtmlCacheBehavior [ RunTime:0.000103s ]
INFO: [ app_begin ] --END-- [ RunTime:0.000140s ]
ERR: 非法操作:index

[ 2017-07-17T12:20:05+08:00 ] 163.177.90.152 /
INFO: [ app_init ] --START--
INFO: Run Behavior\BuildLiteBehavior [ RunTime:0.000016s ]
INFO: [ app_init ] --END-- [ RunTime:0.000097s ]
INFO: [ app_begin ] --START--
INFO: Run Behavior\ReadHtmlCacheBehavior [ RunTime:0.000085s ]
INFO: [ app_begin ] --END-- [ RunTime:0.000116s ]
ERR: 非法操作:index

[ 2017-07-17T12:20:20+08:00 ] 218.88.126.4 /
INFO: [ app_init ] --START--
INFO: Run Behavior\BuildLiteBehavior [ RunTime:0.000017s ]
INFO: [ app_init ] --END-- [ RunTime:0.000130s ]
INFO: [ app_begin ] --START--
INFO: Run Behavior\ReadHtmlCacheBehavior [ RunTime:0.000082s ]
INFO: [ app_begin ] --END-- [ RunTime:0.000125s ]
ERR: 非法操作:index

[ 2017-07-17T12:20:48+08:00 ] 218.88.126.4 /index.php/Home//Index/getIndex
INFO: [ app_init ] --START--
INFO: Run Behavior\BuildLiteBehavior [ RunTime:0.000015s ]
INFO: [ app_init ] --END-- [ RunTime:0.000092s ]
INFO: [ app_begin ] --START--
INFO: Run Behavior\ReadHtmlCacheBehavior [ RunTime:0.000076s ]
INFO: [ app_begin ] --END-- [ RunTime:0.000120s ]
SQL: SHOW COLUMNS FROM `longhai_lecturer` [ RunTime:0.0073s ]
SQL: SELECT * FROM `longhai_lecturer` WHERE `l_del` = 0 ORDER BY l_id desc LIMIT 10   [ RunTime:0.0011s ]
SQL: SHOW COLUMNS FROM `longhai_video` [ RunTime:0.0018s ]
SQL: SELECT * FROM `longhai_video` WHERE `v_del` = 0 ORDER BY v_id desc LIMIT 10   [ RunTime:0.0010s ]

[ 2017-07-17T12:20:48+08:00 ] 218.88.126.4 /index.php/Home//Index/checkUserInfo
INFO: [ app_init ] --START--
INFO: Run Behavior\BuildLiteBehavior [ RunTime:0.000012s ]
INFO: [ app_init ] --END-- [ RunTime:0.000085s ]
INFO: [ app_begin ] --START--
INFO: Run Behavior\ReadHtmlCacheBehavior [ RunTime:0.000101s ]
INFO: [ app_begin ] --END-- [ RunTime:0.000159s ]
SQL: SHOW COLUMNS FROM `longhai_member` [ RunTime:0.0029s ]
SQL: SELECT * FROM `longhai_member` WHERE `m_openid` = 'o-9r-0PURpgHj1iIGbvQLIunuDfw' LIMIT 1   [ RunTime:0.0016s ]

[ 2017-07-17T12:20:49+08:00 ] 218.88.126.4 /index.php/Home//Api/updateUserInfo
INFO: [ app_init ] --START--
INFO: Run Behavior\BuildLiteBehavior [ RunTime:0.000013s ]
INFO: [ app_init ] --END-- [ RunTime:0.000080s ]
INFO: [ app_begin ] --START--
INFO: Run Behavior\ReadHtmlCacheBehavior [ RunTime:0.000059s ]
INFO: [ app_begin ] --END-- [ RunTime:0.000092s ]
SQL: SHOW COLUMNS FROM `longhai_member` [ RunTime:0.0006s ]
SQL: UPDATE `longhai_member` SET `m_nickname`='Katherine',`m_avatarurl`='https://wx.qlogo.cn/mmopen/vi_32/BfwsrYQVhMRxm8W7VCTWUsQ1vBXSoLcvlgPib22DENlnEONziaTLp3T8oKYvibicjg3pelo7zCnfVCVkvP6SQTxwRQ/0' WHERE `m_id` = 4 [ RunTime:0.0008s ]

[ 2017-07-17T12:20:59+08:00 ] 218.88.126.4 /index.php/Home//Api/getUserInfo
INFO: [ app_init ] --START--
INFO: Run Behavior\BuildLiteBehavior [ RunTime:0.000015s ]
INFO: [ app_init ] --END-- [ RunTime:0.000094s ]
INFO: [ app_begin ] --START--
INFO: Run Behavior\ReadHtmlCacheBehavior [ RunTime:0.000068s ]
INFO: [ app_begin ] --END-- [ RunTime:0.000106s ]
SQL: SHOW COLUMNS FROM `longhai_member` [ RunTime:0.0007s ]
SQL: SELECT * FROM `longhai_member` WHERE `m_id` = 1 LIMIT 1   [ RunTime:0.0003s ]
SQL: SELECT * FROM `longhai_member` WHERE `m_id` = 4 LIMIT 1   [ RunTime:0.0003s ]

[ 2017-07-17T12:20:59+08:00 ] 218.88.126.4 /index.php/Home//Api/getVideoDetail
INFO: [ app_init ] --START--
INFO: Run Behavior\BuildLiteBehavior [ RunTime:0.000013s ]
INFO: [ app_init ] --END-- [ RunTime:0.000090s ]
INFO: [ app_begin ] --START--
INFO: Run Behavior\ReadHtmlCacheBehavior [ RunTime:0.000076s ]
INFO: [ app_begin ] --END-- [ RunTime:0.000115s ]
SQL: SHOW COLUMNS FROM `longhai_member` [ RunTime:0.0006s ]
SQL: SELECT * FROM `longhai_member` WHERE `m_id` = 1 LIMIT 1   [ RunTime:0.0001s ]
SQL: SELECT * FROM `longhai_member` WHERE `m_id` = 4 LIMIT 1   [ RunTime:0.0002s ]
SQL: SHOW COLUMNS FROM `longhai_video` [ RunTime:0.0005s ]
SQL: UPDATE `longhai_video` SET `v_views`=v_views+1 WHERE `v_id` = 5 [ RunTime:0.0004s ]
SQL: SELECT `v_id`,`v_title`,`v_pic`,`v_video`,`v_views`,`l_pic`,`l_name`,`vt_id` FROM `longhai_video` left JOIN longhai_video_type on longhai_video.v_type_id = longhai_video_type.vt_id left JOIN longhai_lecturer on longhai_video.v_lecturer_id = longhai_lecturer.l_id  WHERE `v_id` = '5' LIMIT 1   [ RunTime:0.0040s ]
SQL: SELECT * FROM `longhai_video` WHERE `v_type_id` = 3 AND `v_id` <> '5' ORDER BY v_id desc LIMIT 6   [ RunTime:0.0004s ]

[ 2017-07-17T12:21:00+08:00 ] 218.88.126.4 /
INFO: [ app_init ] --START--
INFO: Run Behavior\BuildLiteBehavior [ RunTime:0.000015s ]
INFO: [ app_init ] --END-- [ RunTime:0.000105s ]
INFO: [ app_begin ] --START--
INFO: Run Behavior\ReadHtmlCacheBehavior [ RunTime:0.000124s ]
INFO: [ app_begin ] --END-- [ RunTime:0.000180s ]
ERR: 非法操作:index

[ 2017-07-17T12:21:04+08:00 ] 218.88.126.4 /index.php/Home//Api/getUserInfo
INFO: [ app_init ] --START--
INFO: Run Behavior\BuildLiteBehavior [ RunTime:0.000015s ]
INFO: [ app_init ] --END-- [ RunTime:0.000093s ]
INFO: [ app_begin ] --START--
INFO: Run Behavior\ReadHtmlCacheBehavior [ RunTime:0.000072s ]
INFO: [ app_begin ] --END-- [ RunTime:0.000137s ]
SQL: SHOW COLUMNS FROM `longhai_member` [ RunTime:0.0005s ]
SQL: SELECT * FROM `longhai_member` WHERE `m_id` = 1 LIMIT 1   [ RunTime:0.0001s ]
SQL: SELECT * FROM `longhai_member` WHERE `m_id` = 4 LIMIT 1   [ RunTime:0.0001s ]

[ 2017-07-17T12:21:04+08:00 ] 218.88.126.4 /index.php/Home//Api/getVideoDetail
INFO: [ app_init ] --START--
INFO: Run Behavior\BuildLiteBehavior [ RunTime:0.000015s ]
INFO: [ app_init ] --END-- [ RunTime:0.000090s ]
INFO: [ app_begin ] --START--
INFO: Run Behavior\ReadHtmlCacheBehavior [ RunTime:0.000070s ]
INFO: [ app_begin ] --END-- [ RunTime:0.000111s ]
SQL: SHOW COLUMNS FROM `longhai_member` [ RunTime:0.0005s ]
SQL: SELECT * FROM `longhai_member` WHERE `m_id` = 1 LIMIT 1   [ RunTime:0.0001s ]
SQL: SELECT * FROM `longhai_member` WHERE `m_id` = 4 LIMIT 1   [ RunTime:0.0001s ]
SQL: SHOW COLUMNS FROM `longhai_video` [ RunTime:0.0004s ]
SQL: UPDATE `longhai_video` SET `v_views`=v_views+1 WHERE `v_id` = 4 [ RunTime:0.0002s ]
SQL: SELECT `v_id`,`v_title`,`v_pic`,`v_video`,`v_views`,`l_pic`,`l_name`,`vt_id` FROM `longhai_video` left JOIN longhai_video_type on longhai_video.v_type_id = longhai_video_type.vt_id left JOIN longhai_lecturer on longhai_video.v_lecturer_id = longhai_lecturer.l_id  WHERE `v_id` = '4' LIMIT 1   [ RunTime:0.0002s ]
SQL: SELECT * FROM `longhai_video` WHERE `v_type_id` = 2 AND `v_id` <> '4' ORDER BY v_id desc LIMIT 6   [ RunTime:0.0003s ]

[ 2017-07-17T12:21:05+08:00 ] 218.88.126.4 /
INFO: [ app_init ] --START--
INFO: Run Behavior\BuildLiteBehavior [ RunTime:0.000023s ]
INFO: [ app_init ] --END-- [ RunTime:0.000135s ]
INFO: [ app_begin ] --START--
INFO: Run Behavior\ReadHtmlCacheBehavior [ RunTime:0.000080s ]
INFO: [ app_begin ] --END-- [ RunTime:0.000129s ]
ERR: 非法操作:index

[ 2017-07-17T15:26:08+08:00 ] 140.207.124.105 /
INFO: [ app_init ] --START--
INFO: Run Behavior\BuildLiteBehavior [ RunTime:0.000017s ]
INFO: [ app_init ] --END-- [ RunTime:0.000152s ]
INFO: [ app_begin ] --START--
INFO: Run Behavior\ReadHtmlCacheBehavior [ RunTime:0.000110s ]
INFO: [ app_begin ] --END-- [ RunTime:0.000163s ]
ERR: 非法操作:index

[ 2017-07-17T16:31:42+08:00 ] 183.14.30.140 /index.php/Home//Index/getIndex
INFO: [ app_init ] --START--
INFO: Run Behavior\BuildLiteBehavior [ RunTime:0.000013s ]
INFO: [ app_init ] --END-- [ RunTime:0.000090s ]
INFO: [ app_begin ] --START--
INFO: Run Behavior\ReadHtmlCacheBehavior [ RunTime:0.000093s ]
INFO: [ app_begin ] --END-- [ RunTime:0.000152s ]
SQL: SHOW COLUMNS FROM `longhai_lecturer` [ RunTime:0.0009s ]
SQL: SELECT * FROM `longhai_lecturer` WHERE `l_del` = 0 ORDER BY l_id desc LIMIT 10   [ RunTime:0.0001s ]
SQL: SHOW COLUMNS FROM `longhai_video` [ RunTime:0.0005s ]
SQL: SELECT * FROM `longhai_video` WHERE `v_del` = 0 ORDER BY v_id desc LIMIT 10   [ RunTime:0.0003s ]

[ 2017-07-17T16:31:42+08:00 ] 183.14.30.140 /index.php/Home//Index/checkUserInfo
INFO: [ app_init ] --START--
INFO: Run Behavior\BuildLiteBehavior [ RunTime:0.000015s ]
INFO: [ app_init ] --END-- [ RunTime:0.000115s ]
INFO: [ app_begin ] --START--
INFO: Run Behavior\ReadHtmlCacheBehavior [ RunTime:0.000072s ]
INFO: [ app_begin ] --END-- [ RunTime:0.000113s ]
SQL: SHOW COLUMNS FROM `longhai_member` [ RunTime:0.0009s ]
SQL: SELECT * FROM `longhai_member` WHERE `m_openid` = 'o-9r-0G4zOtV_kT__SboX1cb3HUc' LIMIT 1   [ RunTime:0.0003s ]
SQL: INSERT INTO `longhai_member` (`m_openid`,`m_addtime`) VALUES ('o-9r-0G4zOtV_kT__SboX1cb3HUc','1500280302') [ RunTime:0.0002s ]

[ 2017-07-17T16:31:43+08:00 ] 183.14.30.140 /index.php/Home//Api/updateUserInfo
INFO: [ app_init ] --START--
INFO: Run Behavior\BuildLiteBehavior [ RunTime:0.000017s ]
INFO: [ app_init ] --END-- [ RunTime:0.000198s ]
INFO: [ app_begin ] --START--
INFO: Run Behavior\ReadHtmlCacheBehavior [ RunTime:0.000067s ]
INFO: [ app_begin ] --END-- [ RunTime:0.000106s ]
SQL: SHOW COLUMNS FROM `longhai_member` [ RunTime:0.0006s ]
SQL: UPDATE `longhai_member` SET `m_nickname`='rdgztest_BYSGLL',`m_avatarurl`='' WHERE `m_id` = 6 [ RunTime:0.0003s ]

[ 2017-07-17T16:31:49+08:00 ] 183.14.30.140 /index.php/Home//Api/getUserInfo
INFO: [ app_init ] --START--
INFO: Run Behavior\BuildLiteBehavior [ RunTime:0.000014s ]
INFO: [ app_init ] --END-- [ RunTime:0.000108s ]
INFO: [ app_begin ] --START--
INFO: Run Behavior\ReadHtmlCacheBehavior [ RunTime:0.000074s ]
INFO: [ app_begin ] --END-- [ RunTime:0.000115s ]
SQL: SHOW COLUMNS FROM `longhai_member` [ RunTime:0.0009s ]
SQL: SELECT * FROM `longhai_member` WHERE `m_id` = 1 LIMIT 1   [ RunTime:0.0004s ]
SQL: SELECT * FROM `longhai_member` WHERE `m_id` = 6 LIMIT 1   [ RunTime:0.0002s ]

[ 2017-07-17T16:31:58+08:00 ] 183.14.30.140 /index.php/Home//Api/getVideo
INFO: [ app_init ] --START--
INFO: Run Behavior\BuildLiteBehavior [ RunTime:0.000022s ]
INFO: [ app_init ] --END-- [ RunTime:0.000145s ]
INFO: [ app_begin ] --START--
INFO: Run Behavior\ReadHtmlCacheBehavior [ RunTime:0.000111s ]
INFO: [ app_begin ] --END-- [ RunTime:0.000171s ]
SQL: SHOW COLUMNS FROM `longhai_video` [ RunTime:0.0009s ]
SQL: SELECT * FROM `longhai_video` WHERE `v_del` = 0 ORDER BY v_id desc LIMIT 0,20   [ RunTime:0.0003s ]
SQL: SELECT COUNT(*) AS tp_count FROM `longhai_video` WHERE `v_del` = 0 LIMIT 1   [ RunTime:0.0002s ]

[ 2017-07-17T16:32:03+08:00 ] 183.14.30.140 /index.php/Home//Api/getUserInfo
INFO: [ app_init ] --START--
INFO: Run Behavior\BuildLiteBehavior [ RunTime:0.000016s ]
INFO: [ app_init ] --END-- [ RunTime:0.000102s ]
INFO: [ app_begin ] --START--
INFO: Run Behavior\ReadHtmlCacheBehavior [ RunTime:0.000107s ]
INFO: [ app_begin ] --END-- [ RunTime:0.000149s ]
SQL: SHOW COLUMNS FROM `longhai_member` [ RunTime:0.0008s ]
SQL: SELECT * FROM `longhai_member` WHERE `m_id` = 1 LIMIT 1   [ RunTime:0.0001s ]
SQL: SELECT * FROM `longhai_member` WHERE `m_id` = 6 LIMIT 1   [ RunTime:0.0001s ]

[ 2017-07-17T16:32:33+08:00 ] 183.14.30.140 /index.php/Home//Api/getUserInfo
INFO: [ app_init ] --START--
INFO: Run Behavior\BuildLiteBehavior [ RunTime:0.000014s ]
INFO: [ app_init ] --END-- [ RunTime:0.000093s ]
INFO: [ app_begin ] --START--
INFO: Run Behavior\ReadHtmlCacheBehavior [ RunTime:0.000074s ]
INFO: [ app_begin ] --END-- [ RunTime:0.000116s ]
SQL: SHOW COLUMNS FROM `longhai_member` [ RunTime:0.0008s ]
SQL: SELECT * FROM `longhai_member` WHERE `m_id` = 1 LIMIT 1   [ RunTime:0.0001s ]
SQL: SELECT * FROM `longhai_member` WHERE `m_id` = 6 LIMIT 1   [ RunTime:0.0001s ]

[ 2017-07-17T16:32:38+08:00 ] 183.14.30.140 /index.php/Home//Api/getUserInfo
INFO: [ app_init ] --START--
INFO: Run Behavior\BuildLiteBehavior [ RunTime:0.000013s ]
INFO: [ app_init ] --END-- [ RunTime:0.000094s ]
INFO: [ app_begin ] --START--
INFO: Run Behavior\ReadHtmlCacheBehavior [ RunTime:0.000061s ]
INFO: [ app_begin ] --END-- [ RunTime:0.000107s ]
SQL: SHOW COLUMNS FROM `longhai_member` [ RunTime:0.0007s ]
SQL: SELECT * FROM `longhai_member` WHERE `m_id` = 1 LIMIT 1   [ RunTime:0.0001s ]
SQL: SELECT * FROM `longhai_member` WHERE `m_id` = 6 LIMIT 1   [ RunTime:0.0001s ]

[ 2017-07-17T16:32:42+08:00 ] 183.14.30.140 /index.php/Home//Api/getVideo
INFO: [ app_init ] --START--
INFO: Run Behavior\BuildLiteBehavior [ RunTime:0.000016s ]
INFO: [ app_init ] --END-- [ RunTime:0.000108s ]
INFO: [ app_begin ] --START--
INFO: Run Behavior\ReadHtmlCacheBehavior [ RunTime:0.000092s ]
INFO: [ app_begin ] --END-- [ RunTime:0.000139s ]
SQL: SHOW COLUMNS FROM `longhai_video` [ RunTime:0.0008s ]
SQL: SELECT * FROM `longhai_video` WHERE `v_del` = 0 ORDER BY v_id desc LIMIT 0,20   [ RunTime:0.0001s ]
SQL: SELECT COUNT(*) AS tp_count FROM `longhai_video` WHERE `v_del` = 0 LIMIT 1   [ RunTime:0.0001s ]

[ 2017-07-17T16:33:41+08:00 ] 183.14.30.140 /index.php/Home//Api/getVideo
INFO: [ app_init ] --START--
INFO: Run Behavior\BuildLiteBehavior [ RunTime:0.000018s ]
INFO: [ app_init ] --END-- [ RunTime:0.000146s ]
INFO: [ app_begin ] --START--
INFO: Run Behavior\ReadHtmlCacheBehavior [ RunTime:0.000120s ]
INFO: [ app_begin ] --END-- [ RunTime:0.000177s ]
SQL: SHOW COLUMNS FROM `longhai_video` [ RunTime:0.0012s ]
SQL: SELECT * FROM `longhai_video` WHERE `v_del` = 0 AND `v_type_id` = 1 ORDER BY v_id desc LIMIT 0,20   [ RunTime:0.0005s ]
SQL: SELECT COUNT(*) AS tp_count FROM `longhai_video` WHERE `v_del` = 0 AND `v_type_id` = 1 LIMIT 1   [ RunTime:0.0003s ]

[ 2017-07-17T16:33:58+08:00 ] 183.14.30.140 /index.php/Home//Api/getUserInfo
INFO: [ app_init ] --START--
INFO: Run Behavior\BuildLiteBehavior [ RunTime:0.000018s ]
INFO: [ app_init ] --END-- [ RunTime:0.000121s ]
INFO: [ app_begin ] --START--
INFO: Run Behavior\ReadHtmlCacheBehavior [ RunTime:0.000113s ]
INFO: [ app_begin ] --END-- [ RunTime:0.000189s ]
SQL: SHOW COLUMNS FROM `longhai_member` [ RunTime:0.0010s ]
SQL: SELECT * FROM `longhai_member` WHERE `m_id` = 1 LIMIT 1   [ RunTime:0.0001s ]
SQL: SELECT * FROM `longhai_member` WHERE `m_id` = 6 LIMIT 1   [ RunTime:0.0001s ]

[ 2017-07-17T16:34:16+08:00 ] 183.14.30.140 /index.php/Home//Api/getVideo
INFO: [ app_init ] --START--
INFO: Run Behavior\BuildLiteBehavior [ RunTime:0.000018s ]
INFO: [ app_init ] --END-- [ RunTime:0.000220s ]
INFO: [ app_begin ] --START--
INFO: Run Behavior\ReadHtmlCacheBehavior [ RunTime:0.000159s ]
INFO: [ app_begin ] --END-- [ RunTime:0.000215s ]
SQL: SHOW COLUMNS FROM `longhai_video` [ RunTime:0.0009s ]
SQL: SELECT * FROM `longhai_video` WHERE `v_del` = 0 AND `v_type_id` = 4 ORDER BY v_id desc LIMIT 0,20   [ RunTime:0.0004s ]
SQL: SELECT COUNT(*) AS tp_count FROM `longhai_video` WHERE `v_del` = 0 AND `v_type_id` = 4 LIMIT 1   [ RunTime:0.0002s ]

[ 2017-07-17T16:34:19+08:00 ] 183.14.30.140 /index.php/Home//Api/getVideo
INFO: [ app_init ] --START--
INFO: Run Behavior\BuildLiteBehavior [ RunTime:0.000014s ]
INFO: [ app_init ] --END-- [ RunTime:0.000103s ]
INFO: [ app_begin ] --START--
INFO: Run Behavior\ReadHtmlCacheBehavior [ RunTime:0.000066s ]
INFO: [ app_begin ] --END-- [ RunTime:0.000104s ]
SQL: SHOW COLUMNS FROM `longhai_video` [ RunTime:0.0007s ]
SQL: SELECT * FROM `longhai_video` WHERE `v_del` = 0 AND `v_type_id` = 3 ORDER BY v_id desc LIMIT 0,20   [ RunTime:0.0003s ]
SQL: SELECT COUNT(*) AS tp_count FROM `longhai_video` WHERE `v_del` = 0 AND `v_type_id` = 3 LIMIT 1   [ RunTime:0.0003s ]

[ 2017-07-17T16:34:21+08:00 ] 183.14.30.140 /index.php/Home//Index/getAbout
INFO: [ app_init ] --START--
INFO: Run Behavior\BuildLiteBehavior [ RunTime:0.000022s ]
INFO: [ app_init ] --END-- [ RunTime:0.000214s ]
INFO: [ app_begin ] --START--
INFO: Run Behavior\ReadHtmlCacheBehavior [ RunTime:0.000076s ]
INFO: [ app_begin ] --END-- [ RunTime:0.000120s ]
SQL: SHOW COLUMNS FROM `longhai_about` [ RunTime:0.0011s ]
SQL: SELECT * FROM `longhai_about` WHERE `a_id` = 1 LIMIT 1   [ RunTime:0.0001s ]

[ 2017-07-17T16:34:24+08:00 ] 183.14.30.140 /index.php/Home//Api/getUserInfo
INFO: [ app_init ] --START--
INFO: Run Behavior\BuildLiteBehavior [ RunTime:0.000032s ]
INFO: [ app_init ] --END-- [ RunTime:0.000140s ]
INFO: [ app_begin ] --START--
INFO: Run Behavior\ReadHtmlCacheBehavior [ RunTime:0.000080s ]
INFO: [ app_begin ] --END-- [ RunTime:0.000133s ]
SQL: SHOW COLUMNS FROM `longhai_member` [ RunTime:0.0007s ]
SQL: SELECT * FROM `longhai_member` WHERE `m_id` = 1 LIMIT 1   [ RunTime:0.0001s ]
SQL: SELECT * FROM `longhai_member` WHERE `m_id` = 6 LIMIT 1   [ RunTime:0.0001s ]

[ 2017-07-17T16:34:42+08:00 ] 183.14.30.140 /index.php/Home//Api/getMemberAddress
INFO: [ app_init ] --START--
INFO: Run Behavior\BuildLiteBehavior [ RunTime:0.000017s ]
INFO: [ app_init ] --END-- [ RunTime:0.000116s ]
INFO: [ app_begin ] --START--
INFO: Run Behavior\ReadHtmlCacheBehavior [ RunTime:0.000086s ]
INFO: [ app_begin ] --END-- [ RunTime:0.000126s ]
SQL: SHOW COLUMNS FROM `longhai_member_address` [ RunTime:0.0007s ]
SQL: SELECT * FROM `longhai_member_address` WHERE `ma_member_id` = 6 ORDER BY ma_id desc  [ RunTime:0.0002s ]

[ 2017-07-17T16:35:23+08:00 ] 183.14.30.140 /index.php/Home//Api/getMemberAddress
INFO: [ app_init ] --START--
INFO: Run Behavior\BuildLiteBehavior [ RunTime:0.000029s ]
INFO: [ app_init ] --END-- [ RunTime:0.000137s ]
INFO: [ app_begin ] --START--
INFO: Run Behavior\ReadHtmlCacheBehavior [ RunTime:0.000082s ]
INFO: [ app_begin ] --END-- [ RunTime:0.000127s ]
SQL: SHOW COLUMNS FROM `longhai_member_address` [ RunTime:0.0010s ]
SQL: SELECT * FROM `longhai_member_address` WHERE `ma_member_id` = 6 ORDER BY ma_id desc  [ RunTime:0.0002s ]

[ 2017-07-17T16:35:37+08:00 ] 183.14.30.140 /index.php/Home//Api/getUserInfo
INFO: [ app_init ] --START--
INFO: Run Behavior\BuildLiteBehavior [ RunTime:0.000014s ]
INFO: [ app_init ] --END-- [ RunTime:0.000099s ]
INFO: [ app_begin ] --START--
INFO: Run Behavior\ReadHtmlCacheBehavior [ RunTime:0.000096s ]
INFO: [ app_begin ] --END-- [ RunTime:0.000136s ]
SQL: SHOW COLUMNS FROM `longhai_member` [ RunTime:0.0009s ]
SQL: SELECT * FROM `longhai_member` WHERE `m_id` = 1 LIMIT 1   [ RunTime:0.0002s ]
SQL: SELECT * FROM `longhai_member` WHERE `m_id` = 6 LIMIT 1   [ RunTime:0.0001s ]

[ 2017-07-17T16:35:55+08:00 ] 183.14.30.140 /index.php/Home//Api/sendMessage
INFO: [ app_init ] --START--
INFO: Run Behavior\BuildLiteBehavior [ RunTime:0.000017s ]
INFO: [ app_init ] --END-- [ RunTime:0.000126s ]
INFO: [ app_begin ] --START--
INFO: Run Behavior\ReadHtmlCacheBehavior [ RunTime:0.000067s ]
INFO: [ app_begin ] --END-- [ RunTime:0.000100s ]

[ 2017-07-17T16:36:06+08:00 ] 183.14.30.140 /index.php/Home//Api/getUserInfo
INFO: [ app_init ] --START--
INFO: Run Behavior\BuildLiteBehavior [ RunTime:0.000023s ]
INFO: [ app_init ] --END-- [ RunTime:0.000150s ]
INFO: [ app_begin ] --START--
INFO: Run Behavior\ReadHtmlCacheBehavior [ RunTime:0.000079s ]
INFO: [ app_begin ] --END-- [ RunTime:0.000125s ]
SQL: SHOW COLUMNS FROM `longhai_member` [ RunTime:0.0007s ]
SQL: SELECT * FROM `longhai_member` WHERE `m_id` = 1 LIMIT 1   [ RunTime:0.0001s ]
SQL: SELECT * FROM `longhai_member` WHERE `m_id` = 6 LIMIT 1   [ RunTime:0.0001s ]

[ 2017-07-17T16:36:25+08:00 ] 183.14.30.140 /index.php/Home//Api/getUserInfo
INFO: [ app_init ] --START--
INFO: Run Behavior\BuildLiteBehavior [ RunTime:0.000015s ]
INFO: [ app_init ] --END-- [ RunTime:0.000094s ]
INFO: [ app_begin ] --START--
INFO: Run Behavior\ReadHtmlCacheBehavior [ RunTime:0.000071s ]
INFO: [ app_begin ] --END-- [ RunTime:0.000111s ]
SQL: SHOW COLUMNS FROM `longhai_member` [ RunTime:0.0007s ]
SQL: SELECT * FROM `longhai_member` WHERE `m_id` = 1 LIMIT 1   [ RunTime:0.0001s ]
SQL: SELECT * FROM `longhai_member` WHERE `m_id` = 6 LIMIT 1   [ RunTime:0.0001s ]

[ 2017-07-17T16:36:29+08:00 ] 183.14.30.140 /index.php/Home//Api/getUserInfo
INFO: [ app_init ] --START--
INFO: Run Behavior\BuildLiteBehavior [ RunTime:0.000027s ]
INFO: [ app_init ] --END-- [ RunTime:0.000234s ]
INFO: [ app_begin ] --START--
INFO: Run Behavior\ReadHtmlCacheBehavior [ RunTime:0.000114s ]
INFO: [ app_begin ] --END-- [ RunTime:0.000171s ]
SQL: SHOW COLUMNS FROM `longhai_member` [ RunTime:0.0008s ]
SQL: SELECT * FROM `longhai_member` WHERE `m_id` = 1 LIMIT 1   [ RunTime:0.0001s ]
SQL: SELECT * FROM `longhai_member` WHERE `m_id` = 6 LIMIT 1   [ RunTime:0.0001s ]

[ 2017-07-17T16:46:46+08:00 ] 218.88.126.4 /index.php/Home//Index/getIndex
INFO: [ app_init ] --START--
INFO: Run Behavior\BuildLiteBehavior [ RunTime:0.000014s ]
INFO: [ app_init ] --END-- [ RunTime:0.000107s ]
INFO: [ app_begin ] --START--
INFO: Run Behavior\ReadHtmlCacheBehavior [ RunTime:0.000109s ]
INFO: [ app_begin ] --END-- [ RunTime:0.000178s ]
SQL: SHOW COLUMNS FROM `longhai_lecturer` [ RunTime:0.0007s ]
SQL: SELECT * FROM `longhai_lecturer` WHERE `l_del` = 0 ORDER BY l_id desc LIMIT 10   [ RunTime:0.0001s ]
SQL: SHOW COLUMNS FROM `longhai_video` [ RunTime:0.0005s ]
SQL: SELECT * FROM `longhai_video` WHERE `v_del` = 0 ORDER BY v_id desc LIMIT 10   [ RunTime:0.0001s ]

[ 2017-07-17T16:46:46+08:00 ] 218.88.126.4 /index.php/Home//Index/checkUserInfo
INFO: [ app_init ] --START--
INFO: Run Behavior\BuildLiteBehavior [ RunTime:0.000019s ]
INFO: [ app_init ] --END-- [ RunTime:0.000127s ]
INFO: [ app_begin ] --START--
INFO: Run Behavior\ReadHtmlCacheBehavior [ RunTime:0.000069s ]
INFO: [ app_begin ] --END-- [ RunTime:0.000108s ]
SQL: SHOW COLUMNS FROM `longhai_member` [ RunTime:0.0008s ]
SQL: SELECT * FROM `longhai_member` WHERE `m_openid` = 'o-9r-0PURpgHj1iIGbvQLIunuDfw' LIMIT 1   [ RunTime:0.0003s ]

[ 2017-07-17T16:46:47+08:00 ] 218.88.126.4 /index.php/Home//Api/updateUserInfo
INFO: [ app_init ] --START--
INFO: Run Behavior\BuildLiteBehavior [ RunTime:0.000046s ]
INFO: [ app_init ] --END-- [ RunTime:0.000136s ]
INFO: [ app_begin ] --START--
INFO: Run Behavior\ReadHtmlCacheBehavior [ RunTime:0.000088s ]
INFO: [ app_begin ] --END-- [ RunTime:0.000137s ]
SQL: SHOW COLUMNS FROM `longhai_member` [ RunTime:0.0009s ]
SQL: UPDATE `longhai_member` SET `m_nickname`='Katherine',`m_avatarurl`='https://wx.qlogo.cn/mmopen/vi_32/BfwsrYQVhMRxm8W7VCTWUsQ1vBXSoLcvlgPib22DENlnEONziaTLp3T8oKYvibicjg3pelo7zCnfVCVkvP6SQTxwRQ/0' WHERE `m_id` = 4 [ RunTime:0.0002s ]

[ 2017-07-17T17:07:23+08:00 ] 171.221.105.58 /index.php/Home//Index/getIndex
INFO: [ app_init ] --START--
INFO: Run Behavior\BuildLiteBehavior [ RunTime:0.000019s ]
INFO: [ app_init ] --END-- [ RunTime:0.000132s ]
INFO: [ app_begin ] --START--
INFO: Run Behavior\ReadHtmlCacheBehavior [ RunTime:0.000111s ]
INFO: [ app_begin ] --END-- [ RunTime:0.000165s ]
SQL: SHOW COLUMNS FROM `longhai_lecturer` [ RunTime:0.0008s ]
SQL: SELECT * FROM `longhai_lecturer` WHERE `l_del` = 0 ORDER BY l_id desc LIMIT 10   [ RunTime:0.0001s ]
SQL: SHOW COLUMNS FROM `longhai_video` [ RunTime:0.0006s ]
SQL: SELECT * FROM `longhai_video` WHERE `v_del` = 0 ORDER BY v_id desc LIMIT 10   [ RunTime:0.0001s ]

[ 2017-07-17T17:07:24+08:00 ] 171.221.105.58 /index.php/Home//Index/checkUserInfo
INFO: [ app_init ] --START--
INFO: Run Behavior\BuildLiteBehavior [ RunTime:0.000018s ]
INFO: [ app_init ] --END-- [ RunTime:0.000147s ]
INFO: [ app_begin ] --START--
INFO: Run Behavior\ReadHtmlCacheBehavior [ RunTime:0.000090s ]
INFO: [ app_begin ] --END-- [ RunTime:0.000139s ]
SQL: SHOW COLUMNS FROM `longhai_member` [ RunTime:0.0009s ]
SQL: SELECT * FROM `longhai_member` WHERE `m_openid` = 'o-9r-0Eh4VvewOSY4za1RWyR3jOE' LIMIT 1   [ RunTime:0.0003s ]
SQL: INSERT INTO `longhai_member` (`m_openid`,`m_addtime`) VALUES ('o-9r-0Eh4VvewOSY4za1RWyR3jOE','1500282444') [ RunTime:0.0002s ]

[ 2017-07-17T17:07:30+08:00 ] 171.221.105.58 /index.php/Home//Index/getIndex
INFO: [ app_init ] --START--
INFO: Run Behavior\BuildLiteBehavior [ RunTime:0.000016s ]
INFO: [ app_init ] --END-- [ RunTime:0.000114s ]
INFO: [ app_begin ] --START--
INFO: Run Behavior\ReadHtmlCacheBehavior [ RunTime:0.000106s ]
INFO: [ app_begin ] --END-- [ RunTime:0.000155s ]
SQL: SHOW COLUMNS FROM `longhai_lecturer` [ RunTime:0.0009s ]
SQL: SELECT * FROM `longhai_lecturer` WHERE `l_del` = 0 ORDER BY l_id desc LIMIT 10   [ RunTime:0.0001s ]
SQL: SHOW COLUMNS FROM `longhai_video` [ RunTime:0.0007s ]
SQL: SELECT * FROM `longhai_video` WHERE `v_del` = 0 ORDER BY v_id desc LIMIT 10   [ RunTime:0.0001s ]

[ 2017-07-17T17:07:39+08:00 ] 171.221.105.58 /index.php/Home//Api/getVideo
INFO: [ app_init ] --START--
INFO: Run Behavior\BuildLiteBehavior [ RunTime:0.000017s ]
INFO: [ app_init ] --END-- [ RunTime:0.000108s ]
INFO: [ app_begin ] --START--
INFO: Run Behavior\ReadHtmlCacheBehavior [ RunTime:0.000088s ]
INFO: [ app_begin ] --END-- [ RunTime:0.000135s ]
SQL: SHOW COLUMNS FROM `longhai_video` [ RunTime:0.0007s ]
SQL: SELECT * FROM `longhai_video` WHERE `v_del` = 0 AND `v_type_id` = 1 ORDER BY v_id desc LIMIT 0,20   [ RunTime:0.0001s ]
SQL: SELECT COUNT(*) AS tp_count FROM `longhai_video` WHERE `v_del` = 0 AND `v_type_id` = 1 LIMIT 1   [ RunTime:0.0001s ]

[ 2017-07-17T17:07:43+08:00 ] 171.221.105.58 /index.php/Home//Index/getAbout
INFO: [ app_init ] --START--
INFO: Run Behavior\BuildLiteBehavior [ RunTime:0.000019s ]
INFO: [ app_init ] --END-- [ RunTime:0.000131s ]
INFO: [ app_begin ] --START--
INFO: Run Behavior\ReadHtmlCacheBehavior [ RunTime:0.000074s ]
INFO: [ app_begin ] --END-- [ RunTime:0.000117s ]
SQL: SHOW COLUMNS FROM `longhai_about` [ RunTime:0.0007s ]
SQL: SELECT * FROM `longhai_about` WHERE `a_id` = 1 LIMIT 1   [ RunTime:0.0001s ]

[ 2017-07-17T17:07:51+08:00 ] 171.221.105.58 /index.php/Home//Index/getIndex
INFO: [ app_init ] --START--
INFO: Run Behavior\BuildLiteBehavior [ RunTime:0.000019s ]
INFO: [ app_init ] --END-- [ RunTime:0.000112s ]
INFO: [ app_begin ] --START--
INFO: Run Behavior\ReadHtmlCacheBehavior [ RunTime:0.000107s ]
INFO: [ app_begin ] --END-- [ RunTime:0.000176s ]
SQL: SHOW COLUMNS FROM `longhai_lecturer` [ RunTime:0.0010s ]
SQL: SELECT * FROM `longhai_lecturer` WHERE `l_del` = 0 ORDER BY l_id desc LIMIT 10   [ RunTime:0.0001s ]
SQL: SHOW COLUMNS FROM `longhai_video` [ RunTime:0.0009s ]
SQL: SELECT * FROM `longhai_video` WHERE `v_del` = 0 ORDER BY v_id desc LIMIT 10   [ RunTime:0.0001s ]

[ 2017-07-17T17:08:49+08:00 ] 171.221.105.58 /index.php/Home//Api/getUserInfo
INFO: [ app_init ] --START--
INFO: Run Behavior\BuildLiteBehavior [ RunTime:0.000014s ]
INFO: [ app_init ] --END-- [ RunTime:0.000094s ]
INFO: [ app_begin ] --START--
INFO: Run Behavior\ReadHtmlCacheBehavior [ RunTime:0.000092s ]
INFO: [ app_begin ] --END-- [ RunTime:0.000144s ]
SQL: SHOW COLUMNS FROM `longhai_member` [ RunTime:0.0006s ]
SQL: SELECT * FROM `longhai_member` WHERE `m_id` = 1 LIMIT 1   [ RunTime:0.0002s ]
SQL: SELECT * FROM `longhai_member` WHERE `m_id` = 7 LIMIT 1   [ RunTime:0.0001s ]

[ 2017-07-17T17:08:56+08:00 ] 171.221.105.58 /index.php/Home//Api/getUserInfo
INFO: [ app_init ] --START--
INFO: Run Behavior\BuildLiteBehavior [ RunTime:0.000016s ]
INFO: [ app_init ] --END-- [ RunTime:0.000108s ]
INFO: [ app_begin ] --START--
INFO: Run Behavior\ReadHtmlCacheBehavior [ RunTime:0.000087s ]
INFO: [ app_begin ] --END-- [ RunTime:0.000135s ]
SQL: SHOW COLUMNS FROM `longhai_member` [ RunTime:0.0008s ]
SQL: SELECT * FROM `longhai_member` WHERE `m_id` = 1 LIMIT 1   [ RunTime:0.0001s ]
SQL: SELECT * FROM `longhai_member` WHERE `m_id` = 7 LIMIT 1   [ RunTime:0.0001s ]

[ 2017-07-17T17:09:00+08:00 ] 171.221.105.58 /index.php/Home//Api/getLecturerDetail
INFO: [ app_init ] --START--
INFO: Run Behavior\BuildLiteBehavior [ RunTime:0.000014s ]
INFO: [ app_init ] --END-- [ RunTime:0.000086s ]
INFO: [ app_begin ] --START--
INFO: Run Behavior\ReadHtmlCacheBehavior [ RunTime:0.000092s ]
INFO: [ app_begin ] --END-- [ RunTime:0.000146s ]
SQL: SHOW COLUMNS FROM `longhai_lecturer` [ RunTime:0.0009s ]
SQL: SELECT * FROM `longhai_lecturer` WHERE `l_id` = 3 LIMIT 1   [ RunTime:0.0002s ]

[ 2017-07-17T17:09:03+08:00 ] 171.221.105.58 /index.php/Home//Api/getUserInfo
INFO: [ app_init ] --START--
INFO: Run Behavior\BuildLiteBehavior [ RunTime:0.000014s ]
INFO: [ app_init ] --END-- [ RunTime:0.000160s ]
INFO: [ app_begin ] --START--
INFO: Run Behavior\ReadHtmlCacheBehavior [ RunTime:0.000065s ]
INFO: [ app_begin ] --END-- [ RunTime:0.000103s ]
SQL: SHOW COLUMNS FROM `longhai_member` [ RunTime:0.0008s ]
SQL: SELECT * FROM `longhai_member` WHERE `m_id` = 1 LIMIT 1   [ RunTime:0.0001s ]
SQL: SELECT * FROM `longhai_member` WHERE `m_id` = 7 LIMIT 1   [ RunTime:0.0001s ]

[ 2017-07-17T18:17:45+08:00 ] 216.218.206.67 /
INFO: [ app_init ] --START--
INFO: Run Behavior\BuildLiteBehavior [ RunTime:0.000020s ]
INFO: [ app_init ] --END-- [ RunTime:0.000154s ]
INFO: [ app_begin ] --START--
INFO: Run Behavior\ReadHtmlCacheBehavior [ RunTime:0.000141s ]
INFO: [ app_begin ] --END-- [ RunTime:0.000208s ]
ERR: 非法操作:index

[ 2017-07-17T20:20:15+08:00 ] 14.215.176.139 /
INFO: [ app_init ] --START--
INFO: Run Behavior\BuildLiteBehavior [ RunTime:0.000014s ]
INFO: [ app_init ] --END-- [ RunTime:0.000157s ]
INFO: [ app_begin ] --START--
INFO: Run Behavior\ReadHtmlCacheBehavior [ RunTime:0.000080s ]
INFO: [ app_begin ] --END-- [ RunTime:0.000119s ]
ERR: 非法操作:index

