[ 2017-07-05T16:49:39+08:00 ] 113.233.31.70 /index.php/Home/Api/http://test.jinyaoweb.com/index.php/Home/Api/
INFO: [ app_init ] --START--
INFO: Run Behavior\BuildLiteBehavior [ RunTime:0.000016s ]
INFO: [ app_init ] --END-- [ RunTime:0.000106s ]
ERR: Êó†Ê≥ïÂä†ËΩΩÊ®°Âùó:¥

[ 2017-07-05T16:49:41+08:00 ] 113.233.31.70 /index.php/Home/Api/http://test.jinyaoweb.com/index.php/Home/Api/
INFO: [ app_init ] --START--
INFO: Run Behavior\BuildLiteBehavior [ RunTime:0.000011s ]
INFO: [ app_init ] --END-- [ RunTime:0.000083s ]
ERR: Êó†Ê≥ïÂä†ËΩΩÊ®°Âùó:¥

[ 2017-07-05T16:50:20+08:00 ] 113.233.31.70 /index.php/Home/Api/http://test.jinyaoweb.com/index.php/Home/Api/
INFO: [ app_init ] --START--
INFO: Run Behavior\BuildLiteBehavior [ RunTime:0.000012s ]
INFO: [ app_init ] --END-- [ RunTime:0.000089s ]
ERR: Êó†Ê≥ïÂä†ËΩΩÊ®°Âùó:¥

[ 2017-07-05T16:50:51+08:00 ] 113.233.31.70 /index.php/Home/Api/http://test.jinyaoweb.com/index.php/Home/Api/
INFO: [ app_init ] --START--
INFO: Run Behavior\BuildLiteBehavior [ RunTime:0.000012s ]
INFO: [ app_init ] --END-- [ RunTime:0.000094s ]
ERR: Êó†Ê≥ïÂä†ËΩΩÊ®°Âùó:¥

